2024-06-20 15:46:00,413 - Inicio do sorteio
2024-06-20 15:46:00,413 - Turma: Informática para Iniciantes e Melhor Idade - Ter e Qui - 08:40 - 10:40
2024-06-20 15:46:00,413 - Fim da turma.
2024-06-20 15:46:00,413 - 
2024-06-20 15:46:00,413 - 
2024-06-20 15:46:00,413 - 
2024-06-20 15:46:00,413 - 
2024-06-20 15:46:00,413 - 
2024-06-20 15:46:00,413 - Turma: Informática para Iniciantes e Melhor Idade - Ter e Qui - 14:00 - 16:00
2024-06-20 15:46:00,413 - Fim da turma.
2024-06-20 15:46:00,413 - 
2024-06-20 15:46:00,413 - 
2024-06-20 15:46:00,413 - 
2024-06-20 15:46:00,413 - 
2024-06-20 15:46:00,413 - 
2024-06-20 15:46:00,413 - Turma: Informática para Iniciantes e Melhor Idade - Ter e Qui - 16:00 - 18:20
2024-06-20 15:46:00,413 - Fim da turma.
2024-06-20 15:46:00,413 - 
2024-06-20 15:46:00,413 - 
2024-06-20 15:46:00,413 - 
2024-06-20 15:46:00,413 - 
2024-06-20 15:46:00,413 - 
2024-06-20 15:46:00,413 - Turma: Informática para Iniciantes e Melhor Idade - Ter e Qui - 18:30 - 20:30
2024-06-20 15:46:00,425 - Fim da turma.
2024-06-20 15:46:00,425 - 
2024-06-20 15:46:00,425 - 
2024-06-20 15:46:00,425 - 
2024-06-20 15:46:00,425 - 
2024-06-20 15:46:00,425 - 
2024-06-20 15:46:00,425 - Turma: Informática para Iniciantes e Melhor Idade - Qua e Sex - 10:50 - 12:50
2024-06-20 15:46:00,425 - A - Ampla concorrência
2024-06-20 15:46:00,425 - Fim da turma.
2024-06-20 15:46:00,425 - 
2024-06-20 15:46:00,425 - 
2024-06-20 15:46:00,425 - 
2024-06-20 15:46:00,425 - 
2024-06-20 15:46:00,425 - 
2024-06-20 15:46:00,425 - Turma: Informática para Iniciantes e Melhor Idade - Qua e Sex - 16:10 - 18:10
2024-06-20 15:46:00,425 - Fim da turma.
2024-06-20 15:46:00,425 - 
2024-06-20 15:46:00,425 - 
2024-06-20 15:46:00,425 - 
2024-06-20 15:46:00,425 - 
2024-06-20 15:46:00,425 - 
2024-06-20 15:46:00,425 - Turma: Informática para Iniciantes e Melhor Idade - Qua e Sex - 18:20 - 20:20
2024-06-20 15:46:00,425 - Fim da turma.
2024-06-20 15:46:00,425 - 
2024-06-20 15:46:00,425 - 
2024-06-20 15:46:00,425 - 
2024-06-20 15:46:00,425 - 
2024-06-20 15:46:00,425 - 
2024-06-20 15:46:00,425 - Turma: Informática Básica - Ter e Qui - 10:30 - 12:30
2024-06-20 15:46:00,425 - Fim da turma.
2024-06-20 15:46:00,425 - 
2024-06-20 15:46:00,425 - 
2024-06-20 15:46:00,425 - 
2024-06-20 15:46:00,425 - 
2024-06-20 15:46:00,425 - 
2024-06-20 15:46:00,425 - Turma: Informática Básica - Ter e Qui - 10:50 - 12:50
2024-06-20 15:46:00,425 - Fim da turma.
2024-06-20 15:46:00,425 - 
2024-06-20 15:46:00,425 - 
2024-06-20 15:46:00,441 - 
2024-06-20 15:46:00,441 - 
2024-06-20 15:46:00,441 - 
2024-06-20 15:46:00,441 - Turma: Informática Básica - Ter e Qui - 16:10 - 18:10
2024-06-20 15:46:00,441 - Fim da turma.
2024-06-20 15:46:00,441 - 
2024-06-20 15:46:00,441 - 
2024-06-20 15:46:00,441 - 
2024-06-20 15:46:00,441 - 
2024-06-20 15:46:00,441 - 
2024-06-20 15:46:00,441 - Turma: Informática Básica - Ter e Qui - 18:20 - 20:20
2024-06-20 15:46:00,441 - Fim da turma.
2024-06-20 15:46:00,441 - 
2024-06-20 15:46:00,441 - 
2024-06-20 15:46:00,441 - 
2024-06-20 15:46:00,441 - 
2024-06-20 15:46:00,441 - 
2024-06-20 15:46:00,441 - Turma: Informática Básica - Qua e Sex - 08:40 - 10:40
2024-06-20 15:46:00,441 - Fim da turma.
2024-06-20 15:46:00,441 - 
2024-06-20 15:46:00,441 - 
2024-06-20 15:46:00,441 - 
2024-06-20 15:46:00,441 - 
2024-06-20 15:46:00,441 - 
2024-06-20 15:46:00,441 - Turma: Informática Básica - Qua e Sex - 14:00 - 16:00
2024-06-20 15:46:00,441 - Fim da turma.
2024-06-20 15:46:00,441 - 
2024-06-20 15:46:00,441 - 
2024-06-20 15:46:00,441 - 
2024-06-20 15:46:00,441 - 
2024-06-20 15:46:00,441 - 
2024-06-20 15:46:00,441 - Turma: Excel Intermediário - Seg e Qua - 08:40 - 10:40
2024-06-20 15:46:00,441 - Fim da turma.
2024-06-20 15:46:00,441 - 
2024-06-20 15:46:00,441 - 
2024-06-20 15:46:00,441 - 
2024-06-20 15:46:00,441 - 
2024-06-20 15:46:00,441 - 
2024-06-20 15:46:00,441 - Turma: Excel Intermediário - Seg e Qua - 14:10 - 16:10
2024-06-20 15:46:00,441 - Fim da turma.
2024-06-20 15:46:00,441 - 
2024-06-20 15:46:00,441 - 
2024-06-20 15:46:00,441 - 
2024-06-20 15:46:00,441 - 
2024-06-20 15:46:00,441 - 
2024-06-20 15:46:00,441 - Turma: Excel Intermediário - Seg e Qua - 16:20 - 18:20
2024-06-20 15:46:00,441 - Fim da turma.
2024-06-20 15:46:00,441 - 
2024-06-20 15:46:00,441 - 
2024-06-20 15:46:00,441 - 
2024-06-20 15:46:00,441 - 
2024-06-20 15:46:00,441 - 
2024-06-20 15:46:00,441 - Turma: Excel Intermediário - Seg e Qua - 18:30 - 20:30
2024-06-20 15:46:00,441 - Fim da turma.
2024-06-20 15:46:00,441 - 
2024-06-20 15:46:00,441 - 
2024-06-20 15:46:00,441 - 
2024-06-20 15:46:00,441 - 
2024-06-20 15:46:00,441 - 
2024-06-20 15:46:00,441 - Turma: Excel Avançado - Seg e Qua - 10:50 - 13:10
2024-06-20 15:46:00,441 - Fim da turma.
2024-06-20 15:46:00,441 - 
2024-06-20 15:46:00,441 - 
2024-06-20 15:46:00,441 - 
2024-06-20 15:46:00,441 - 
2024-06-20 15:46:00,441 - 
2024-06-20 15:46:00,441 - Turma: Excel Avançado - Ter e Qui - 13:30 - 15:20
2024-06-20 15:46:00,441 - Fim da turma.
2024-06-20 15:46:00,441 - 
2024-06-20 15:46:00,441 - 
2024-06-20 15:46:00,441 - 
2024-06-20 15:46:00,441 - 
2024-06-20 15:46:00,441 - 
2024-06-20 15:46:00,441 - Turma: Montagem e Manutenção de Computadores - Seg e Qua - 08:40 - 10:40
2024-06-20 15:46:00,456 - Fim da turma.
2024-06-20 15:46:00,456 - 
2024-06-20 15:46:00,456 - 
2024-06-20 15:46:00,456 - 
2024-06-20 15:46:00,456 - 
2024-06-20 15:46:00,456 - 
2024-06-20 15:46:00,456 - Turma: Montagem e Manutenção de Computadores - Seg e Qua - 10:50 - 12:50
2024-06-20 15:46:00,456 - Fim da turma.
2024-06-20 15:46:00,456 - 
2024-06-20 15:46:00,456 - 
2024-06-20 15:46:00,456 - 
2024-06-20 15:46:00,456 - 
2024-06-20 15:46:00,456 - 
2024-06-20 15:46:00,456 - Turma: Montagem e Manutenção de Computadores - Seg e Qua - 14:00 - 16:00
2024-06-20 15:46:00,456 - Fim da turma.
2024-06-20 15:46:00,456 - 
2024-06-20 15:46:00,456 - 
2024-06-20 15:46:00,456 - 
2024-06-20 15:46:00,456 - 
2024-06-20 15:46:00,456 - 
2024-06-20 15:46:00,456 - Turma: Montagem e Manutenção de Computadores - Seg e Qua - 16:10 - 18:10
2024-06-20 15:46:00,456 - Fim da turma.
2024-06-20 15:46:00,456 - 
2024-06-20 15:46:00,456 - 
2024-06-20 15:46:00,456 - 
2024-06-20 15:46:00,456 - 
2024-06-20 15:46:00,456 - 
2024-06-20 15:46:00,456 - Turma: Montagem e Manutenção de Computadores - Seg e Qua - 18:20 - 20:20
2024-06-20 15:46:00,456 - Fim da turma.
2024-06-20 15:46:00,456 - 
2024-06-20 15:46:00,456 - 
2024-06-20 15:46:00,456 - 
2024-06-20 15:46:00,456 - 
2024-06-20 15:46:00,456 - 
2024-06-20 15:46:00,456 - Turma: Montagem e Manutenção de Computadores - Ter e Qui - 08:40 - 10:40
2024-06-20 15:46:00,456 - Fim da turma.
2024-06-20 15:46:00,456 - 
2024-06-20 15:46:00,456 - 
2024-06-20 15:46:00,456 - 
2024-06-20 15:46:00,456 - 
2024-06-20 15:46:00,456 - 
2024-06-20 15:46:00,456 - Turma: Montagem e Manutenção de Computadores - Ter e Qui - 10:50 - 12:50
2024-06-20 15:46:00,456 - Fim da turma.
2024-06-20 15:46:00,456 - 
2024-06-20 15:46:00,456 - 
2024-06-20 15:46:00,456 - 
2024-06-20 15:46:00,456 - 
2024-06-20 15:46:00,456 - 
2024-06-20 15:46:00,456 - Turma: Montagem e Manutenção de Computadores - Ter e Qui - 14:00 - 16:00
2024-06-20 15:46:00,456 - Fim da turma.
2024-06-20 15:46:00,456 - 
2024-06-20 15:46:00,456 - 
2024-06-20 15:46:00,456 - 
2024-06-20 15:46:00,456 - 
2024-06-20 15:46:00,456 - 
2024-06-20 15:46:00,456 - Turma: Montagem e Manutenção de Computadores - Ter e Qui - 16:10 - 18:10
2024-06-20 15:46:00,456 - Fim da turma.
2024-06-20 15:46:00,456 - 
2024-06-20 15:46:00,456 - 
2024-06-20 15:46:00,456 - 
2024-06-20 15:46:00,456 - 
2024-06-20 15:46:00,456 - 
2024-06-20 15:46:00,456 - Turma: Robótica e Automação: Módulo 01 - Seg e Qua - 08:40 - 10:40
2024-06-20 15:46:00,456 - Fim da turma.
2024-06-20 15:46:00,456 - 
2024-06-20 15:46:00,456 - 
2024-06-20 15:46:00,456 - 
2024-06-20 15:46:00,456 - 
2024-06-20 15:46:00,456 - 
2024-06-20 15:46:00,456 - Turma: Robótica e Automação: Módulo 01 - Seg e Qua - 14:00 - 16:00
2024-06-20 15:46:00,472 - Fim da turma.
2024-06-20 15:46:00,472 - 
2024-06-20 15:46:00,472 - 
2024-06-20 15:46:00,472 - 
2024-06-20 15:46:00,472 - 
2024-06-20 15:46:00,472 - 
2024-06-20 15:46:00,472 - Turma: Robótica e Automação: Módulo 01 - Ter e Qui - 10:50 - 12:50
2024-06-20 15:46:00,472 - Fim da turma.
2024-06-20 15:46:00,472 - 
2024-06-20 15:46:00,472 - 
2024-06-20 15:46:00,472 - 
2024-06-20 15:46:00,472 - 
2024-06-20 15:46:00,472 - 
2024-06-20 15:46:00,472 - Turma: Robótica e Automação: Módulo 01 - Ter e Qui - 16:10 - 18:10
2024-06-20 15:46:00,472 - Fim da turma.
2024-06-20 15:46:00,472 - 
2024-06-20 15:46:00,472 - 
2024-06-20 15:46:00,472 - 
2024-06-20 15:46:00,472 - 
2024-06-20 15:46:00,472 - 
2024-06-20 15:46:00,472 - Turma: Robótica e Automação: Módulo 02 - Seg e Qua - 10:50 - 12:50
2024-06-20 15:46:00,472 - Fim da turma.
2024-06-20 15:46:00,472 - 
2024-06-20 15:46:00,472 - 
2024-06-20 15:46:00,472 - 
2024-06-20 15:46:00,472 - 
2024-06-20 15:46:00,472 - 
2024-06-20 15:46:00,472 - Turma: Robótica e Automação: Módulo 02 - Seg e Qua - 16:10 - 18:10
2024-06-20 15:46:00,472 - Fim da turma.
2024-06-20 15:46:00,472 - 
2024-06-20 15:46:00,472 - 
2024-06-20 15:46:00,472 - 
2024-06-20 15:46:00,472 - 
2024-06-20 15:46:00,472 - 
2024-06-20 15:46:00,472 - Turma: Robótica e Automação: Módulo 02 - Ter e Qui - 14:00 - 16:00
2024-06-20 15:46:00,472 - Fim da turma.
2024-06-20 15:46:00,472 - 
2024-06-20 15:46:00,472 - 
2024-06-20 15:46:00,472 - 
2024-06-20 15:46:00,472 - 
2024-06-20 15:46:00,472 - 
2024-06-20 15:46:00,472 - Turma: Robótica e Automação: Módulo 02 - Ter e Qui - 18:20 - 20:20
2024-06-20 15:46:00,472 - Fim da turma.
2024-06-20 15:46:00,472 - 
2024-06-20 15:46:00,472 - 
2024-06-20 15:46:00,472 - 
2024-06-20 15:46:00,472 - 
2024-06-20 15:46:00,472 - 
2024-06-20 15:46:00,472 - Turma: Robótica e Automação: Módulo 03 - Seg e Qua - 18:20 - 20:20
2024-06-20 15:46:00,472 - Fim da turma.
2024-06-20 15:46:00,472 - 
2024-06-20 15:46:00,472 - 
2024-06-20 15:46:00,472 - 
2024-06-20 15:46:00,472 - 
2024-06-20 15:46:00,472 - 
2024-06-20 15:46:00,472 - Turma: Robótica e Automação: Módulo 03 - Ter e Qui - 08:40 - 10:40
2024-06-20 15:46:00,472 - Fim da turma.
2024-06-20 15:46:00,472 - 
2024-06-20 15:46:00,472 - 
2024-06-20 15:46:00,472 - 
2024-06-20 15:46:00,472 - 
2024-06-20 15:46:00,472 - 
2024-06-20 15:46:00,472 - Turma: Design e Modelagem 3D: Módulo 01 - Ter e Qui - 08:40 - 09:50
2024-06-20 15:46:00,472 - Fim da turma.
2024-06-20 15:46:00,472 - 
2024-06-20 15:46:00,472 - 
2024-06-20 15:46:00,472 - 
2024-06-20 15:46:00,472 - 
2024-06-20 15:46:00,472 - 
2024-06-20 15:46:00,472 - Turma: Design e Modelagem 3D: Módulo 01 - Ter e Qui - 13:20 - 14:30
2024-06-20 15:46:00,488 - Fim da turma.
2024-06-20 15:46:00,488 - 
2024-06-20 15:46:00,488 - 
2024-06-20 15:46:00,488 - 
2024-06-20 15:46:00,488 - 
2024-06-20 15:46:00,488 - 
2024-06-20 15:46:00,488 - Turma: Design e Modelagem 3D: Módulo 01 - Ter e Qui - 17:00 - 18:10
2024-06-20 15:46:00,488 - Fim da turma.
2024-06-20 15:46:00,488 - 
2024-06-20 15:46:00,488 - 
2024-06-20 15:46:00,488 - 
2024-06-20 15:46:00,488 - 
2024-06-20 15:46:00,488 - 
2024-06-20 15:46:00,488 - Turma: Design e Modelagem 3D: Módulo 01 - Qua e Sex - 11:00 - 12:10
2024-06-20 15:46:00,488 - Fim da turma.
2024-06-20 15:46:00,488 - 
2024-06-20 15:46:00,488 - 
2024-06-20 15:46:00,488 - 
2024-06-20 15:46:00,488 - 
2024-06-20 15:46:00,488 - 
2024-06-20 15:46:00,488 - Turma: Design e Modelagem 3D: Módulo 01 - Qua e Sex - 13:10 - 14:20
2024-06-20 15:46:00,488 - Fim da turma.
2024-06-20 15:46:00,488 - 
2024-06-20 15:46:00,488 - 
2024-06-20 15:46:00,488 - 
2024-06-20 15:46:00,488 - 
2024-06-20 15:46:00,488 - 
2024-06-20 15:46:00,488 - Turma: Design e Modelagem 3D: Módulo 02 - Ter e Qui - 10:00 - 12:10
2024-06-20 15:46:00,488 - Fim da turma.
2024-06-20 15:46:00,488 - 
2024-06-20 15:46:00,488 - 
2024-06-20 15:46:00,488 - 
2024-06-20 15:46:00,488 - 
2024-06-20 15:46:00,488 - 
2024-06-20 15:46:00,488 - Turma: Design e Modelagem 3D: Módulo 02 - Ter e Qui - 14:40 - 16:50
2024-06-20 15:46:00,488 - Fim da turma.
2024-06-20 15:46:00,488 - 
2024-06-20 15:46:00,488 - 
2024-06-20 15:46:00,488 - 
2024-06-20 15:46:00,488 - 
2024-06-20 15:46:00,488 - 
2024-06-20 15:46:00,488 - Turma: Design e Modelagem 3D: Módulo 02 - Ter e Qui - 18:20 - 20:30
2024-06-20 15:46:00,488 - Fim da turma.
2024-06-20 15:46:00,488 - 
2024-06-20 15:46:00,488 - 
2024-06-20 15:46:00,488 - 
2024-06-20 15:46:00,488 - 
2024-06-20 15:46:00,488 - 
2024-06-20 15:46:00,488 - Turma: Design e Modelagem 3D: Módulo 02 - Qua e Sex - 08:40 - 10:50
2024-06-20 15:46:00,488 - Fim da turma.
2024-06-20 15:46:00,488 - 
2024-06-20 15:46:00,488 - 
2024-06-20 15:46:00,488 - 
2024-06-20 15:46:00,488 - 
2024-06-20 15:46:00,488 - 
2024-06-20 15:46:00,488 - Turma: Design e Modelagem 3D: Módulo 02 - Qua e Sex - 14:30 - 16:40
2024-06-20 15:46:00,488 - Fim da turma.
2024-06-20 15:46:00,488 - 
2024-06-20 15:46:00,488 - 
2024-06-20 15:46:00,488 - 
2024-06-20 15:46:00,488 - 
2024-06-20 15:46:00,488 - 
2024-06-20 15:46:00,488 - Turma: Gestão de Pessoas - Terça - 13:00 - 16:00
2024-06-20 15:46:00,488 - Fim da turma.
2024-06-20 15:46:00,488 - 
2024-06-20 15:46:00,488 - 
2024-06-20 15:46:00,488 - 
2024-06-20 15:46:00,488 - 
2024-06-20 15:46:00,488 - 
2024-06-20 15:46:00,488 - Turma: Gestão de Pessoas - Quinta - 09:00 - 12:00
2024-06-20 15:46:00,503 - Fim da turma.
2024-06-20 15:46:00,503 - 
2024-06-20 15:46:00,503 - 
2024-06-20 15:46:00,503 - 
2024-06-20 15:46:00,503 - 
2024-06-20 15:46:00,503 - 
2024-06-20 15:46:00,503 - Turma: Gestão de Pessoas - Quinta - 17:30 - 20:30
2024-06-20 15:46:00,503 - Fim da turma.
2024-06-20 15:46:00,503 - 
2024-06-20 15:46:00,503 - 
2024-06-20 15:46:00,503 - 
2024-06-20 15:46:00,503 - 
2024-06-20 15:46:00,503 - 
2024-06-20 15:46:00,503 - Turma: Gestão de Pessoas - Sexta - 13:00 - 16:00
2024-06-20 15:46:00,503 - Fim da turma.
2024-06-20 15:46:00,503 - 
2024-06-20 15:46:00,503 - 
2024-06-20 15:46:00,503 - 
2024-06-20 15:46:00,503 - 
2024-06-20 15:46:00,503 - 
2024-06-20 15:46:00,503 - Turma: Educação Financeira - Terça - 09:00 - 12:00
2024-06-20 15:46:00,503 - Fim da turma.
2024-06-20 15:46:00,503 - 
2024-06-20 15:46:00,503 - 
2024-06-20 15:46:00,503 - 
2024-06-20 15:46:00,503 - 
2024-06-20 15:46:00,503 - 
2024-06-20 15:46:00,503 - Turma: Educação Financeira - Terça - 17:30 - 20:30
2024-06-20 15:46:00,503 - Fim da turma.
2024-06-20 15:46:00,503 - 
2024-06-20 15:46:00,503 - 
2024-06-20 15:46:00,503 - 
2024-06-20 15:46:00,503 - 
2024-06-20 15:46:00,503 - 
2024-06-20 15:46:00,503 - Turma: Educação Financeira - Quinta - 13:00 - 16:00
2024-06-20 15:46:00,503 - Fim da turma.
2024-06-20 15:46:00,503 - 
2024-06-20 15:46:00,503 - 
2024-06-20 15:46:00,503 - 
2024-06-20 15:46:00,503 - 
2024-06-20 15:46:00,503 - 
2024-06-20 15:46:00,503 - Turma: Educação Financeira - Sexta - 09:00 - 12:00
2024-06-20 15:46:00,503 - Fim da turma.
2024-06-20 15:46:00,503 - 
2024-06-20 15:46:00,503 - 
2024-06-20 15:46:00,503 - 
2024-06-20 15:46:00,503 - 
2024-06-20 15:46:00,503 - 
2024-06-20 15:46:00,503 - Turma: Marketing Digital - Segunda - 09:00 - 12:00
2024-06-20 15:46:00,503 - Fim da turma.
2024-06-20 15:46:00,503 - 
2024-06-20 15:46:00,503 - 
2024-06-20 15:46:00,503 - 
2024-06-20 15:46:00,503 - 
2024-06-20 15:46:00,503 - 
2024-06-20 15:46:00,503 - Turma: Marketing Digital - Segunda - 17:30 - 20:30
2024-06-20 15:46:00,503 - Fim da turma.
2024-06-20 15:46:00,503 - 
2024-06-20 15:46:00,503 - 
2024-06-20 15:46:00,503 - 
2024-06-20 15:46:00,503 - 
2024-06-20 15:46:00,503 - 
2024-06-20 15:46:00,503 - Turma: Marketing Digital - Quarta - 13:00 - 16:00
2024-06-20 15:46:00,503 - Fim da turma.
2024-06-20 15:46:00,503 - 
2024-06-20 15:46:00,503 - 
2024-06-20 15:46:00,503 - 
2024-06-20 15:46:00,503 - 
2024-06-20 15:46:00,503 - 
2024-06-20 15:46:00,503 - Turma: Marketing Digital - Sexta - 17:30 - 20:30
2024-06-20 15:46:00,519 - Fim da turma.
2024-06-20 15:46:00,519 - 
2024-06-20 15:46:00,519 - 
2024-06-20 15:46:00,519 - 
2024-06-20 15:46:00,519 - 
2024-06-20 15:46:00,519 - 
2024-06-20 15:46:00,519 - Turma: Marketing Empreendedor - Segunda - 13:00 - 16:00
2024-06-20 15:46:00,519 - Fim da turma.
2024-06-20 15:46:00,519 - 
2024-06-20 15:46:00,519 - 
2024-06-20 15:46:00,519 - 
2024-06-20 15:46:00,519 - 
2024-06-20 15:46:00,519 - 
2024-06-20 15:46:00,519 - Turma: Marketing Empreendedor - Quarta - 09:00 - 12:00
2024-06-20 15:46:00,519 - Fim da turma.
2024-06-20 15:46:00,519 - 
2024-06-20 15:46:00,519 - 
2024-06-20 15:46:00,519 - 
2024-06-20 15:46:00,519 - 
2024-06-20 15:46:00,519 - 
2024-06-20 15:46:00,519 - Turma: Marketing Empreendedor - Quarta - 17:30 - 20:30
2024-06-20 15:46:00,519 - Fim da turma.
2024-06-20 15:46:00,519 - 
2024-06-20 15:46:00,519 - 
2024-06-20 15:46:00,519 - 
2024-06-20 15:46:00,519 - 
2024-06-20 15:46:00,519 - 
2024-06-20 15:46:00,519 - Turma: Marketing Empreendedor - Sexta - 13:00 - 16:00
2024-06-20 15:46:00,519 - Fim da turma.
2024-06-20 15:46:00,519 - 
2024-06-20 15:46:00,519 - 
2024-06-20 15:46:00,519 - 
2024-06-20 15:46:00,519 - 
2024-06-20 15:46:00,519 - 
2024-06-20 15:46:00,519 - Fim do sorteio
2024-06-20 17:22:53,360 - Inicio do sorteio
2024-06-20 17:22:53,360 - Turma: Informática para Iniciantes e Melhor Idade - Ter e Qui - 08:40 - 10:40
2024-06-20 17:22:53,360 - Fim da turma.
2024-06-20 17:22:53,360 - 
2024-06-20 17:22:53,368 - 
2024-06-20 17:22:53,368 - 
2024-06-20 17:22:53,368 - 
2024-06-20 17:22:53,368 - 
2024-06-20 17:22:53,368 - Turma: Informática para Iniciantes e Melhor Idade - Ter e Qui - 14:00 - 16:00
2024-06-20 17:22:53,368 - Fim da turma.
2024-06-20 17:22:53,368 - 
2024-06-20 17:22:53,368 - 
2024-06-20 17:22:53,368 - 
2024-06-20 17:22:53,368 - 
2024-06-20 17:22:53,368 - 
2024-06-20 17:22:53,368 - Turma: Informática para Iniciantes e Melhor Idade - Ter e Qui - 16:00 - 18:20
2024-06-20 17:22:53,368 - Fim da turma.
2024-06-20 17:22:53,368 - 
2024-06-20 17:22:53,368 - 
2024-06-20 17:22:53,368 - 
2024-06-20 17:22:53,368 - 
2024-06-20 17:22:53,368 - 
2024-06-20 17:22:53,368 - Turma: Informática para Iniciantes e Melhor Idade - Ter e Qui - 18:30 - 20:30
2024-06-20 17:22:53,368 - Fim da turma.
2024-06-20 17:22:53,368 - 
2024-06-20 17:22:53,368 - 
2024-06-20 17:22:53,368 - 
2024-06-20 17:22:53,368 - 
2024-06-20 17:22:53,368 - 
2024-06-20 17:22:53,368 - Turma: Informática para Iniciantes e Melhor Idade - Qua e Sex - 10:50 - 12:50
2024-06-20 17:22:53,368 - Fim da turma.
2024-06-20 17:22:53,368 - 
2024-06-20 17:22:53,368 - 
2024-06-20 17:22:53,368 - 
2024-06-20 17:22:53,368 - 
2024-06-20 17:22:53,368 - 
2024-06-20 17:22:53,368 - Turma: Informática para Iniciantes e Melhor Idade - Qua e Sex - 16:10 - 18:10
2024-06-20 17:22:53,368 - Fim da turma.
2024-06-20 17:22:53,368 - 
2024-06-20 17:22:53,368 - 
2024-06-20 17:22:53,368 - 
2024-06-20 17:22:53,368 - 
2024-06-20 17:22:53,368 - 
2024-06-20 17:22:53,368 - Turma: Informática para Iniciantes e Melhor Idade - Qua e Sex - 18:20 - 20:20
2024-06-20 17:22:53,368 - Fim da turma.
2024-06-20 17:22:53,368 - 
2024-06-20 17:22:53,368 - 
2024-06-20 17:22:53,368 - 
2024-06-20 17:22:53,368 - 
2024-06-20 17:22:53,368 - 
2024-06-20 17:22:53,368 - Turma: Informática Básica - Ter e Qui - 10:30 - 12:30
2024-06-20 17:22:53,368 - Fim da turma.
2024-06-20 17:22:53,368 - 
2024-06-20 17:22:53,368 - 
2024-06-20 17:22:53,368 - 
2024-06-20 17:22:53,368 - 
2024-06-20 17:22:53,368 - 
2024-06-20 17:22:53,368 - Turma: Informática Básica - Ter e Qui - 10:50 - 12:50
2024-06-20 17:22:53,380 - Fim da turma.
2024-06-20 17:22:53,380 - 
2024-06-20 17:22:53,380 - 
2024-06-20 17:22:53,380 - 
2024-06-20 17:22:53,380 - 
2024-06-20 17:22:53,380 - 
2024-06-20 17:22:53,380 - Turma: Informática Básica - Ter e Qui - 16:10 - 18:10
2024-06-20 17:22:53,382 - Fim da turma.
2024-06-20 17:22:53,382 - 
2024-06-20 17:22:53,382 - 
2024-06-20 17:22:53,382 - 
2024-06-20 17:22:53,382 - 
2024-06-20 17:22:53,382 - 
2024-06-20 17:22:53,382 - Turma: Informática Básica - Ter e Qui - 18:20 - 20:20
2024-06-20 17:22:53,384 - Fim da turma.
2024-06-20 17:22:53,384 - 
2024-06-20 17:22:53,384 - 
2024-06-20 17:22:53,384 - 
2024-06-20 17:22:53,384 - 
2024-06-20 17:22:53,384 - 
2024-06-20 17:22:53,384 - Turma: Informática Básica - Qua e Sex - 08:40 - 10:40
2024-06-20 17:22:53,385 - Fim da turma.
2024-06-20 17:22:53,386 - 
2024-06-20 17:22:53,386 - 
2024-06-20 17:22:53,386 - 
2024-06-20 17:22:53,386 - 
2024-06-20 17:22:53,386 - 
2024-06-20 17:22:53,386 - Turma: Informática Básica - Qua e Sex - 14:00 - 16:00
2024-06-20 17:22:53,387 - Fim da turma.
2024-06-20 17:22:53,387 - 
2024-06-20 17:22:53,387 - 
2024-06-20 17:22:53,387 - 
2024-06-20 17:22:53,387 - 
2024-06-20 17:22:53,387 - 
2024-06-20 17:22:53,387 - Turma: Excel Intermediário - Seg e Qua - 08:40 - 10:40
2024-06-20 17:22:53,389 - Fim da turma.
2024-06-20 17:22:53,389 - 
2024-06-20 17:22:53,389 - 
2024-06-20 17:22:53,389 - 
2024-06-20 17:22:53,389 - 
2024-06-20 17:22:53,389 - 
2024-06-20 17:22:53,389 - Turma: Excel Intermediário - Seg e Qua - 14:10 - 16:10
2024-06-20 17:22:53,390 - Fim da turma.
2024-06-20 17:22:53,390 - 
2024-06-20 17:22:53,391 - 
2024-06-20 17:22:53,391 - 
2024-06-20 17:22:53,391 - 
2024-06-20 17:22:53,391 - 
2024-06-20 17:22:53,391 - Turma: Excel Intermediário - Seg e Qua - 16:20 - 18:20
2024-06-20 17:22:53,392 - Fim da turma.
2024-06-20 17:22:53,392 - 
2024-06-20 17:22:53,392 - 
2024-06-20 17:22:53,392 - 
2024-06-20 17:22:53,392 - 
2024-06-20 17:22:53,392 - 
2024-06-20 17:22:53,392 - Turma: Excel Intermediário - Seg e Qua - 18:30 - 20:30
2024-06-20 17:22:53,394 - Fim da turma.
2024-06-20 17:22:53,394 - 
2024-06-20 17:22:53,394 - 
2024-06-20 17:22:53,394 - 
2024-06-20 17:22:53,394 - 
2024-06-20 17:22:53,394 - 
2024-06-20 17:22:53,394 - Turma: Excel Avançado - Seg e Qua - 10:50 - 13:10
2024-06-20 17:22:53,395 - Fim da turma.
2024-06-20 17:22:53,395 - 
2024-06-20 17:22:53,395 - 
2024-06-20 17:22:53,395 - 
2024-06-20 17:22:53,396 - 
2024-06-20 17:22:53,396 - 
2024-06-20 17:22:53,396 - Turma: Excel Avançado - Ter e Qui - 13:30 - 15:20
2024-06-20 17:22:53,397 - Fim da turma.
2024-06-20 17:22:53,397 - 
2024-06-20 17:22:53,397 - 
2024-06-20 17:22:53,397 - 
2024-06-20 17:22:53,397 - 
2024-06-20 17:22:53,397 - 
2024-06-20 17:22:53,397 - Turma: Montagem e Manutenção de Computadores - Seg e Qua - 08:40 - 10:40
2024-06-20 17:22:53,399 - Fim da turma.
2024-06-20 17:22:53,399 - 
2024-06-20 17:22:53,399 - 
2024-06-20 17:22:53,399 - 
2024-06-20 17:22:53,399 - 
2024-06-20 17:22:53,399 - 
2024-06-20 17:22:53,399 - Turma: Montagem e Manutenção de Computadores - Seg e Qua - 10:50 - 12:50
2024-06-20 17:22:53,400 - Fim da turma.
2024-06-20 17:22:53,400 - 
2024-06-20 17:22:53,400 - 
2024-06-20 17:22:53,400 - 
2024-06-20 17:22:53,400 - 
2024-06-20 17:22:53,400 - 
2024-06-20 17:22:53,400 - Turma: Montagem e Manutenção de Computadores - Seg e Qua - 14:00 - 16:00
2024-06-20 17:22:53,402 - Fim da turma.
2024-06-20 17:22:53,402 - 
2024-06-20 17:22:53,402 - 
2024-06-20 17:22:53,402 - 
2024-06-20 17:22:53,402 - 
2024-06-20 17:22:53,402 - 
2024-06-20 17:22:53,402 - Turma: Montagem e Manutenção de Computadores - Seg e Qua - 16:10 - 18:10
2024-06-20 17:22:53,404 - Fim da turma.
2024-06-20 17:22:53,404 - 
2024-06-20 17:22:53,404 - 
2024-06-20 17:22:53,404 - 
2024-06-20 17:22:53,404 - 
2024-06-20 17:22:53,404 - 
2024-06-20 17:22:53,404 - Turma: Montagem e Manutenção de Computadores - Seg e Qua - 18:20 - 20:20
2024-06-20 17:22:53,404 - Fim da turma.
2024-06-20 17:22:53,404 - 
2024-06-20 17:22:53,404 - 
2024-06-20 17:22:53,404 - 
2024-06-20 17:22:53,405 - 
2024-06-20 17:22:53,405 - 
2024-06-20 17:22:53,405 - Turma: Montagem e Manutenção de Computadores - Ter e Qui - 08:40 - 10:40
2024-06-20 17:22:53,406 - Fim da turma.
2024-06-20 17:22:53,406 - 
2024-06-20 17:22:53,406 - 
2024-06-20 17:22:53,406 - 
2024-06-20 17:22:53,406 - 
2024-06-20 17:22:53,406 - 
2024-06-20 17:22:53,406 - Turma: Montagem e Manutenção de Computadores - Ter e Qui - 10:50 - 12:50
2024-06-20 17:22:53,407 - Fim da turma.
2024-06-20 17:22:53,408 - 
2024-06-20 17:22:53,408 - 
2024-06-20 17:22:53,408 - 
2024-06-20 17:22:53,408 - 
2024-06-20 17:22:53,408 - 
2024-06-20 17:22:53,408 - Turma: Montagem e Manutenção de Computadores - Ter e Qui - 14:00 - 16:00
2024-06-20 17:22:53,409 - Fim da turma.
2024-06-20 17:22:53,409 - 
2024-06-20 17:22:53,409 - 
2024-06-20 17:22:53,409 - 
2024-06-20 17:22:53,409 - 
2024-06-20 17:22:53,409 - 
2024-06-20 17:22:53,409 - Turma: Montagem e Manutenção de Computadores - Ter e Qui - 16:10 - 18:10
2024-06-20 17:22:53,411 - Fim da turma.
2024-06-20 17:22:53,411 - 
2024-06-20 17:22:53,411 - 
2024-06-20 17:22:53,411 - 
2024-06-20 17:22:53,411 - 
2024-06-20 17:22:53,411 - 
2024-06-20 17:22:53,411 - Turma: Robótica e Automação: Módulo 01 - Seg e Qua - 08:40 - 10:40
2024-06-20 17:22:53,412 - Fim da turma.
2024-06-20 17:22:53,412 - 
2024-06-20 17:22:53,412 - 
2024-06-20 17:22:53,413 - 
2024-06-20 17:22:53,413 - 
2024-06-20 17:22:53,413 - 
2024-06-20 17:22:53,413 - Turma: Robótica e Automação: Módulo 01 - Seg e Qua - 14:00 - 16:00
2024-06-20 17:22:53,414 - Fim da turma.
2024-06-20 17:22:53,414 - 
2024-06-20 17:22:53,414 - 
2024-06-20 17:22:53,414 - 
2024-06-20 17:22:53,414 - 
2024-06-20 17:22:53,414 - 
2024-06-20 17:22:53,414 - Turma: Robótica e Automação: Módulo 01 - Ter e Qui - 10:50 - 12:50
2024-06-20 17:22:53,416 - Fim da turma.
2024-06-20 17:22:53,416 - 
2024-06-20 17:22:53,416 - 
2024-06-20 17:22:53,416 - 
2024-06-20 17:22:53,416 - 
2024-06-20 17:22:53,416 - 
2024-06-20 17:22:53,416 - Turma: Robótica e Automação: Módulo 01 - Ter e Qui - 16:10 - 18:10
2024-06-20 17:22:53,417 - Fim da turma.
2024-06-20 17:22:53,417 - 
2024-06-20 17:22:53,417 - 
2024-06-20 17:22:53,417 - 
2024-06-20 17:22:53,417 - 
2024-06-20 17:22:53,417 - 
2024-06-20 17:22:53,417 - Turma: Robótica e Automação: Módulo 02 - Seg e Qua - 10:50 - 12:50
2024-06-20 17:22:53,420 - Fim da turma.
2024-06-20 17:22:53,420 - 
2024-06-20 17:22:53,420 - 
2024-06-20 17:22:53,420 - 
2024-06-20 17:22:53,420 - 
2024-06-20 17:22:53,420 - 
2024-06-20 17:22:53,420 - Turma: Robótica e Automação: Módulo 02 - Seg e Qua - 16:10 - 18:10
2024-06-20 17:22:53,421 - Fim da turma.
2024-06-20 17:22:53,421 - 
2024-06-20 17:22:53,421 - 
2024-06-20 17:22:53,421 - 
2024-06-20 17:22:53,421 - 
2024-06-20 17:22:53,421 - 
2024-06-20 17:22:53,421 - Turma: Robótica e Automação: Módulo 02 - Ter e Qui - 14:00 - 16:00
2024-06-20 17:22:53,423 - Fim da turma.
2024-06-20 17:22:53,423 - 
2024-06-20 17:22:53,423 - 
2024-06-20 17:22:53,423 - 
2024-06-20 17:22:53,423 - 
2024-06-20 17:22:53,423 - 
2024-06-20 17:22:53,423 - Turma: Robótica e Automação: Módulo 02 - Ter e Qui - 18:20 - 20:20
2024-06-20 17:22:53,424 - Fim da turma.
2024-06-20 17:22:53,424 - 
2024-06-20 17:22:53,424 - 
2024-06-20 17:22:53,424 - 
2024-06-20 17:22:53,424 - 
2024-06-20 17:22:53,425 - 
2024-06-20 17:22:53,425 - Turma: Robótica e Automação: Módulo 03 - Seg e Qua - 18:20 - 20:20
2024-06-20 17:22:53,426 - Fim da turma.
2024-06-20 17:22:53,426 - 
2024-06-20 17:22:53,426 - 
2024-06-20 17:22:53,426 - 
2024-06-20 17:22:53,426 - 
2024-06-20 17:22:53,426 - 
2024-06-20 17:22:53,426 - Turma: Robótica e Automação: Módulo 03 - Ter e Qui - 08:40 - 10:40
2024-06-20 17:22:53,428 - Fim da turma.
2024-06-20 17:22:53,428 - 
2024-06-20 17:22:53,428 - 
2024-06-20 17:22:53,428 - 
2024-06-20 17:22:53,428 - 
2024-06-20 17:22:53,428 - 
2024-06-20 17:22:53,428 - Turma: Design e Modelagem 3D: Módulo 01 - Ter e Qui - 08:40 - 09:50
2024-06-20 17:22:53,429 - Fim da turma.
2024-06-20 17:22:53,430 - 
2024-06-20 17:22:53,430 - 
2024-06-20 17:22:53,430 - 
2024-06-20 17:22:53,430 - 
2024-06-20 17:22:53,430 - 
2024-06-20 17:22:53,430 - Turma: Design e Modelagem 3D: Módulo 01 - Ter e Qui - 13:20 - 14:30
2024-06-20 17:22:53,431 - Fim da turma.
2024-06-20 17:22:53,431 - 
2024-06-20 17:22:53,431 - 
2024-06-20 17:22:53,431 - 
2024-06-20 17:22:53,431 - 
2024-06-20 17:22:53,431 - 
2024-06-20 17:22:53,431 - Turma: Design e Modelagem 3D: Módulo 01 - Ter e Qui - 17:00 - 18:10
2024-06-20 17:22:53,433 - Fim da turma.
2024-06-20 17:22:53,433 - 
2024-06-20 17:22:53,433 - 
2024-06-20 17:22:53,433 - 
2024-06-20 17:22:53,433 - 
2024-06-20 17:22:53,433 - 
2024-06-20 17:22:53,433 - Turma: Design e Modelagem 3D: Módulo 01 - Qua e Sex - 11:00 - 12:10
2024-06-20 17:22:53,434 - Fim da turma.
2024-06-20 17:22:53,434 - 
2024-06-20 17:22:53,434 - 
2024-06-20 17:22:53,434 - 
2024-06-20 17:22:53,434 - 
2024-06-20 17:22:53,434 - 
2024-06-20 17:22:53,434 - Turma: Design e Modelagem 3D: Módulo 01 - Qua e Sex - 13:10 - 14:20
2024-06-20 17:22:53,436 - Fim da turma.
2024-06-20 17:22:53,436 - 
2024-06-20 17:22:53,436 - 
2024-06-20 17:22:53,436 - 
2024-06-20 17:22:53,436 - 
2024-06-20 17:22:53,436 - 
2024-06-20 17:22:53,436 - Turma: Design e Modelagem 3D: Módulo 02 - Ter e Qui - 10:00 - 12:10
2024-06-20 17:22:53,438 - Fim da turma.
2024-06-20 17:22:53,438 - 
2024-06-20 17:22:53,438 - 
2024-06-20 17:22:53,438 - 
2024-06-20 17:22:53,438 - 
2024-06-20 17:22:53,438 - 
2024-06-20 17:22:53,438 - Turma: Design e Modelagem 3D: Módulo 02 - Ter e Qui - 14:40 - 16:50
2024-06-20 17:22:53,439 - Fim da turma.
2024-06-20 17:22:53,439 - 
2024-06-20 17:22:53,439 - 
2024-06-20 17:22:53,439 - 
2024-06-20 17:22:53,439 - 
2024-06-20 17:22:53,440 - 
2024-06-20 17:22:53,440 - Turma: Design e Modelagem 3D: Módulo 02 - Ter e Qui - 18:20 - 20:30
2024-06-20 17:22:53,441 - Fim da turma.
2024-06-20 17:22:53,441 - 
2024-06-20 17:22:53,441 - 
2024-06-20 17:22:53,441 - 
2024-06-20 17:22:53,441 - 
2024-06-20 17:22:53,441 - 
2024-06-20 17:22:53,441 - Turma: Design e Modelagem 3D: Módulo 02 - Qua e Sex - 08:40 - 10:50
2024-06-20 17:22:53,442 - Fim da turma.
2024-06-20 17:22:53,442 - 
2024-06-20 17:22:53,443 - 
2024-06-20 17:22:53,443 - 
2024-06-20 17:22:53,443 - 
2024-06-20 17:22:53,443 - 
2024-06-20 17:22:53,443 - Turma: Design e Modelagem 3D: Módulo 02 - Qua e Sex - 14:30 - 16:40
2024-06-20 17:22:53,444 - Fim da turma.
2024-06-20 17:22:53,444 - 
2024-06-20 17:22:53,444 - 
2024-06-20 17:22:53,444 - 
2024-06-20 17:22:53,444 - 
2024-06-20 17:22:53,444 - 
2024-06-20 17:22:53,445 - Turma: Gestão de Pessoas - Terça - 13:00 - 16:00
2024-06-20 17:22:53,446 - Fim da turma.
2024-06-20 17:22:53,446 - 
2024-06-20 17:22:53,446 - 
2024-06-20 17:22:53,446 - 
2024-06-20 17:22:53,446 - 
2024-06-20 17:22:53,446 - 
2024-06-20 17:22:53,446 - Turma: Gestão de Pessoas - Quinta - 09:00 - 12:00
2024-06-20 17:22:53,447 - Fim da turma.
2024-06-20 17:22:53,447 - 
2024-06-20 17:22:53,448 - 
2024-06-20 17:22:53,448 - 
2024-06-20 17:22:53,448 - 
2024-06-20 17:22:53,448 - 
2024-06-20 17:22:53,448 - Turma: Gestão de Pessoas - Quinta - 17:30 - 20:30
2024-06-20 17:22:53,449 - Fim da turma.
2024-06-20 17:22:53,449 - 
2024-06-20 17:22:53,449 - 
2024-06-20 17:22:53,449 - 
2024-06-20 17:22:53,449 - 
2024-06-20 17:22:53,449 - 
2024-06-20 17:22:53,449 - Turma: Gestão de Pessoas - Sexta - 13:00 - 16:00
2024-06-20 17:22:53,451 - Fim da turma.
2024-06-20 17:22:53,451 - 
2024-06-20 17:22:53,451 - 
2024-06-20 17:22:53,451 - 
2024-06-20 17:22:53,451 - 
2024-06-20 17:22:53,451 - 
2024-06-20 17:22:53,451 - Turma: Educação Financeira - Terça - 09:00 - 12:00
2024-06-20 17:22:53,452 - Fim da turma.
2024-06-20 17:22:53,452 - 
2024-06-20 17:22:53,452 - 
2024-06-20 17:22:53,452 - 
2024-06-20 17:22:53,452 - 
2024-06-20 17:22:53,452 - 
2024-06-20 17:22:53,452 - Turma: Educação Financeira - Terça - 17:30 - 20:30
2024-06-20 17:22:53,455 - Fim da turma.
2024-06-20 17:22:53,455 - 
2024-06-20 17:22:53,455 - 
2024-06-20 17:22:53,455 - 
2024-06-20 17:22:53,455 - 
2024-06-20 17:22:53,455 - 
2024-06-20 17:22:53,455 - Turma: Educação Financeira - Quinta - 13:00 - 16:00
2024-06-20 17:22:53,456 - Fim da turma.
2024-06-20 17:22:53,456 - 
2024-06-20 17:22:53,456 - 
2024-06-20 17:22:53,456 - 
2024-06-20 17:22:53,456 - 
2024-06-20 17:22:53,456 - 
2024-06-20 17:22:53,456 - Turma: Educação Financeira - Sexta - 09:00 - 12:00
2024-06-20 17:22:53,458 - Fim da turma.
2024-06-20 17:22:53,458 - 
2024-06-20 17:22:53,458 - 
2024-06-20 17:22:53,458 - 
2024-06-20 17:22:53,458 - 
2024-06-20 17:22:53,458 - 
2024-06-20 17:22:53,458 - Turma: Marketing Digital - Segunda - 09:00 - 12:00
2024-06-20 17:22:53,459 - Fim da turma.
2024-06-20 17:22:53,460 - 
2024-06-20 17:22:53,460 - 
2024-06-20 17:22:53,460 - 
2024-06-20 17:22:53,460 - 
2024-06-20 17:22:53,460 - 
2024-06-20 17:22:53,460 - Turma: Marketing Digital - Segunda - 17:30 - 20:30
2024-06-20 17:22:53,461 - Fim da turma.
2024-06-20 17:22:53,461 - 
2024-06-20 17:22:53,461 - 
2024-06-20 17:22:53,461 - 
2024-06-20 17:22:53,461 - 
2024-06-20 17:22:53,461 - 
2024-06-20 17:22:53,461 - Turma: Marketing Digital - Quarta - 13:00 - 16:00
2024-06-20 17:22:53,462 - Fim da turma.
2024-06-20 17:22:53,462 - 
2024-06-20 17:22:53,463 - 
2024-06-20 17:22:53,463 - 
2024-06-20 17:22:53,463 - 
2024-06-20 17:22:53,463 - 
2024-06-20 17:22:53,463 - Turma: Marketing Digital - Sexta - 17:30 - 20:30
2024-06-20 17:22:53,464 - Fim da turma.
2024-06-20 17:22:53,464 - 
2024-06-20 17:22:53,464 - 
2024-06-20 17:22:53,464 - 
2024-06-20 17:22:53,464 - 
2024-06-20 17:22:53,464 - 
2024-06-20 17:22:53,464 - Turma: Marketing Empreendedor - Segunda - 13:00 - 16:00
2024-06-20 17:22:53,466 - Fim da turma.
2024-06-20 17:22:53,466 - 
2024-06-20 17:22:53,466 - 
2024-06-20 17:22:53,466 - 
2024-06-20 17:22:53,466 - 
2024-06-20 17:22:53,466 - 
2024-06-20 17:22:53,466 - Turma: Marketing Empreendedor - Quarta - 09:00 - 12:00
2024-06-20 17:22:53,467 - Fim da turma.
2024-06-20 17:22:53,467 - 
2024-06-20 17:22:53,467 - 
2024-06-20 17:22:53,468 - 
2024-06-20 17:22:53,468 - 
2024-06-20 17:22:53,468 - 
2024-06-20 17:22:53,468 - Turma: Marketing Empreendedor - Quarta - 17:30 - 20:30
2024-06-20 17:22:53,469 - Fim da turma.
2024-06-20 17:22:53,469 - 
2024-06-20 17:22:53,470 - 
2024-06-20 17:22:53,470 - 
2024-06-20 17:22:53,470 - 
2024-06-20 17:22:53,470 - 
2024-06-20 17:22:53,470 - Turma: Marketing Empreendedor - Sexta - 13:00 - 16:00
2024-06-20 17:22:53,471 - Fim da turma.
2024-06-20 17:22:53,471 - 
2024-06-20 17:22:53,471 - 
2024-06-20 17:22:53,471 - 
2024-06-20 17:22:53,471 - 
2024-06-20 17:22:53,471 - 
2024-06-20 17:22:53,471 - Fim do sorteio
2024-06-21 14:29:29,737 - Inicio do sorteio
2024-06-21 14:29:29,739 - Turma: Informática para Iniciantes e Melhor Idade - Ter e Qui - 08:40 - 10:40
2024-06-21 14:29:29,741 - Fim da turma.
2024-06-21 14:29:29,741 - 
2024-06-21 14:29:29,741 - 
2024-06-21 14:29:29,742 - 
2024-06-21 14:29:29,742 - 
2024-06-21 14:29:29,742 - 
2024-06-21 14:29:29,742 - Turma: Informática para Iniciantes e Melhor Idade - Ter e Qui - 14:00 - 16:00
2024-06-21 14:29:29,743 - Fim da turma.
2024-06-21 14:29:29,743 - 
2024-06-21 14:29:29,743 - 
2024-06-21 14:29:29,743 - 
2024-06-21 14:29:29,743 - 
2024-06-21 14:29:29,743 - 
2024-06-21 14:29:29,743 - Turma: Informática para Iniciantes e Melhor Idade - Ter e Qui - 16:00 - 18:20
2024-06-21 14:29:29,745 - Fim da turma.
2024-06-21 14:29:29,745 - 
2024-06-21 14:29:29,745 - 
2024-06-21 14:29:29,745 - 
2024-06-21 14:29:29,745 - 
2024-06-21 14:29:29,745 - 
2024-06-21 14:29:29,745 - Turma: Informática para Iniciantes e Melhor Idade - Ter e Qui - 18:30 - 20:30
2024-06-21 14:29:29,746 - Fim da turma.
2024-06-21 14:29:29,746 - 
2024-06-21 14:29:29,746 - 
2024-06-21 14:29:29,747 - 
2024-06-21 14:29:29,747 - 
2024-06-21 14:29:29,747 - 
2024-06-21 14:29:29,747 - Turma: Informática para Iniciantes e Melhor Idade - Qua e Sex - 10:50 - 12:50
2024-06-21 14:29:29,748 - Fim da turma.
2024-06-21 14:29:29,748 - 
2024-06-21 14:29:29,748 - 
2024-06-21 14:29:29,748 - 
2024-06-21 14:29:29,748 - 
2024-06-21 14:29:29,748 - 
2024-06-21 14:29:29,749 - Turma: Informática para Iniciantes e Melhor Idade - Qua e Sex - 16:10 - 18:10
2024-06-21 14:29:29,750 - Fim da turma.
2024-06-21 14:29:29,750 - 
2024-06-21 14:29:29,750 - 
2024-06-21 14:29:29,751 - 
2024-06-21 14:29:29,751 - 
2024-06-21 14:29:29,751 - 
2024-06-21 14:29:29,751 - Turma: Informática para Iniciantes e Melhor Idade - Qua e Sex - 18:20 - 20:20
2024-06-21 14:29:29,752 - Fim da turma.
2024-06-21 14:29:29,752 - 
2024-06-21 14:29:29,752 - 
2024-06-21 14:29:29,752 - 
2024-06-21 14:29:29,752 - 
2024-06-21 14:29:29,752 - 
2024-06-21 14:29:29,752 - Turma: Informática Básica - Ter e Qui - 10:30 - 12:30
2024-06-21 14:29:29,754 - Fim da turma.
2024-06-21 14:29:29,754 - 
2024-06-21 14:29:29,754 - 
2024-06-21 14:29:29,754 - 
2024-06-21 14:29:29,754 - 
2024-06-21 14:29:29,754 - 
2024-06-21 14:29:29,754 - Turma: Informática Básica - Ter e Qui - 10:50 - 12:50
2024-06-21 14:29:29,756 - Fim da turma.
2024-06-21 14:29:29,756 - 
2024-06-21 14:29:29,756 - 
2024-06-21 14:29:29,756 - 
2024-06-21 14:29:29,756 - 
2024-06-21 14:29:29,756 - 
2024-06-21 14:29:29,756 - Turma: Informática Básica - Ter e Qui - 16:10 - 18:10
2024-06-21 14:29:29,758 - Fim da turma.
2024-06-21 14:29:29,758 - 
2024-06-21 14:29:29,758 - 
2024-06-21 14:29:29,758 - 
2024-06-21 14:29:29,758 - 
2024-06-21 14:29:29,758 - 
2024-06-21 14:29:29,758 - Turma: Informática Básica - Ter e Qui - 18:20 - 20:20
2024-06-21 14:29:29,759 - Fim da turma.
2024-06-21 14:29:29,759 - 
2024-06-21 14:29:29,759 - 
2024-06-21 14:29:29,759 - 
2024-06-21 14:29:29,759 - 
2024-06-21 14:29:29,759 - 
2024-06-21 14:29:29,759 - Turma: Informática Básica - Qua e Sex - 08:40 - 10:40
2024-06-21 14:29:29,760 - Fim da turma.
2024-06-21 14:29:29,760 - 
2024-06-21 14:29:29,760 - 
2024-06-21 14:29:29,760 - 
2024-06-21 14:29:29,761 - 
2024-06-21 14:29:29,761 - 
2024-06-21 14:29:29,761 - Turma: Informática Básica - Qua e Sex - 14:00 - 16:00
2024-06-21 14:29:29,762 - Fim da turma.
2024-06-21 14:29:29,762 - 
2024-06-21 14:29:29,762 - 
2024-06-21 14:29:29,762 - 
2024-06-21 14:29:29,762 - 
2024-06-21 14:29:29,762 - 
2024-06-21 14:29:29,762 - Turma: Excel Intermediário - Seg e Qua - 08:40 - 10:40
2024-06-21 14:29:29,764 - Fim da turma.
2024-06-21 14:29:29,764 - 
2024-06-21 14:29:29,764 - 
2024-06-21 14:29:29,764 - 
2024-06-21 14:29:29,764 - 
2024-06-21 14:29:29,765 - 
2024-06-21 14:29:29,765 - Turma: Excel Intermediário - Seg e Qua - 14:10 - 16:10
2024-06-21 14:29:29,766 - Fim da turma.
2024-06-21 14:29:29,766 - 
2024-06-21 14:29:29,766 - 
2024-06-21 14:29:29,766 - 
2024-06-21 14:29:29,766 - 
2024-06-21 14:29:29,766 - 
2024-06-21 14:29:29,766 - Turma: Excel Intermediário - Seg e Qua - 16:20 - 18:20
2024-06-21 14:29:29,767 - Fim da turma.
2024-06-21 14:29:29,768 - 
2024-06-21 14:29:29,768 - 
2024-06-21 14:29:29,768 - 
2024-06-21 14:29:29,768 - 
2024-06-21 14:29:29,768 - 
2024-06-21 14:29:29,768 - Turma: Excel Intermediário - Seg e Qua - 18:30 - 20:30
2024-06-21 14:29:29,769 - Fim da turma.
2024-06-21 14:29:29,769 - 
2024-06-21 14:29:29,769 - 
2024-06-21 14:29:29,769 - 
2024-06-21 14:29:29,769 - 
2024-06-21 14:29:29,769 - 
2024-06-21 14:29:29,769 - Turma: Excel Avançado - Seg e Qua - 10:50 - 13:10
2024-06-21 14:29:29,771 - Fim da turma.
2024-06-21 14:29:29,771 - 
2024-06-21 14:29:29,771 - 
2024-06-21 14:29:29,771 - 
2024-06-21 14:29:29,771 - 
2024-06-21 14:29:29,771 - 
2024-06-21 14:29:29,772 - Turma: Excel Avançado - Ter e Qui - 13:30 - 15:20
2024-06-21 14:29:29,773 - Fim da turma.
2024-06-21 14:29:29,773 - 
2024-06-21 14:29:29,773 - 
2024-06-21 14:29:29,773 - 
2024-06-21 14:29:29,773 - 
2024-06-21 14:29:29,773 - 
2024-06-21 14:29:29,773 - Turma: Montagem e Manutenção de Computadores - Seg e Qua - 08:40 - 10:40
2024-06-21 14:29:29,774 - Fim da turma.
2024-06-21 14:29:29,775 - 
2024-06-21 14:29:29,775 - 
2024-06-21 14:29:29,775 - 
2024-06-21 14:29:29,775 - 
2024-06-21 14:29:29,775 - 
2024-06-21 14:29:29,775 - Turma: Montagem e Manutenção de Computadores - Seg e Qua - 10:50 - 12:50
2024-06-21 14:29:29,776 - Fim da turma.
2024-06-21 14:29:29,776 - 
2024-06-21 14:29:29,776 - 
2024-06-21 14:29:29,776 - 
2024-06-21 14:29:29,776 - 
2024-06-21 14:29:29,776 - 
2024-06-21 14:29:29,776 - Turma: Montagem e Manutenção de Computadores - Seg e Qua - 14:00 - 16:00
2024-06-21 14:29:29,778 - Fim da turma.
2024-06-21 14:29:29,778 - 
2024-06-21 14:29:29,778 - 
2024-06-21 14:29:29,778 - 
2024-06-21 14:29:29,778 - 
2024-06-21 14:29:29,778 - 
2024-06-21 14:29:29,778 - Turma: Montagem e Manutenção de Computadores - Seg e Qua - 16:10 - 18:10
2024-06-21 14:29:29,779 - Fim da turma.
2024-06-21 14:29:29,779 - 
2024-06-21 14:29:29,779 - 
2024-06-21 14:29:29,779 - 
2024-06-21 14:29:29,779 - 
2024-06-21 14:29:29,779 - 
2024-06-21 14:29:29,779 - Turma: Montagem e Manutenção de Computadores - Seg e Qua - 18:20 - 20:20
2024-06-21 14:29:29,781 - Fim da turma.
2024-06-21 14:29:29,781 - 
2024-06-21 14:29:29,781 - 
2024-06-21 14:29:29,781 - 
2024-06-21 14:29:29,781 - 
2024-06-21 14:29:29,781 - 
2024-06-21 14:29:29,781 - Turma: Montagem e Manutenção de Computadores - Ter e Qui - 08:40 - 10:40
2024-06-21 14:29:29,782 - Fim da turma.
2024-06-21 14:29:29,783 - 
2024-06-21 14:29:29,783 - 
2024-06-21 14:29:29,783 - 
2024-06-21 14:29:29,783 - 
2024-06-21 14:29:29,783 - 
2024-06-21 14:29:29,783 - Turma: Montagem e Manutenção de Computadores - Ter e Qui - 10:50 - 12:50
2024-06-21 14:29:29,784 - Fim da turma.
2024-06-21 14:29:29,784 - 
2024-06-21 14:29:29,784 - 
2024-06-21 14:29:29,784 - 
2024-06-21 14:29:29,784 - 
2024-06-21 14:29:29,785 - 
2024-06-21 14:29:29,785 - Turma: Montagem e Manutenção de Computadores - Ter e Qui - 14:00 - 16:00
2024-06-21 14:29:29,786 - Fim da turma.
2024-06-21 14:29:29,786 - 
2024-06-21 14:29:29,786 - 
2024-06-21 14:29:29,786 - 
2024-06-21 14:29:29,786 - 
2024-06-21 14:29:29,786 - 
2024-06-21 14:29:29,786 - Turma: Montagem e Manutenção de Computadores - Ter e Qui - 16:10 - 18:10
2024-06-21 14:29:29,788 - Fim da turma.
2024-06-21 14:29:29,788 - 
2024-06-21 14:29:29,788 - 
2024-06-21 14:29:29,788 - 
2024-06-21 14:29:29,788 - 
2024-06-21 14:29:29,788 - 
2024-06-21 14:29:29,788 - Turma: Robótica e Automação: Módulo 01 - Seg e Qua - 08:40 - 10:40
2024-06-21 14:29:29,789 - Fim da turma.
2024-06-21 14:29:29,790 - 
2024-06-21 14:29:29,790 - 
2024-06-21 14:29:29,790 - 
2024-06-21 14:29:29,790 - 
2024-06-21 14:29:29,790 - 
2024-06-21 14:29:29,790 - Turma: Robótica e Automação: Módulo 01 - Seg e Qua - 14:00 - 16:00
2024-06-21 14:29:29,791 - Fim da turma.
2024-06-21 14:29:29,791 - 
2024-06-21 14:29:29,791 - 
2024-06-21 14:29:29,792 - 
2024-06-21 14:29:29,792 - 
2024-06-21 14:29:29,792 - 
2024-06-21 14:29:29,792 - Turma: Robótica e Automação: Módulo 01 - Ter e Qui - 10:50 - 12:50
2024-06-21 14:29:29,793 - Fim da turma.
2024-06-21 14:29:29,793 - 
2024-06-21 14:29:29,793 - 
2024-06-21 14:29:29,793 - 
2024-06-21 14:29:29,793 - 
2024-06-21 14:29:29,793 - 
2024-06-21 14:29:29,793 - Turma: Robótica e Automação: Módulo 01 - Ter e Qui - 16:10 - 18:10
2024-06-21 14:29:29,795 - Fim da turma.
2024-06-21 14:29:29,795 - 
2024-06-21 14:29:29,795 - 
2024-06-21 14:29:29,795 - 
2024-06-21 14:29:29,795 - 
2024-06-21 14:29:29,795 - 
2024-06-21 14:29:29,795 - Turma: Robótica e Automação: Módulo 02 - Seg e Qua - 10:50 - 12:50
2024-06-21 14:29:29,796 - Fim da turma.
2024-06-21 14:29:29,796 - 
2024-06-21 14:29:29,796 - 
2024-06-21 14:29:29,797 - 
2024-06-21 14:29:29,797 - 
2024-06-21 14:29:29,797 - 
2024-06-21 14:29:29,797 - Turma: Robótica e Automação: Módulo 02 - Seg e Qua - 16:10 - 18:10
2024-06-21 14:29:29,798 - Fim da turma.
2024-06-21 14:29:29,798 - 
2024-06-21 14:29:29,798 - 
2024-06-21 14:29:29,798 - 
2024-06-21 14:29:29,798 - 
2024-06-21 14:29:29,798 - 
2024-06-21 14:29:29,798 - Turma: Robótica e Automação: Módulo 02 - Ter e Qui - 14:00 - 16:00
2024-06-21 14:29:29,804 - Inicio do sorteio
2024-06-21 14:29:29,805 - Fim da turma.
2024-06-21 14:29:29,806 - 
2024-06-21 14:29:29,806 - 
2024-06-21 14:29:29,806 - 
2024-06-21 14:29:29,806 - 
2024-06-21 14:29:29,806 - 
2024-06-21 14:29:29,806 - Turma: Robótica e Automação: Módulo 02 - Ter e Qui - 18:20 - 20:20
2024-06-21 14:29:29,809 - Fim da turma.
2024-06-21 14:29:29,810 - 
2024-06-21 14:29:29,810 - 
2024-06-21 14:29:29,810 - 
2024-06-21 14:29:29,810 - 
2024-06-21 14:29:29,810 - 
2024-06-21 14:29:29,810 - Turma: Robótica e Automação: Módulo 03 - Seg e Qua - 18:20 - 20:20
2024-06-21 14:29:29,811 - Turma: Informática para Iniciantes e Melhor Idade - Ter e Qui - 08:40 - 10:40
2024-06-21 14:29:29,814 - Fim da turma.
2024-06-21 14:29:29,814 - 
2024-06-21 14:29:29,814 - 
2024-06-21 14:29:29,814 - 
2024-06-21 14:29:29,814 - 
2024-06-21 14:29:29,814 - 
2024-06-21 14:29:29,814 - Turma: Robótica e Automação: Módulo 03 - Ter e Qui - 08:40 - 10:40
2024-06-21 14:29:29,816 - Fim da turma.
2024-06-21 14:29:29,816 - 
2024-06-21 14:29:29,816 - 
2024-06-21 14:29:29,816 - 
2024-06-21 14:29:29,817 - 
2024-06-21 14:29:29,817 - 
2024-06-21 14:29:29,817 - Turma: Design e Modelagem 3D: Módulo 01 - Ter e Qui - 08:40 - 09:50
2024-06-21 14:29:29,818 - Fim da turma.
2024-06-21 14:29:29,819 - 
2024-06-21 14:29:29,819 - Fim da turma.
2024-06-21 14:29:29,819 - 
2024-06-21 14:29:29,819 - 
2024-06-21 14:29:29,819 - 
2024-06-21 14:29:29,819 - 
2024-06-21 14:29:29,819 - 
2024-06-21 14:29:29,819 - 
2024-06-21 14:29:29,819 - 
2024-06-21 14:29:29,819 - 
2024-06-21 14:29:29,819 - 
2024-06-21 14:29:29,819 - Turma: Design e Modelagem 3D: Módulo 01 - Ter e Qui - 13:20 - 14:30
2024-06-21 14:29:29,820 - Turma: Informática para Iniciantes e Melhor Idade - Ter e Qui - 14:00 - 16:00
2024-06-21 14:29:29,822 - Fim da turma.
2024-06-21 14:29:29,822 - 
2024-06-21 14:29:29,822 - 
2024-06-21 14:29:29,822 - 
2024-06-21 14:29:29,822 - 
2024-06-21 14:29:29,822 - 
2024-06-21 14:29:29,822 - Turma: Design e Modelagem 3D: Módulo 01 - Ter e Qui - 17:00 - 18:10
2024-06-21 14:29:29,823 - Fim da turma.
2024-06-21 14:29:29,823 - 
2024-06-21 14:29:29,824 - 
2024-06-21 14:29:29,824 - Fim da turma.
2024-06-21 14:29:29,824 - 
2024-06-21 14:29:29,824 - 
2024-06-21 14:29:29,824 - 
2024-06-21 14:29:29,824 - 
2024-06-21 14:29:29,824 - 
2024-06-21 14:29:29,824 - 
2024-06-21 14:29:29,824 - Turma: Informática para Iniciantes e Melhor Idade - Ter e Qui - 16:00 - 18:20
2024-06-21 14:29:29,824 - 
2024-06-21 14:29:29,825 - 
2024-06-21 14:29:29,825 - Turma: Design e Modelagem 3D: Módulo 01 - Qua e Sex - 11:00 - 12:10
2024-06-21 14:29:29,826 - Fim da turma.
2024-06-21 14:29:29,827 - 
2024-06-21 14:29:29,827 - Fim da turma.
2024-06-21 14:29:29,827 - 
2024-06-21 14:29:29,827 - 
2024-06-21 14:29:29,827 - 
2024-06-21 14:29:29,827 - 
2024-06-21 14:29:29,827 - 
2024-06-21 14:29:29,828 - 
2024-06-21 14:29:29,828 - 
2024-06-21 14:29:29,828 - 
2024-06-21 14:29:29,828 - Turma: Informática para Iniciantes e Melhor Idade - Ter e Qui - 18:30 - 20:30
2024-06-21 14:29:29,828 - 
2024-06-21 14:29:29,828 - Turma: Design e Modelagem 3D: Módulo 01 - Qua e Sex - 13:10 - 14:20
2024-06-21 14:29:29,830 - Fim da turma.
2024-06-21 14:29:29,831 - 
2024-06-21 14:29:29,832 - Fim da turma.
2024-06-21 14:29:29,832 - 
2024-06-21 14:29:29,832 - 
2024-06-21 14:29:29,832 - 
2024-06-21 14:29:29,832 - 
2024-06-21 14:29:29,832 - 
2024-06-21 14:29:29,832 - 
2024-06-21 14:29:29,832 - 
2024-06-21 14:29:29,832 - 
2024-06-21 14:29:29,833 - Turma: Informática para Iniciantes e Melhor Idade - Qua e Sex - 10:50 - 12:50
2024-06-21 14:29:29,833 - 
2024-06-21 14:29:29,833 - Turma: Design e Modelagem 3D: Módulo 02 - Ter e Qui - 10:00 - 12:10
2024-06-21 14:29:29,835 - Fim da turma.
2024-06-21 14:29:29,835 - Fim da turma.
2024-06-21 14:29:29,835 - 
2024-06-21 14:29:29,835 - 
2024-06-21 14:29:29,836 - 
2024-06-21 14:29:29,836 - 
2024-06-21 14:29:29,836 - 
2024-06-21 14:29:29,836 - 
2024-06-21 14:29:29,836 - 
2024-06-21 14:29:29,836 - 
2024-06-21 14:29:29,836 - 
2024-06-21 14:29:29,836 - 
2024-06-21 14:29:29,836 - Turma: Informática para Iniciantes e Melhor Idade - Qua e Sex - 16:10 - 18:10
2024-06-21 14:29:29,836 - Turma: Design e Modelagem 3D: Módulo 02 - Ter e Qui - 14:40 - 16:50
2024-06-21 14:29:29,839 - Fim da turma.
2024-06-21 14:29:29,839 - 
2024-06-21 14:29:29,839 - 
2024-06-21 14:29:29,839 - 
2024-06-21 14:29:29,839 - 
2024-06-21 14:29:29,839 - 
2024-06-21 14:29:29,839 - Turma: Informática para Iniciantes e Melhor Idade - Qua e Sex - 18:20 - 20:20
2024-06-21 14:29:29,839 - Fim da turma.
2024-06-21 14:29:29,840 - 
2024-06-21 14:29:29,840 - 
2024-06-21 14:29:29,840 - 
2024-06-21 14:29:29,840 - 
2024-06-21 14:29:29,840 - 
2024-06-21 14:29:29,840 - Turma: Design e Modelagem 3D: Módulo 02 - Ter e Qui - 18:20 - 20:30
2024-06-21 14:29:29,840 - Fim da turma.
2024-06-21 14:29:29,841 - 
2024-06-21 14:29:29,841 - 
2024-06-21 14:29:29,841 - 
2024-06-21 14:29:29,841 - 
2024-06-21 14:29:29,841 - 
2024-06-21 14:29:29,841 - Turma: Informática Básica - Ter e Qui - 10:30 - 12:30
2024-06-21 14:29:29,843 - Fim da turma.
2024-06-21 14:29:29,843 - 
2024-06-21 14:29:29,843 - 
2024-06-21 14:29:29,843 - 
2024-06-21 14:29:29,843 - 
2024-06-21 14:29:29,844 - 
2024-06-21 14:29:29,844 - Turma: Design e Modelagem 3D: Módulo 02 - Qua e Sex - 08:40 - 10:50
2024-06-21 14:29:29,844 - Fim da turma.
2024-06-21 14:29:29,844 - 
2024-06-21 14:29:29,845 - 
2024-06-21 14:29:29,845 - 
2024-06-21 14:29:29,845 - 
2024-06-21 14:29:29,845 - 
2024-06-21 14:29:29,845 - Turma: Informática Básica - Ter e Qui - 10:50 - 12:50
2024-06-21 14:29:29,847 - Fim da turma.
2024-06-21 14:29:29,847 - 
2024-06-21 14:29:29,847 - 
2024-06-21 14:29:29,847 - 
2024-06-21 14:29:29,847 - 
2024-06-21 14:29:29,847 - 
2024-06-21 14:29:29,847 - Turma: Design e Modelagem 3D: Módulo 02 - Qua e Sex - 14:30 - 16:40
2024-06-21 14:29:29,848 - Fim da turma.
2024-06-21 14:29:29,848 - 
2024-06-21 14:29:29,849 - Fim da turma.
2024-06-21 14:29:29,849 - 
2024-06-21 14:29:29,849 - 
2024-06-21 14:29:29,849 - 
2024-06-21 14:29:29,849 - 
2024-06-21 14:29:29,849 - 
2024-06-21 14:29:29,849 - 
2024-06-21 14:29:29,849 - 
2024-06-21 14:29:29,849 - 
2024-06-21 14:29:29,849 - Turma: Informática Básica - Ter e Qui - 16:10 - 18:10
2024-06-21 14:29:29,849 - 
2024-06-21 14:29:29,851 - Turma: Gestão de Pessoas - Terça - 13:00 - 16:00
2024-06-21 14:29:29,853 - Fim da turma.
2024-06-21 14:29:29,853 - Fim da turma.
2024-06-21 14:29:29,853 - 
2024-06-21 14:29:29,853 - 
2024-06-21 14:29:29,853 - 
2024-06-21 14:29:29,853 - 
2024-06-21 14:29:29,853 - 
2024-06-21 14:29:29,854 - 
2024-06-21 14:29:29,854 - 
2024-06-21 14:29:29,854 - 
2024-06-21 14:29:29,854 - 
2024-06-21 14:29:29,854 - 
2024-06-21 14:29:29,854 - Turma: Informática Básica - Ter e Qui - 18:20 - 20:20
2024-06-21 14:29:29,854 - Turma: Gestão de Pessoas - Quinta - 09:00 - 12:00
2024-06-21 14:29:29,856 - Fim da turma.
2024-06-21 14:29:29,857 - Fim da turma.
2024-06-21 14:29:29,857 - 
2024-06-21 14:29:29,857 - 
2024-06-21 14:29:29,857 - 
2024-06-21 14:29:29,857 - 
2024-06-21 14:29:29,857 - 
2024-06-21 14:29:29,857 - 
2024-06-21 14:29:29,857 - 
2024-06-21 14:29:29,857 - 
2024-06-21 14:29:29,857 - 
2024-06-21 14:29:29,857 - 
2024-06-21 14:29:29,857 - Turma: Informática Básica - Qua e Sex - 08:40 - 10:40
2024-06-21 14:29:29,858 - Turma: Gestão de Pessoas - Quinta - 17:30 - 20:30
2024-06-21 14:29:29,860 - Fim da turma.
2024-06-21 14:29:29,860 - 
2024-06-21 14:29:29,860 - 
2024-06-21 14:29:29,860 - 
2024-06-21 14:29:29,860 - 
2024-06-21 14:29:29,860 - 
2024-06-21 14:29:29,860 - Turma: Informática Básica - Qua e Sex - 14:00 - 16:00
2024-06-21 14:29:29,867 - Fim da turma.
2024-06-21 14:29:29,867 - 
2024-06-21 14:29:29,867 - 
2024-06-21 14:29:29,867 - 
2024-06-21 14:29:29,867 - 
2024-06-21 14:29:29,867 - 
2024-06-21 14:29:29,867 - Turma: Gestão de Pessoas - Sexta - 13:00 - 16:00
2024-06-21 14:29:29,870 - Fim da turma.
2024-06-21 14:29:29,870 - 
2024-06-21 14:29:29,870 - 
2024-06-21 14:29:29,870 - 
2024-06-21 14:29:29,870 - 
2024-06-21 14:29:29,870 - 
2024-06-21 14:29:29,870 - Turma: Excel Intermediário - Seg e Qua - 08:40 - 10:40
2024-06-21 14:29:29,870 - Fim da turma.
2024-06-21 14:29:29,870 - 
2024-06-21 14:29:29,870 - Fim da turma.
2024-06-21 14:29:29,870 - 
2024-06-21 14:29:29,870 - 
2024-06-21 14:29:29,870 - 
2024-06-21 14:29:29,870 - 
2024-06-21 14:29:29,870 - 
2024-06-21 14:29:29,870 - 
2024-06-21 14:29:29,870 - 
2024-06-21 14:29:29,870 - 
2024-06-21 14:29:29,870 - Turma: Educação Financeira - Terça - 09:00 - 12:00
2024-06-21 14:29:29,870 - 
2024-06-21 14:29:29,870 - Turma: Excel Intermediário - Seg e Qua - 14:10 - 16:10
2024-06-21 14:29:29,870 - Fim da turma.
2024-06-21 14:29:29,870 - Fim da turma.
2024-06-21 14:29:29,870 - 
2024-06-21 14:29:29,870 - 
2024-06-21 14:29:29,870 - 
2024-06-21 14:29:29,870 - 
2024-06-21 14:29:29,870 - 
2024-06-21 14:29:29,870 - 
2024-06-21 14:29:29,870 - 
2024-06-21 14:29:29,870 - 
2024-06-21 14:29:29,870 - 
2024-06-21 14:29:29,870 - 
2024-06-21 14:29:29,870 - Turma: Educação Financeira - Terça - 17:30 - 20:30
2024-06-21 14:29:29,870 - Turma: Excel Intermediário - Seg e Qua - 16:20 - 18:20
2024-06-21 14:29:29,881 - Fim da turma.
2024-06-21 14:29:29,882 - Fim da turma.
2024-06-21 14:29:29,882 - 
2024-06-21 14:29:29,882 - 
2024-06-21 14:29:29,882 - 
2024-06-21 14:29:29,882 - 
2024-06-21 14:29:29,882 - 
2024-06-21 14:29:29,882 - 
2024-06-21 14:29:29,882 - 
2024-06-21 14:29:29,882 - 
2024-06-21 14:29:29,882 - 
2024-06-21 14:29:29,882 - 
2024-06-21 14:29:29,882 - Turma: Educação Financeira - Quinta - 13:00 - 16:00
2024-06-21 14:29:29,882 - Turma: Excel Intermediário - Seg e Qua - 18:30 - 20:30
2024-06-21 14:29:29,882 - Fim da turma.
2024-06-21 14:29:29,882 - Fim da turma.
2024-06-21 14:29:29,882 - 
2024-06-21 14:29:29,882 - 
2024-06-21 14:29:29,882 - 
2024-06-21 14:29:29,882 - 
2024-06-21 14:29:29,882 - 
2024-06-21 14:29:29,882 - 
2024-06-21 14:29:29,882 - 
2024-06-21 14:29:29,882 - 
2024-06-21 14:29:29,882 - 
2024-06-21 14:29:29,882 - 
2024-06-21 14:29:29,882 - Turma: Educação Financeira - Sexta - 09:00 - 12:00
2024-06-21 14:29:29,882 - Turma: Excel Avançado - Seg e Qua - 10:50 - 13:10
2024-06-21 14:29:29,890 - Fim da turma.
2024-06-21 14:29:29,890 - Fim da turma.
2024-06-21 14:29:29,890 - 
2024-06-21 14:29:29,890 - 
2024-06-21 14:29:29,890 - 
2024-06-21 14:29:29,890 - 
2024-06-21 14:29:29,890 - 
2024-06-21 14:29:29,890 - 
2024-06-21 14:29:29,890 - 
2024-06-21 14:29:29,890 - 
2024-06-21 14:29:29,890 - 
2024-06-21 14:29:29,890 - 
2024-06-21 14:29:29,890 - Turma: Marketing Digital - Segunda - 09:00 - 12:00
2024-06-21 14:29:29,890 - Turma: Excel Avançado - Ter e Qui - 13:30 - 15:20
2024-06-21 14:29:29,890 - Fim da turma.
2024-06-21 14:29:29,890 - Fim da turma.
2024-06-21 14:29:29,890 - 
2024-06-21 14:29:29,890 - 
2024-06-21 14:29:29,890 - 
2024-06-21 14:29:29,890 - 
2024-06-21 14:29:29,890 - 
2024-06-21 14:29:29,890 - 
2024-06-21 14:29:29,890 - 
2024-06-21 14:29:29,890 - 
2024-06-21 14:29:29,890 - 
2024-06-21 14:29:29,890 - 
2024-06-21 14:29:29,890 - Turma: Marketing Digital - Segunda - 17:30 - 20:30
2024-06-21 14:29:29,890 - Turma: Montagem e Manutenção de Computadores - Seg e Qua - 08:40 - 10:40
2024-06-21 14:29:29,897 - Fim da turma.
2024-06-21 14:29:29,899 - 
2024-06-21 14:29:29,899 - Fim da turma.
2024-06-21 14:29:29,899 - 
2024-06-21 14:29:29,899 - 
2024-06-21 14:29:29,899 - 
2024-06-21 14:29:29,899 - 
2024-06-21 14:29:29,899 - 
2024-06-21 14:29:29,900 - 
2024-06-21 14:29:29,900 - 
2024-06-21 14:29:29,900 - 
2024-06-21 14:29:29,900 - Turma: Montagem e Manutenção de Computadores - Seg e Qua - 10:50 - 12:50
2024-06-21 14:29:29,900 - 
2024-06-21 14:29:29,900 - Turma: Marketing Digital - Quarta - 13:00 - 16:00
2024-06-21 14:29:29,900 - Fim da turma.
2024-06-21 14:29:29,900 - 
2024-06-21 14:29:29,900 - 
2024-06-21 14:29:29,900 - Fim da turma.
2024-06-21 14:29:29,900 - 
2024-06-21 14:29:29,900 - 
2024-06-21 14:29:29,900 - 
2024-06-21 14:29:29,900 - 
2024-06-21 14:29:29,900 - 
2024-06-21 14:29:29,900 - 
2024-06-21 14:29:29,900 - Turma: Montagem e Manutenção de Computadores - Seg e Qua - 14:00 - 16:00
2024-06-21 14:29:29,900 - 
2024-06-21 14:29:29,900 - 
2024-06-21 14:29:29,900 - Turma: Marketing Digital - Sexta - 17:30 - 20:30
2024-06-21 14:29:29,900 - Fim da turma.
2024-06-21 14:29:29,900 - 
2024-06-21 14:29:29,900 - Fim da turma.
2024-06-21 14:29:29,900 - 
2024-06-21 14:29:29,900 - 
2024-06-21 14:29:29,900 - 
2024-06-21 14:29:29,900 - 
2024-06-21 14:29:29,900 - 
2024-06-21 14:29:29,900 - 
2024-06-21 14:29:29,900 - 
2024-06-21 14:29:29,900 - 
2024-06-21 14:29:29,909 - Turma: Montagem e Manutenção de Computadores - Seg e Qua - 16:10 - 18:10
2024-06-21 14:29:29,909 - 
2024-06-21 14:29:29,909 - Turma: Marketing Empreendedor - Segunda - 13:00 - 16:00
2024-06-21 14:29:29,910 - Fim da turma.
2024-06-21 14:29:29,910 - Fim da turma.
2024-06-21 14:29:29,910 - 
2024-06-21 14:29:29,910 - 
2024-06-21 14:29:29,910 - 
2024-06-21 14:29:29,910 - 
2024-06-21 14:29:29,910 - 
2024-06-21 14:29:29,910 - 
2024-06-21 14:29:29,910 - 
2024-06-21 14:29:29,910 - 
2024-06-21 14:29:29,910 - 
2024-06-21 14:29:29,910 - 
2024-06-21 14:29:29,910 - Turma: Montagem e Manutenção de Computadores - Seg e Qua - 18:20 - 20:20
2024-06-21 14:29:29,910 - Turma: Marketing Empreendedor - Quarta - 09:00 - 12:00
2024-06-21 14:29:29,910 - Fim da turma.
2024-06-21 14:29:29,910 - 
2024-06-21 14:29:29,910 - 
2024-06-21 14:29:29,915 - Fim da turma.
2024-06-21 14:29:29,915 - 
2024-06-21 14:29:29,915 - 
2024-06-21 14:29:29,915 - 
2024-06-21 14:29:29,915 - 
2024-06-21 14:29:29,915 - 
2024-06-21 14:29:29,916 - 
2024-06-21 14:29:29,916 - Turma: Montagem e Manutenção de Computadores - Ter e Qui - 08:40 - 10:40
2024-06-21 14:29:29,916 - 
2024-06-21 14:29:29,916 - 
2024-06-21 14:29:29,917 - Turma: Marketing Empreendedor - Quarta - 17:30 - 20:30
2024-06-21 14:29:29,918 - Fim da turma.
2024-06-21 14:29:29,918 - 
2024-06-21 14:29:29,919 - 
2024-06-21 14:29:29,919 - Fim da turma.
2024-06-21 14:29:29,919 - 
2024-06-21 14:29:29,919 - 
2024-06-21 14:29:29,919 - 
2024-06-21 14:29:29,919 - 
2024-06-21 14:29:29,919 - 
2024-06-21 14:29:29,919 - 
2024-06-21 14:29:29,919 - Turma: Montagem e Manutenção de Computadores - Ter e Qui - 10:50 - 12:50
2024-06-21 14:29:29,919 - 
2024-06-21 14:29:29,919 - 
2024-06-21 14:29:29,920 - Turma: Marketing Empreendedor - Sexta - 13:00 - 16:00
2024-06-21 14:29:29,920 - Fim da turma.
2024-06-21 14:29:29,921 - 
2024-06-21 14:29:29,921 - 
2024-06-21 14:29:29,921 - Fim da turma.
2024-06-21 14:29:29,921 - 
2024-06-21 14:29:29,922 - 
2024-06-21 14:29:29,922 - 
2024-06-21 14:29:29,922 - 
2024-06-21 14:29:29,922 - 
2024-06-21 14:29:29,922 - 
2024-06-21 14:29:29,922 - Turma: Montagem e Manutenção de Computadores - Ter e Qui - 14:00 - 16:00
2024-06-21 14:29:29,922 - 
2024-06-21 14:29:29,923 - 
2024-06-21 14:29:29,923 - Fim do sorteio
2024-06-21 14:29:29,923 - Fim da turma.
2024-06-21 14:29:29,924 - 
2024-06-21 14:29:29,924 - 
2024-06-21 14:29:29,924 - 
2024-06-21 14:29:29,924 - 
2024-06-21 14:29:29,924 - 
2024-06-21 14:29:29,924 - Turma: Montagem e Manutenção de Computadores - Ter e Qui - 16:10 - 18:10
2024-06-21 14:29:29,925 - Fim da turma.
2024-06-21 14:29:29,925 - 
2024-06-21 14:29:29,925 - 
2024-06-21 14:29:29,925 - 
2024-06-21 14:29:29,925 - 
2024-06-21 14:29:29,925 - 
2024-06-21 14:29:29,926 - Turma: Robótica e Automação: Módulo 01 - Seg e Qua - 08:40 - 10:40
2024-06-21 14:29:29,927 - Fim da turma.
2024-06-21 14:29:29,927 - 
2024-06-21 14:29:29,927 - 
2024-06-21 14:29:29,927 - 
2024-06-21 14:29:29,927 - 
2024-06-21 14:29:29,927 - 
2024-06-21 14:29:29,927 - Turma: Robótica e Automação: Módulo 01 - Seg e Qua - 14:00 - 16:00
2024-06-21 14:29:29,928 - Fim da turma.
2024-06-21 14:29:29,928 - 
2024-06-21 14:29:29,928 - 
2024-06-21 14:29:29,928 - 
2024-06-21 14:29:29,928 - 
2024-06-21 14:29:29,928 - 
2024-06-21 14:29:29,928 - Turma: Robótica e Automação: Módulo 01 - Ter e Qui - 10:50 - 12:50
2024-06-21 14:29:29,930 - Fim da turma.
2024-06-21 14:29:29,930 - 
2024-06-21 14:29:29,931 - 
2024-06-21 14:29:29,931 - 
2024-06-21 14:29:29,931 - 
2024-06-21 14:29:29,931 - 
2024-06-21 14:29:29,931 - Turma: Robótica e Automação: Módulo 01 - Ter e Qui - 16:10 - 18:10
2024-06-21 14:29:29,932 - Fim da turma.
2024-06-21 14:29:29,933 - 
2024-06-21 14:29:29,933 - 
2024-06-21 14:29:29,933 - 
2024-06-21 14:29:29,933 - 
2024-06-21 14:29:29,933 - 
2024-06-21 14:29:29,933 - Turma: Robótica e Automação: Módulo 02 - Seg e Qua - 10:50 - 12:50
2024-06-21 14:29:29,934 - Fim da turma.
2024-06-21 14:29:29,934 - 
2024-06-21 14:29:29,934 - 
2024-06-21 14:29:29,934 - 
2024-06-21 14:29:29,934 - 
2024-06-21 14:29:29,934 - 
2024-06-21 14:29:29,934 - Turma: Robótica e Automação: Módulo 02 - Seg e Qua - 16:10 - 18:10
2024-06-21 14:29:29,936 - Fim da turma.
2024-06-21 14:29:29,936 - 
2024-06-21 14:29:29,936 - 
2024-06-21 14:29:29,936 - 
2024-06-21 14:29:29,936 - 
2024-06-21 14:29:29,936 - 
2024-06-21 14:29:29,936 - Turma: Robótica e Automação: Módulo 02 - Ter e Qui - 14:00 - 16:00
2024-06-21 14:29:29,937 - Fim da turma.
2024-06-21 14:29:29,937 - 
2024-06-21 14:29:29,937 - 
2024-06-21 14:29:29,937 - 
2024-06-21 14:29:29,938 - 
2024-06-21 14:29:29,938 - 
2024-06-21 14:29:29,938 - Turma: Robótica e Automação: Módulo 02 - Ter e Qui - 18:20 - 20:20
2024-06-21 14:29:29,939 - Fim da turma.
2024-06-21 14:29:29,939 - 
2024-06-21 14:29:29,939 - 
2024-06-21 14:29:29,939 - 
2024-06-21 14:29:29,939 - 
2024-06-21 14:29:29,939 - 
2024-06-21 14:29:29,939 - Turma: Robótica e Automação: Módulo 03 - Seg e Qua - 18:20 - 20:20
2024-06-21 14:29:29,940 - Fim da turma.
2024-06-21 14:29:29,940 - 
2024-06-21 14:29:29,940 - 
2024-06-21 14:29:29,940 - 
2024-06-21 14:29:29,940 - 
2024-06-21 14:29:29,940 - 
2024-06-21 14:29:29,940 - Turma: Robótica e Automação: Módulo 03 - Ter e Qui - 08:40 - 10:40
2024-06-21 14:29:29,942 - Fim da turma.
2024-06-21 14:29:29,942 - 
2024-06-21 14:29:29,942 - 
2024-06-21 14:29:29,942 - 
2024-06-21 14:29:29,942 - 
2024-06-21 14:29:29,942 - 
2024-06-21 14:29:29,942 - Turma: Design e Modelagem 3D: Módulo 01 - Ter e Qui - 08:40 - 09:50
2024-06-21 14:29:29,943 - Fim da turma.
2024-06-21 14:29:29,943 - 
2024-06-21 14:29:29,943 - 
2024-06-21 14:29:29,943 - 
2024-06-21 14:29:29,943 - 
2024-06-21 14:29:29,943 - 
2024-06-21 14:29:29,944 - Turma: Design e Modelagem 3D: Módulo 01 - Ter e Qui - 13:20 - 14:30
2024-06-21 14:29:29,945 - Fim da turma.
2024-06-21 14:29:29,945 - 
2024-06-21 14:29:29,945 - 
2024-06-21 14:29:29,945 - 
2024-06-21 14:29:29,945 - 
2024-06-21 14:29:29,945 - 
2024-06-21 14:29:29,945 - Turma: Design e Modelagem 3D: Módulo 01 - Ter e Qui - 17:00 - 18:10
2024-06-21 14:29:29,946 - Fim da turma.
2024-06-21 14:29:29,947 - 
2024-06-21 14:29:29,947 - 
2024-06-21 14:29:29,947 - 
2024-06-21 14:29:29,947 - 
2024-06-21 14:29:29,947 - 
2024-06-21 14:29:29,947 - Turma: Design e Modelagem 3D: Módulo 01 - Qua e Sex - 11:00 - 12:10
2024-06-21 14:29:29,949 - Fim da turma.
2024-06-21 14:29:29,949 - 
2024-06-21 14:29:29,949 - 
2024-06-21 14:29:29,949 - 
2024-06-21 14:29:29,949 - 
2024-06-21 14:29:29,949 - 
2024-06-21 14:29:29,949 - Turma: Design e Modelagem 3D: Módulo 01 - Qua e Sex - 13:10 - 14:20
2024-06-21 14:29:29,950 - Fim da turma.
2024-06-21 14:29:29,950 - 
2024-06-21 14:29:29,950 - 
2024-06-21 14:29:29,950 - 
2024-06-21 14:29:29,950 - 
2024-06-21 14:29:29,950 - 
2024-06-21 14:29:29,950 - Turma: Design e Modelagem 3D: Módulo 02 - Ter e Qui - 10:00 - 12:10
2024-06-21 14:29:29,952 - Fim da turma.
2024-06-21 14:29:29,952 - 
2024-06-21 14:29:29,952 - 
2024-06-21 14:29:29,952 - 
2024-06-21 14:29:29,952 - 
2024-06-21 14:29:29,952 - 
2024-06-21 14:29:29,952 - Turma: Design e Modelagem 3D: Módulo 02 - Ter e Qui - 14:40 - 16:50
2024-06-21 14:29:29,953 - Fim da turma.
2024-06-21 14:29:29,953 - 
2024-06-21 14:29:29,953 - 
2024-06-21 14:29:29,953 - 
2024-06-21 14:29:29,954 - 
2024-06-21 14:29:29,954 - 
2024-06-21 14:29:29,954 - Turma: Design e Modelagem 3D: Módulo 02 - Ter e Qui - 18:20 - 20:30
2024-06-21 14:29:29,955 - Fim da turma.
2024-06-21 14:29:29,955 - 
2024-06-21 14:29:29,955 - 
2024-06-21 14:29:29,955 - 
2024-06-21 14:29:29,955 - 
2024-06-21 14:29:29,955 - 
2024-06-21 14:29:29,955 - Turma: Design e Modelagem 3D: Módulo 02 - Qua e Sex - 08:40 - 10:50
2024-06-21 14:29:29,957 - Fim da turma.
2024-06-21 14:29:29,957 - 
2024-06-21 14:29:29,957 - 
2024-06-21 14:29:29,957 - 
2024-06-21 14:29:29,957 - 
2024-06-21 14:29:29,957 - 
2024-06-21 14:29:29,957 - Turma: Design e Modelagem 3D: Módulo 02 - Qua e Sex - 14:30 - 16:40
2024-06-21 14:29:29,959 - Fim da turma.
2024-06-21 14:29:29,959 - 
2024-06-21 14:29:29,959 - 
2024-06-21 14:29:29,959 - 
2024-06-21 14:29:29,959 - 
2024-06-21 14:29:29,959 - 
2024-06-21 14:29:29,959 - Turma: Gestão de Pessoas - Terça - 13:00 - 16:00
2024-06-21 14:29:29,960 - Fim da turma.
2024-06-21 14:29:29,960 - 
2024-06-21 14:29:29,960 - 
2024-06-21 14:29:29,960 - 
2024-06-21 14:29:29,960 - 
2024-06-21 14:29:29,960 - 
2024-06-21 14:29:29,960 - Turma: Gestão de Pessoas - Quinta - 09:00 - 12:00
2024-06-21 14:29:29,961 - Fim da turma.
2024-06-21 14:29:29,961 - 
2024-06-21 14:29:29,961 - 
2024-06-21 14:29:29,961 - 
2024-06-21 14:29:29,961 - 
2024-06-21 14:29:29,962 - 
2024-06-21 14:29:29,962 - Turma: Gestão de Pessoas - Quinta - 17:30 - 20:30
2024-06-21 14:29:29,963 - Fim da turma.
2024-06-21 14:29:29,963 - 
2024-06-21 14:29:29,963 - 
2024-06-21 14:29:29,963 - 
2024-06-21 14:29:29,963 - 
2024-06-21 14:29:29,963 - 
2024-06-21 14:29:29,963 - Turma: Gestão de Pessoas - Sexta - 13:00 - 16:00
2024-06-21 14:29:29,965 - Fim da turma.
2024-06-21 14:29:29,965 - 
2024-06-21 14:29:29,965 - 
2024-06-21 14:29:29,965 - 
2024-06-21 14:29:29,965 - 
2024-06-21 14:29:29,965 - 
2024-06-21 14:29:29,965 - Turma: Educação Financeira - Terça - 09:00 - 12:00
2024-06-21 14:29:29,967 - Fim da turma.
2024-06-21 14:29:29,967 - 
2024-06-21 14:29:29,967 - 
2024-06-21 14:29:29,967 - 
2024-06-21 14:29:29,967 - 
2024-06-21 14:29:29,967 - 
2024-06-21 14:29:29,967 - Turma: Educação Financeira - Terça - 17:30 - 20:30
2024-06-21 14:29:29,968 - Fim da turma.
2024-06-21 14:29:29,968 - 
2024-06-21 14:29:29,968 - 
2024-06-21 14:29:29,968 - 
2024-06-21 14:29:29,968 - 
2024-06-21 14:29:29,969 - 
2024-06-21 14:29:29,969 - Turma: Educação Financeira - Quinta - 13:00 - 16:00
2024-06-21 14:29:29,970 - Fim da turma.
2024-06-21 14:29:29,970 - 
2024-06-21 14:29:29,970 - 
2024-06-21 14:29:29,971 - 
2024-06-21 14:29:29,971 - 
2024-06-21 14:29:29,971 - 
2024-06-21 14:29:29,971 - Turma: Educação Financeira - Sexta - 09:00 - 12:00
2024-06-21 14:29:29,972 - Fim da turma.
2024-06-21 14:29:29,972 - 
2024-06-21 14:29:29,972 - 
2024-06-21 14:29:29,972 - 
2024-06-21 14:29:29,972 - 
2024-06-21 14:29:29,972 - 
2024-06-21 14:29:29,972 - Turma: Marketing Digital - Segunda - 09:00 - 12:00
2024-06-21 14:29:29,973 - Fim da turma.
2024-06-21 14:29:29,973 - 
2024-06-21 14:29:29,973 - 
2024-06-21 14:29:29,974 - 
2024-06-21 14:29:29,974 - 
2024-06-21 14:29:29,974 - 
2024-06-21 14:29:29,974 - Turma: Marketing Digital - Segunda - 17:30 - 20:30
2024-06-21 14:29:29,975 - Fim da turma.
2024-06-21 14:29:29,975 - 
2024-06-21 14:29:29,975 - 
2024-06-21 14:29:29,975 - 
2024-06-21 14:29:29,975 - 
2024-06-21 14:29:29,975 - 
2024-06-21 14:29:29,975 - Turma: Marketing Digital - Quarta - 13:00 - 16:00
2024-06-21 14:29:29,977 - Fim da turma.
2024-06-21 14:29:29,977 - 
2024-06-21 14:29:29,977 - 
2024-06-21 14:29:29,977 - 
2024-06-21 14:29:29,977 - 
2024-06-21 14:29:29,977 - 
2024-06-21 14:29:29,977 - Turma: Marketing Digital - Sexta - 17:30 - 20:30
2024-06-21 14:29:29,978 - Fim da turma.
2024-06-21 14:29:29,978 - 
2024-06-21 14:29:29,978 - 
2024-06-21 14:29:29,978 - 
2024-06-21 14:29:29,979 - 
2024-06-21 14:29:29,979 - 
2024-06-21 14:29:29,979 - Turma: Marketing Empreendedor - Segunda - 13:00 - 16:00
2024-06-21 14:29:29,980 - Fim da turma.
2024-06-21 14:29:29,980 - 
2024-06-21 14:29:29,980 - 
2024-06-21 14:29:29,980 - 
2024-06-21 14:29:29,980 - 
2024-06-21 14:29:29,980 - 
2024-06-21 14:29:29,980 - Turma: Marketing Empreendedor - Quarta - 09:00 - 12:00
2024-06-21 14:29:29,982 - Fim da turma.
2024-06-21 14:29:29,982 - 
2024-06-21 14:29:29,982 - 
2024-06-21 14:29:29,982 - 
2024-06-21 14:29:29,982 - 
2024-06-21 14:29:29,982 - 
2024-06-21 14:29:29,982 - Turma: Marketing Empreendedor - Quarta - 17:30 - 20:30
2024-06-21 14:29:29,984 - Fim da turma.
2024-06-21 14:29:29,984 - 
2024-06-21 14:29:29,984 - 
2024-06-21 14:29:29,984 - 
2024-06-21 14:29:29,984 - 
2024-06-21 14:29:29,984 - 
2024-06-21 14:29:29,984 - Turma: Marketing Empreendedor - Sexta - 13:00 - 16:00
2024-06-21 14:29:29,985 - Fim da turma.
2024-06-21 14:29:29,985 - 
2024-06-21 14:29:29,985 - 
2024-06-21 14:29:29,985 - 
2024-06-21 14:29:29,986 - 
2024-06-21 14:29:29,986 - 
2024-06-21 14:29:29,986 - Fim do sorteio
2024-06-21 14:29:30,682 - Inicio do sorteio
2024-06-21 14:29:30,683 - Turma: Informática para Iniciantes e Melhor Idade - Ter e Qui - 08:40 - 10:40
2024-06-21 14:29:30,685 - Fim da turma.
2024-06-21 14:29:30,685 - 
2024-06-21 14:29:30,685 - 
2024-06-21 14:29:30,685 - 
2024-06-21 14:29:30,685 - 
2024-06-21 14:29:30,685 - 
2024-06-21 14:29:30,685 - Turma: Informática para Iniciantes e Melhor Idade - Ter e Qui - 14:00 - 16:00
2024-06-21 14:29:30,687 - Fim da turma.
2024-06-21 14:29:30,687 - 
2024-06-21 14:29:30,687 - 
2024-06-21 14:29:30,687 - 
2024-06-21 14:29:30,687 - 
2024-06-21 14:29:30,687 - 
2024-06-21 14:29:30,687 - Turma: Informática para Iniciantes e Melhor Idade - Ter e Qui - 16:00 - 18:20
2024-06-21 14:29:30,688 - Fim da turma.
2024-06-21 14:29:30,688 - 
2024-06-21 14:29:30,688 - 
2024-06-21 14:29:30,688 - 
2024-06-21 14:29:30,688 - 
2024-06-21 14:29:30,688 - 
2024-06-21 14:29:30,688 - Turma: Informática para Iniciantes e Melhor Idade - Ter e Qui - 18:30 - 20:30
2024-06-21 14:29:30,690 - Fim da turma.
2024-06-21 14:29:30,690 - 
2024-06-21 14:29:30,690 - 
2024-06-21 14:29:30,690 - 
2024-06-21 14:29:30,690 - 
2024-06-21 14:29:30,690 - 
2024-06-21 14:29:30,691 - Turma: Informática para Iniciantes e Melhor Idade - Qua e Sex - 10:50 - 12:50
2024-06-21 14:29:30,692 - Fim da turma.
2024-06-21 14:29:30,692 - 
2024-06-21 14:29:30,692 - 
2024-06-21 14:29:30,692 - 
2024-06-21 14:29:30,692 - 
2024-06-21 14:29:30,692 - 
2024-06-21 14:29:30,692 - Turma: Informática para Iniciantes e Melhor Idade - Qua e Sex - 16:10 - 18:10
2024-06-21 14:29:30,693 - Fim da turma.
2024-06-21 14:29:30,693 - 
2024-06-21 14:29:30,693 - 
2024-06-21 14:29:30,693 - 
2024-06-21 14:29:30,693 - 
2024-06-21 14:29:30,693 - 
2024-06-21 14:29:30,693 - Turma: Informática para Iniciantes e Melhor Idade - Qua e Sex - 18:20 - 20:20
2024-06-21 14:29:30,694 - Fim da turma.
2024-06-21 14:29:30,694 - 
2024-06-21 14:29:30,694 - 
2024-06-21 14:29:30,694 - 
2024-06-21 14:29:30,695 - 
2024-06-21 14:29:30,695 - 
2024-06-21 14:29:30,695 - Turma: Informática Básica - Ter e Qui - 10:30 - 12:30
2024-06-21 14:29:30,696 - Fim da turma.
2024-06-21 14:29:30,696 - 
2024-06-21 14:29:30,696 - 
2024-06-21 14:29:30,696 - 
2024-06-21 14:29:30,696 - 
2024-06-21 14:29:30,696 - 
2024-06-21 14:29:30,696 - Turma: Informática Básica - Ter e Qui - 10:50 - 12:50
2024-06-21 14:29:30,698 - Fim da turma.
2024-06-21 14:29:30,698 - 
2024-06-21 14:29:30,698 - 
2024-06-21 14:29:30,698 - 
2024-06-21 14:29:30,698 - 
2024-06-21 14:29:30,698 - 
2024-06-21 14:29:30,698 - Turma: Informática Básica - Ter e Qui - 16:10 - 18:10
2024-06-21 14:29:30,700 - Fim da turma.
2024-06-21 14:29:30,700 - 
2024-06-21 14:29:30,700 - 
2024-06-21 14:29:30,700 - 
2024-06-21 14:29:30,700 - 
2024-06-21 14:29:30,700 - 
2024-06-21 14:29:30,700 - Turma: Informática Básica - Ter e Qui - 18:20 - 20:20
2024-06-21 14:29:30,701 - Fim da turma.
2024-06-21 14:29:30,701 - 
2024-06-21 14:29:30,701 - 
2024-06-21 14:29:30,701 - 
2024-06-21 14:29:30,701 - 
2024-06-21 14:29:30,701 - 
2024-06-21 14:29:30,701 - Turma: Informática Básica - Qua e Sex - 08:40 - 10:40
2024-06-21 14:29:30,702 - Fim da turma.
2024-06-21 14:29:30,702 - 
2024-06-21 14:29:30,702 - 
2024-06-21 14:29:30,702 - 
2024-06-21 14:29:30,703 - 
2024-06-21 14:29:30,703 - 
2024-06-21 14:29:30,703 - Turma: Informática Básica - Qua e Sex - 14:00 - 16:00
2024-06-21 14:29:30,704 - Fim da turma.
2024-06-21 14:29:30,704 - 
2024-06-21 14:29:30,704 - 
2024-06-21 14:29:30,704 - 
2024-06-21 14:29:30,704 - 
2024-06-21 14:29:30,704 - 
2024-06-21 14:29:30,704 - Turma: Excel Intermediário - Seg e Qua - 08:40 - 10:40
2024-06-21 14:29:30,706 - Fim da turma.
2024-06-21 14:29:30,706 - 
2024-06-21 14:29:30,706 - 
2024-06-21 14:29:30,706 - 
2024-06-21 14:29:30,706 - 
2024-06-21 14:29:30,706 - 
2024-06-21 14:29:30,706 - Turma: Excel Intermediário - Seg e Qua - 14:10 - 16:10
2024-06-21 14:29:30,707 - Fim da turma.
2024-06-21 14:29:30,707 - 
2024-06-21 14:29:30,707 - 
2024-06-21 14:29:30,707 - 
2024-06-21 14:29:30,707 - 
2024-06-21 14:29:30,707 - 
2024-06-21 14:29:30,708 - Turma: Excel Intermediário - Seg e Qua - 16:20 - 18:20
2024-06-21 14:29:30,710 - Fim da turma.
2024-06-21 14:29:30,710 - 
2024-06-21 14:29:30,710 - 
2024-06-21 14:29:30,710 - 
2024-06-21 14:29:30,710 - 
2024-06-21 14:29:30,710 - 
2024-06-21 14:29:30,710 - Turma: Excel Intermediário - Seg e Qua - 18:30 - 20:30
2024-06-21 14:29:30,711 - Fim da turma.
2024-06-21 14:29:30,711 - 
2024-06-21 14:29:30,711 - 
2024-06-21 14:29:30,711 - 
2024-06-21 14:29:30,711 - 
2024-06-21 14:29:30,711 - 
2024-06-21 14:29:30,711 - Turma: Excel Avançado - Seg e Qua - 10:50 - 13:10
2024-06-21 14:29:30,712 - Fim da turma.
2024-06-21 14:29:30,712 - 
2024-06-21 14:29:30,712 - 
2024-06-21 14:29:30,712 - 
2024-06-21 14:29:30,712 - 
2024-06-21 14:29:30,712 - 
2024-06-21 14:29:30,712 - Turma: Excel Avançado - Ter e Qui - 13:30 - 15:20
2024-06-21 14:29:30,714 - Fim da turma.
2024-06-21 14:29:30,714 - 
2024-06-21 14:29:30,714 - 
2024-06-21 14:29:30,714 - 
2024-06-21 14:29:30,714 - 
2024-06-21 14:29:30,714 - 
2024-06-21 14:29:30,714 - Turma: Montagem e Manutenção de Computadores - Seg e Qua - 08:40 - 10:40
2024-06-21 14:29:30,716 - Fim da turma.
2024-06-21 14:29:30,716 - 
2024-06-21 14:29:30,716 - 
2024-06-21 14:29:30,716 - 
2024-06-21 14:29:30,716 - 
2024-06-21 14:29:30,716 - 
2024-06-21 14:29:30,716 - Turma: Montagem e Manutenção de Computadores - Seg e Qua - 10:50 - 12:50
2024-06-21 14:29:30,718 - Fim da turma.
2024-06-21 14:29:30,718 - 
2024-06-21 14:29:30,718 - 
2024-06-21 14:29:30,718 - 
2024-06-21 14:29:30,718 - 
2024-06-21 14:29:30,718 - 
2024-06-21 14:29:30,718 - Turma: Montagem e Manutenção de Computadores - Seg e Qua - 14:00 - 16:00
2024-06-21 14:29:30,719 - Fim da turma.
2024-06-21 14:29:30,719 - 
2024-06-21 14:29:30,719 - 
2024-06-21 14:29:30,719 - 
2024-06-21 14:29:30,719 - 
2024-06-21 14:29:30,719 - 
2024-06-21 14:29:30,719 - Turma: Montagem e Manutenção de Computadores - Seg e Qua - 16:10 - 18:10
2024-06-21 14:29:30,720 - Fim da turma.
2024-06-21 14:29:30,720 - 
2024-06-21 14:29:30,720 - 
2024-06-21 14:29:30,721 - 
2024-06-21 14:29:30,721 - 
2024-06-21 14:29:30,721 - 
2024-06-21 14:29:30,721 - Turma: Montagem e Manutenção de Computadores - Seg e Qua - 18:20 - 20:20
2024-06-21 14:29:30,722 - Fim da turma.
2024-06-21 14:29:30,722 - 
2024-06-21 14:29:30,722 - 
2024-06-21 14:29:30,722 - 
2024-06-21 14:29:30,722 - 
2024-06-21 14:29:30,722 - 
2024-06-21 14:29:30,722 - Turma: Montagem e Manutenção de Computadores - Ter e Qui - 08:40 - 10:40
2024-06-21 14:29:30,724 - Fim da turma.
2024-06-21 14:29:30,724 - 
2024-06-21 14:29:30,724 - 
2024-06-21 14:29:30,724 - 
2024-06-21 14:29:30,724 - 
2024-06-21 14:29:30,724 - 
2024-06-21 14:29:30,724 - Turma: Montagem e Manutenção de Computadores - Ter e Qui - 10:50 - 12:50
2024-06-21 14:29:30,725 - Fim da turma.
2024-06-21 14:29:30,725 - 
2024-06-21 14:29:30,725 - 
2024-06-21 14:29:30,725 - 
2024-06-21 14:29:30,725 - 
2024-06-21 14:29:30,725 - 
2024-06-21 14:29:30,726 - Turma: Montagem e Manutenção de Computadores - Ter e Qui - 14:00 - 16:00
2024-06-21 14:29:30,727 - Fim da turma.
2024-06-21 14:29:30,727 - 
2024-06-21 14:29:30,727 - 
2024-06-21 14:29:30,727 - 
2024-06-21 14:29:30,727 - 
2024-06-21 14:29:30,727 - 
2024-06-21 14:29:30,727 - Turma: Montagem e Manutenção de Computadores - Ter e Qui - 16:10 - 18:10
2024-06-21 14:29:30,728 - Fim da turma.
2024-06-21 14:29:30,728 - 
2024-06-21 14:29:30,729 - 
2024-06-21 14:29:30,729 - 
2024-06-21 14:29:30,729 - 
2024-06-21 14:29:30,729 - 
2024-06-21 14:29:30,729 - Turma: Robótica e Automação: Módulo 01 - Seg e Qua - 08:40 - 10:40
2024-06-21 14:29:30,730 - Fim da turma.
2024-06-21 14:29:30,731 - 
2024-06-21 14:29:30,731 - 
2024-06-21 14:29:30,731 - 
2024-06-21 14:29:30,731 - 
2024-06-21 14:29:30,731 - 
2024-06-21 14:29:30,731 - Turma: Robótica e Automação: Módulo 01 - Seg e Qua - 14:00 - 16:00
2024-06-21 14:29:30,732 - Fim da turma.
2024-06-21 14:29:30,732 - 
2024-06-21 14:29:30,732 - 
2024-06-21 14:29:30,732 - 
2024-06-21 14:29:30,732 - 
2024-06-21 14:29:30,732 - 
2024-06-21 14:29:30,732 - Turma: Robótica e Automação: Módulo 01 - Ter e Qui - 10:50 - 12:50
2024-06-21 14:29:30,732 - Fim da turma.
2024-06-21 14:29:30,732 - 
2024-06-21 14:29:30,732 - 
2024-06-21 14:29:30,732 - 
2024-06-21 14:29:30,732 - 
2024-06-21 14:29:30,732 - 
2024-06-21 14:29:30,732 - Turma: Robótica e Automação: Módulo 01 - Ter e Qui - 16:10 - 18:10
2024-06-21 14:29:30,732 - Fim da turma.
2024-06-21 14:29:30,732 - 
2024-06-21 14:29:30,732 - 
2024-06-21 14:29:30,732 - 
2024-06-21 14:29:30,732 - 
2024-06-21 14:29:30,732 - 
2024-06-21 14:29:30,732 - Turma: Robótica e Automação: Módulo 02 - Seg e Qua - 10:50 - 12:50
2024-06-21 14:29:30,732 - Fim da turma.
2024-06-21 14:29:30,732 - 
2024-06-21 14:29:30,732 - 
2024-06-21 14:29:30,732 - 
2024-06-21 14:29:30,732 - 
2024-06-21 14:29:30,732 - 
2024-06-21 14:29:30,732 - Turma: Robótica e Automação: Módulo 02 - Seg e Qua - 16:10 - 18:10
2024-06-21 14:29:30,732 - Fim da turma.
2024-06-21 14:29:30,732 - 
2024-06-21 14:29:30,732 - 
2024-06-21 14:29:30,732 - 
2024-06-21 14:29:30,732 - 
2024-06-21 14:29:30,732 - 
2024-06-21 14:29:30,732 - Turma: Robótica e Automação: Módulo 02 - Ter e Qui - 14:00 - 16:00
2024-06-21 14:29:30,740 - Fim da turma.
2024-06-21 14:29:30,740 - 
2024-06-21 14:29:30,740 - 
2024-06-21 14:29:30,740 - 
2024-06-21 14:29:30,740 - 
2024-06-21 14:29:30,740 - 
2024-06-21 14:29:30,740 - Turma: Robótica e Automação: Módulo 02 - Ter e Qui - 18:20 - 20:20
2024-06-21 14:29:30,740 - Fim da turma.
2024-06-21 14:29:30,740 - 
2024-06-21 14:29:30,740 - 
2024-06-21 14:29:30,740 - 
2024-06-21 14:29:30,740 - 
2024-06-21 14:29:30,740 - 
2024-06-21 14:29:30,740 - Turma: Robótica e Automação: Módulo 03 - Seg e Qua - 18:20 - 20:20
2024-06-21 14:29:30,740 - Fim da turma.
2024-06-21 14:29:30,740 - 
2024-06-21 14:29:30,740 - 
2024-06-21 14:29:30,740 - 
2024-06-21 14:29:30,740 - 
2024-06-21 14:29:30,740 - 
2024-06-21 14:29:30,740 - Turma: Robótica e Automação: Módulo 03 - Ter e Qui - 08:40 - 10:40
2024-06-21 14:29:30,740 - Fim da turma.
2024-06-21 14:29:30,740 - 
2024-06-21 14:29:30,740 - 
2024-06-21 14:29:30,740 - 
2024-06-21 14:29:30,740 - 
2024-06-21 14:29:30,740 - 
2024-06-21 14:29:30,740 - Turma: Design e Modelagem 3D: Módulo 01 - Ter e Qui - 08:40 - 09:50
2024-06-21 14:29:30,740 - Fim da turma.
2024-06-21 14:29:30,740 - 
2024-06-21 14:29:30,740 - 
2024-06-21 14:29:30,740 - 
2024-06-21 14:29:30,740 - 
2024-06-21 14:29:30,740 - 
2024-06-21 14:29:30,740 - Turma: Design e Modelagem 3D: Módulo 01 - Ter e Qui - 13:20 - 14:30
2024-06-21 14:29:30,748 - Fim da turma.
2024-06-21 14:29:30,748 - 
2024-06-21 14:29:30,748 - 
2024-06-21 14:29:30,748 - 
2024-06-21 14:29:30,748 - 
2024-06-21 14:29:30,748 - 
2024-06-21 14:29:30,748 - Turma: Design e Modelagem 3D: Módulo 01 - Ter e Qui - 17:00 - 18:10
2024-06-21 14:29:30,750 - Fim da turma.
2024-06-21 14:29:30,750 - 
2024-06-21 14:29:30,750 - 
2024-06-21 14:29:30,750 - 
2024-06-21 14:29:30,750 - 
2024-06-21 14:29:30,750 - 
2024-06-21 14:29:30,750 - Turma: Design e Modelagem 3D: Módulo 01 - Qua e Sex - 11:00 - 12:10
2024-06-21 14:29:30,750 - Fim da turma.
2024-06-21 14:29:30,750 - 
2024-06-21 14:29:30,750 - 
2024-06-21 14:29:30,750 - 
2024-06-21 14:29:30,750 - 
2024-06-21 14:29:30,750 - 
2024-06-21 14:29:30,750 - Turma: Design e Modelagem 3D: Módulo 01 - Qua e Sex - 13:10 - 14:20
2024-06-21 14:29:30,750 - Fim da turma.
2024-06-21 14:29:30,750 - 
2024-06-21 14:29:30,750 - 
2024-06-21 14:29:30,750 - 
2024-06-21 14:29:30,750 - 
2024-06-21 14:29:30,750 - 
2024-06-21 14:29:30,750 - Turma: Design e Modelagem 3D: Módulo 02 - Ter e Qui - 10:00 - 12:10
2024-06-21 14:29:30,750 - Fim da turma.
2024-06-21 14:29:30,750 - 
2024-06-21 14:29:30,750 - 
2024-06-21 14:29:30,750 - 
2024-06-21 14:29:30,750 - 
2024-06-21 14:29:30,750 - 
2024-06-21 14:29:30,750 - Turma: Design e Modelagem 3D: Módulo 02 - Ter e Qui - 14:40 - 16:50
2024-06-21 14:29:30,750 - Fim da turma.
2024-06-21 14:29:30,750 - 
2024-06-21 14:29:30,750 - 
2024-06-21 14:29:30,750 - 
2024-06-21 14:29:30,750 - 
2024-06-21 14:29:30,750 - 
2024-06-21 14:29:30,750 - Turma: Design e Modelagem 3D: Módulo 02 - Ter e Qui - 18:20 - 20:30
2024-06-21 14:29:30,750 - Fim da turma.
2024-06-21 14:29:30,750 - 
2024-06-21 14:29:30,750 - 
2024-06-21 14:29:30,750 - 
2024-06-21 14:29:30,750 - 
2024-06-21 14:29:30,750 - 
2024-06-21 14:29:30,750 - Turma: Design e Modelagem 3D: Módulo 02 - Qua e Sex - 08:40 - 10:50
2024-06-21 14:29:30,760 - Fim da turma.
2024-06-21 14:29:30,760 - 
2024-06-21 14:29:30,760 - 
2024-06-21 14:29:30,760 - 
2024-06-21 14:29:30,760 - 
2024-06-21 14:29:30,760 - 
2024-06-21 14:29:30,760 - Turma: Design e Modelagem 3D: Módulo 02 - Qua e Sex - 14:30 - 16:40
2024-06-21 14:29:30,761 - Fim da turma.
2024-06-21 14:29:30,761 - 
2024-06-21 14:29:30,762 - 
2024-06-21 14:29:30,762 - 
2024-06-21 14:29:30,762 - 
2024-06-21 14:29:30,762 - 
2024-06-21 14:29:30,762 - Turma: Gestão de Pessoas - Terça - 13:00 - 16:00
2024-06-21 14:29:30,763 - Fim da turma.
2024-06-21 14:29:30,763 - 
2024-06-21 14:29:30,763 - 
2024-06-21 14:29:30,763 - 
2024-06-21 14:29:30,763 - 
2024-06-21 14:29:30,763 - 
2024-06-21 14:29:30,763 - Turma: Gestão de Pessoas - Quinta - 09:00 - 12:00
2024-06-21 14:29:30,765 - Fim da turma.
2024-06-21 14:29:30,765 - 
2024-06-21 14:29:30,765 - 
2024-06-21 14:29:30,765 - 
2024-06-21 14:29:30,765 - 
2024-06-21 14:29:30,765 - 
2024-06-21 14:29:30,765 - Turma: Gestão de Pessoas - Quinta - 17:30 - 20:30
2024-06-21 14:29:30,766 - Fim da turma.
2024-06-21 14:29:30,767 - 
2024-06-21 14:29:30,767 - 
2024-06-21 14:29:30,767 - 
2024-06-21 14:29:30,767 - 
2024-06-21 14:29:30,767 - 
2024-06-21 14:29:30,767 - Turma: Gestão de Pessoas - Sexta - 13:00 - 16:00
2024-06-21 14:29:30,768 - Fim da turma.
2024-06-21 14:29:30,768 - 
2024-06-21 14:29:30,768 - 
2024-06-21 14:29:30,768 - 
2024-06-21 14:29:30,768 - 
2024-06-21 14:29:30,768 - 
2024-06-21 14:29:30,768 - Turma: Educação Financeira - Terça - 09:00 - 12:00
2024-06-21 14:29:30,770 - Fim da turma.
2024-06-21 14:29:30,770 - 
2024-06-21 14:29:30,770 - 
2024-06-21 14:29:30,770 - 
2024-06-21 14:29:30,770 - 
2024-06-21 14:29:30,770 - 
2024-06-21 14:29:30,771 - Turma: Educação Financeira - Terça - 17:30 - 20:30
2024-06-21 14:29:30,772 - Fim da turma.
2024-06-21 14:29:30,772 - 
2024-06-21 14:29:30,772 - 
2024-06-21 14:29:30,772 - 
2024-06-21 14:29:30,772 - 
2024-06-21 14:29:30,772 - 
2024-06-21 14:29:30,772 - Turma: Educação Financeira - Quinta - 13:00 - 16:00
2024-06-21 14:29:30,773 - Fim da turma.
2024-06-21 14:29:30,773 - 
2024-06-21 14:29:30,773 - 
2024-06-21 14:29:30,773 - 
2024-06-21 14:29:30,773 - 
2024-06-21 14:29:30,773 - 
2024-06-21 14:29:30,773 - Turma: Educação Financeira - Sexta - 09:00 - 12:00
2024-06-21 14:29:30,775 - Fim da turma.
2024-06-21 14:29:30,775 - 
2024-06-21 14:29:30,775 - 
2024-06-21 14:29:30,775 - 
2024-06-21 14:29:30,775 - 
2024-06-21 14:29:30,775 - 
2024-06-21 14:29:30,775 - Turma: Marketing Digital - Segunda - 09:00 - 12:00
2024-06-21 14:29:30,776 - Fim da turma.
2024-06-21 14:29:30,776 - 
2024-06-21 14:29:30,776 - 
2024-06-21 14:29:30,777 - 
2024-06-21 14:29:30,777 - 
2024-06-21 14:29:30,777 - 
2024-06-21 14:29:30,777 - Turma: Marketing Digital - Segunda - 17:30 - 20:30
2024-06-21 14:29:30,778 - Fim da turma.
2024-06-21 14:29:30,778 - 
2024-06-21 14:29:30,778 - 
2024-06-21 14:29:30,778 - 
2024-06-21 14:29:30,778 - 
2024-06-21 14:29:30,778 - 
2024-06-21 14:29:30,778 - Turma: Marketing Digital - Quarta - 13:00 - 16:00
2024-06-21 14:29:30,780 - Fim da turma.
2024-06-21 14:29:30,780 - 
2024-06-21 14:29:30,780 - 
2024-06-21 14:29:30,780 - 
2024-06-21 14:29:30,780 - 
2024-06-21 14:29:30,780 - 
2024-06-21 14:29:30,780 - Turma: Marketing Digital - Sexta - 17:30 - 20:30
2024-06-21 14:29:30,781 - Fim da turma.
2024-06-21 14:29:30,781 - 
2024-06-21 14:29:30,781 - 
2024-06-21 14:29:30,781 - 
2024-06-21 14:29:30,781 - 
2024-06-21 14:29:30,781 - 
2024-06-21 14:29:30,781 - Turma: Marketing Empreendedor - Segunda - 13:00 - 16:00
2024-06-21 14:29:30,783 - Fim da turma.
2024-06-21 14:29:30,783 - 
2024-06-21 14:29:30,783 - 
2024-06-21 14:29:30,783 - 
2024-06-21 14:29:30,783 - 
2024-06-21 14:29:30,783 - 
2024-06-21 14:29:30,783 - Turma: Marketing Empreendedor - Quarta - 09:00 - 12:00
2024-06-21 14:29:30,784 - Fim da turma.
2024-06-21 14:29:30,784 - 
2024-06-21 14:29:30,784 - 
2024-06-21 14:29:30,784 - 
2024-06-21 14:29:30,785 - 
2024-06-21 14:29:30,785 - 
2024-06-21 14:29:30,785 - Turma: Marketing Empreendedor - Quarta - 17:30 - 20:30
2024-06-21 14:29:30,786 - Fim da turma.
2024-06-21 14:29:30,786 - 
2024-06-21 14:29:30,786 - 
2024-06-21 14:29:30,786 - 
2024-06-21 14:29:30,786 - 
2024-06-21 14:29:30,786 - 
2024-06-21 14:29:30,786 - Turma: Marketing Empreendedor - Sexta - 13:00 - 16:00
2024-06-21 14:29:30,788 - Fim da turma.
2024-06-21 14:29:30,788 - 
2024-06-21 14:29:30,788 - 
2024-06-21 14:29:30,788 - 
2024-06-21 14:29:30,788 - 
2024-06-21 14:29:30,788 - 
2024-06-21 14:29:30,788 - Fim do sorteio
