2024-06-27 17:35:00,781 - Inicio do sorteio
2024-06-27 17:35:00,782 - Turma: Informática para Iniciantes e Melhor Idade - Ter e Qui - 08:40 - 10:40
2024-06-27 17:35:00,784 - Dra. Ana Vitória Ramos - Cota
2024-06-27 17:35:00,790 - Benjamin da Cruz - Cota
2024-06-27 17:35:00,796 - Kamilly Costa - Cota
2024-06-27 17:35:00,804 - Sr. Benjamim Vargas - Ampla concorrência
2024-06-27 17:35:00,810 - Cecilia Sampaio - Ampla concorrência
2024-06-27 17:35:00,816 - Dra. Ana Pinto - Ampla concorrência
2024-06-27 17:35:00,822 - Larissa Camargo - Ampla concorrência
2024-06-27 17:35:00,827 - José Miguel Martins - Ampla concorrência
2024-06-27 17:35:00,832 - Sr. Isaac Macedo - Ampla concorrência
2024-06-27 17:35:00,836 - João Vitor Garcia - Ampla concorrência
2024-06-27 17:35:00,841 - Calebe Ribeiro - Ampla concorrência
2024-06-27 17:35:00,846 - Dr. Heitor Siqueira - Ampla concorrência
2024-06-27 17:35:00,850 - José Pedro Pastor - Ampla concorrência
2024-06-27 17:35:00,855 - Fim da turma.
2024-06-27 17:35:00,855 - 
2024-06-27 17:35:00,855 - 
2024-06-27 17:35:00,855 - 
2024-06-27 17:35:00,855 - 
2024-06-27 17:35:00,855 - 
2024-06-27 17:35:00,855 - Turma: Informática para Iniciantes e Melhor Idade - Ter e Qui - 14:00 - 16:00
2024-06-27 17:35:00,857 - Daniela Rocha - Cota
2024-06-27 17:35:00,861 - Ana Júlia Pinto - Cota
2024-06-27 17:35:00,866 - Dra. Maria Luísa Cavalcanti - Cota
2024-06-27 17:35:00,873 - Gustavo Rocha - Ampla concorrência
2024-06-27 17:35:00,879 - Enrico Vieira - Ampla concorrência
2024-06-27 17:35:00,883 - Carolina Pimenta - Ampla concorrência
2024-06-27 17:35:00,888 - Calebe Moreira - Ampla concorrência
2024-06-27 17:35:00,892 - João Cirino - Ampla concorrência
2024-06-27 17:35:00,896 - Anthony Gabriel Aragão - Ampla concorrência
2024-06-27 17:35:00,901 - Lucas Gabriel Cavalcanti - Ampla concorrência
2024-06-27 17:35:00,905 - Matteo Cardoso - Ampla concorrência
2024-06-27 17:35:00,910 - Fim da turma.
2024-06-27 17:35:00,910 - 
2024-06-27 17:35:00,910 - 
2024-06-27 17:35:00,910 - 
2024-06-27 17:35:00,910 - 
2024-06-27 17:35:00,910 - 
2024-06-27 17:35:00,910 - Turma: Informática para Iniciantes e Melhor Idade - Ter e Qui - 16:00 - 18:20
2024-06-27 17:35:00,912 - Giovanna Garcia - Cota
2024-06-27 17:35:00,917 - Evelyn Mendes - Cota
2024-06-27 17:35:00,921 - Diogo Martins - Cota
2024-06-27 17:35:00,928 - Lorenzo Silva - Ampla concorrência
2024-06-27 17:35:00,934 - Manuella das Neves - Ampla concorrência
2024-06-27 17:35:00,939 - Rodrigo Vieira - Ampla concorrência
2024-06-27 17:35:00,944 - Fernanda Nogueira - Ampla concorrência
2024-06-27 17:35:00,949 - Isabella Peixoto - Ampla concorrência
2024-06-27 17:35:00,953 - Ana Carolina Brito - Ampla concorrência
2024-06-27 17:35:00,959 - Rebeca Cirino - Ampla concorrência
2024-06-27 17:35:00,963 - Yan Casa Grande - Ampla concorrência
2024-06-27 17:35:00,967 - Fim da turma.
2024-06-27 17:35:00,967 - 
2024-06-27 17:35:00,967 - 
2024-06-27 17:35:00,967 - 
2024-06-27 17:35:00,967 - 
2024-06-27 17:35:00,967 - 
2024-06-27 17:35:00,967 - Turma: Informática para Iniciantes e Melhor Idade - Ter e Qui - 18:30 - 20:30
2024-06-27 17:35:00,969 - Luiz Otávio Silveira - Cota
2024-06-27 17:35:00,973 - Pedro Pastor - Cota
2024-06-27 17:35:00,980 - Maria Marques - Ampla concorrência
2024-06-27 17:35:00,985 - Sr. Cauã Marques - Ampla concorrência
2024-06-27 17:35:00,990 - Dr. Heitor Pereira - Ampla concorrência
2024-06-27 17:35:00,994 - Sabrina Pereira - Ampla concorrência
2024-06-27 17:35:00,998 - Ana Sophia Viana - Ampla concorrência
2024-06-27 17:35:01,003 - Fim da turma.
2024-06-27 17:35:01,003 - 
2024-06-27 17:35:01,003 - 
2024-06-27 17:35:01,003 - 
2024-06-27 17:35:01,003 - 
2024-06-27 17:35:01,003 - 
2024-06-27 17:35:01,003 - Turma: Informática para Iniciantes e Melhor Idade - Qua e Sex - 10:50 - 12:50
2024-06-27 17:35:01,005 - Vinícius Castro - Cota
2024-06-27 17:35:01,010 - Dra. Kamilly Ribeiro - Cota
2024-06-27 17:35:01,014 - Sra. Maysa Azevedo - Cota
2024-06-27 17:35:01,021 - João Felipe Sousa - Ampla concorrência
2024-06-27 17:35:01,026 - Juliana Ribeiro - Ampla concorrência
2024-06-27 17:35:01,031 - Apollo da Mata - Ampla concorrência
2024-06-27 17:35:01,035 - Bruno Rios - Ampla concorrência
2024-06-27 17:35:01,039 - Hadassa Silva - Ampla concorrência
2024-06-27 17:35:01,043 - Valentim Cassiano - Ampla concorrência
2024-06-27 17:35:01,047 - Emanuelly Costela - Ampla concorrência
2024-06-27 17:35:01,051 - Davi Lucas Porto - Ampla concorrência
2024-06-27 17:35:01,056 - Emanuelly Leão - Ampla concorrência
2024-06-27 17:35:01,060 - Mariane da Rosa - Ampla concorrência
2024-06-27 17:35:01,064 - Fim da turma.
2024-06-27 17:35:01,064 - 
2024-06-27 17:35:01,064 - 
2024-06-27 17:35:01,064 - 
2024-06-27 17:35:01,064 - 
2024-06-27 17:35:01,064 - 
2024-06-27 17:35:01,064 - Turma: Informática para Iniciantes e Melhor Idade - Qua e Sex - 16:10 - 18:10
2024-06-27 17:35:01,066 - Anthony Gabriel Araújo - Cota
2024-06-27 17:35:01,071 - André Montenegro - Cota
2024-06-27 17:35:01,075 - Maria Isis da Rosa - Cota
2024-06-27 17:35:01,081 - Maria Helena Alves - Ampla concorrência
2024-06-27 17:35:01,087 - Luigi Pires - Ampla concorrência
2024-06-27 17:35:01,091 - Thales Silva - Ampla concorrência
2024-06-27 17:35:01,095 - Dr. Thiago Nascimento - Ampla concorrência
2024-06-27 17:35:01,100 - Valentina Teixeira - Ampla concorrência
2024-06-27 17:35:01,103 - Emilly Rodrigues - Ampla concorrência
2024-06-27 17:35:01,109 - Kaique Vasconcelos - Ampla concorrência
2024-06-27 17:35:01,112 - Sr. Davi Luiz da Paz - Ampla concorrência
2024-06-27 17:35:01,117 - Fim da turma.
2024-06-27 17:35:01,117 - 
2024-06-27 17:35:01,117 - 
2024-06-27 17:35:01,117 - 
2024-06-27 17:35:01,117 - 
2024-06-27 17:35:01,117 - 
2024-06-27 17:35:01,117 - Turma: Informática para Iniciantes e Melhor Idade - Qua e Sex - 18:20 - 20:20
2024-06-27 17:35:01,119 - Nina da Paz - Cota
2024-06-27 17:35:01,123 - Ana Caldeira - Cota
2024-06-27 17:35:01,130 - Raul Moura - Ampla concorrência
2024-06-27 17:35:01,135 - Oliver Cavalcanti - Ampla concorrência
2024-06-27 17:35:01,140 - Caroline Vargas - Ampla concorrência
2024-06-27 17:35:01,144 - Sra. Sophie Guerra - Ampla concorrência
2024-06-27 17:35:01,149 - Fernando Fogaça - Ampla concorrência
2024-06-27 17:35:01,152 - Fim da turma.
2024-06-27 17:35:01,152 - 
2024-06-27 17:35:01,152 - 
2024-06-27 17:35:01,153 - 
2024-06-27 17:35:01,153 - 
2024-06-27 17:35:01,153 - 
2024-06-27 17:35:01,153 - Turma: Informática Básica - Ter e Qui - 10:30 - 12:30
2024-06-27 17:35:01,154 - Luiz Gustavo Santos - Cota
2024-06-27 17:35:01,158 - Caleb Correia - Cota
2024-06-27 17:35:01,163 - Cecilia Viana - Cota
2024-06-27 17:35:01,170 - Henrique Gonçalves - Ampla concorrência
2024-06-27 17:35:01,175 - Dr. Benjamin Cassiano - Ampla concorrência
2024-06-27 17:35:01,180 - Sofia Souza - Ampla concorrência
2024-06-27 17:35:01,184 - Eloá Andrade - Ampla concorrência
2024-06-27 17:35:01,189 - Carlos Eduardo da Conceição - Ampla concorrência
2024-06-27 17:35:01,193 - Valentina da Cunha - Ampla concorrência
2024-06-27 17:35:01,197 - Sra. Brenda Ferreira - Ampla concorrência
2024-06-27 17:35:01,202 - Beatriz Garcia - Ampla concorrência
2024-06-27 17:35:01,206 - Fim da turma.
2024-06-27 17:35:01,206 - 
2024-06-27 17:35:01,206 - 
2024-06-27 17:35:01,206 - 
2024-06-27 17:35:01,206 - 
2024-06-27 17:35:01,206 - 
2024-06-27 17:35:01,206 - Turma: Informática Básica - Ter e Qui - 10:50 - 12:50
2024-06-27 17:35:01,208 - Dr. Lucas Gabriel Cirino - Cota
2024-06-27 17:35:01,212 - Zoe Campos - Cota
2024-06-27 17:35:01,218 - Srta. Isis Casa Grande - Cota
2024-06-27 17:35:01,224 - Eloah Lima - Ampla concorrência
2024-06-27 17:35:01,229 - Heloísa Cardoso - Ampla concorrência
2024-06-27 17:35:01,235 - Mathias da Costa - Ampla concorrência
2024-06-27 17:35:01,240 - Nina Machado - Ampla concorrência
2024-06-27 17:35:01,245 - Carlos Eduardo Moraes - Ampla concorrência
2024-06-27 17:35:01,249 - Sr. Davi Luiz Pereira - Ampla concorrência
2024-06-27 17:35:01,254 - Isaac Marques - Ampla concorrência
2024-06-27 17:35:01,258 - Sr. Ravi Lucca da Rocha - Ampla concorrência
2024-06-27 17:35:01,262 - Fim da turma.
2024-06-27 17:35:01,262 - 
2024-06-27 17:35:01,262 - 
2024-06-27 17:35:01,263 - 
2024-06-27 17:35:01,263 - 
2024-06-27 17:35:01,263 - 
2024-06-27 17:35:01,263 - Turma: Informática Básica - Ter e Qui - 16:10 - 18:10
2024-06-27 17:35:01,264 - Samuel Andrade - Cota
2024-06-27 17:35:01,270 - Sr. Matteo Jesus - Cota
2024-06-27 17:35:01,273 - Julia Fonseca - Cota
2024-06-27 17:35:01,281 - Bárbara Jesus - Ampla concorrência
2024-06-27 17:35:01,285 - Maria Júlia da Rosa - Ampla concorrência
2024-06-27 17:35:01,290 - Ayla Cunha - Ampla concorrência
2024-06-27 17:35:01,294 - Luísa da Mota - Ampla concorrência
2024-06-27 17:35:01,298 - Dom Borges - Ampla concorrência
2024-06-27 17:35:01,302 - Laís Lopes - Ampla concorrência
2024-06-27 17:35:01,306 - Srta. Pietra Correia - Ampla concorrência
2024-06-27 17:35:01,311 - Dr. Augusto Alves - Ampla concorrência
2024-06-27 17:35:01,315 - Gael Henrique Lopes - Ampla concorrência
2024-06-27 17:35:01,319 - Srta. Ana Beatriz Moura - Ampla concorrência
2024-06-27 17:35:01,324 - Fim da turma.
2024-06-27 17:35:01,324 - 
2024-06-27 17:35:01,324 - 
2024-06-27 17:35:01,324 - 
2024-06-27 17:35:01,324 - 
2024-06-27 17:35:01,324 - 
2024-06-27 17:35:01,324 - Turma: Informática Básica - Ter e Qui - 18:20 - 20:20
2024-06-27 17:35:01,325 - Pietro Barros - Cota
2024-06-27 17:35:01,330 - Rael Caldeira - Cota
2024-06-27 17:35:01,335 - Anthony da Rocha - Cota
2024-06-27 17:35:01,339 - José Pedro Sá - Cota
2024-06-27 17:35:01,344 - Dr. Benício Santos - Cota
2024-06-27 17:35:01,350 - Vitória Guerra - Ampla concorrência
2024-06-27 17:35:01,356 - Daniel da Cruz - Ampla concorrência
2024-06-27 17:35:01,361 - Maria Alice Vieira - Ampla concorrência
2024-06-27 17:35:01,366 - Ester Porto - Ampla concorrência
2024-06-27 17:35:01,370 - Noah Machado - Ampla concorrência
2024-06-27 17:35:01,375 - Renan Pires - Ampla concorrência
2024-06-27 17:35:01,379 - Vitor Cunha - Ampla concorrência
2024-06-27 17:35:01,384 - Maria Julia da Cunha - Ampla concorrência
2024-06-27 17:35:01,389 - Vicente Azevedo - Ampla concorrência
2024-06-27 17:35:01,394 - Théo Guerra - Ampla concorrência
2024-06-27 17:35:01,398 - Matheus Silveira - Ampla concorrência
2024-06-27 17:35:01,403 - Isaque Rocha - Ampla concorrência
2024-06-27 17:35:01,408 - Theo Mendes - Ampla concorrência
2024-06-27 17:35:01,412 - Lara Correia - Ampla concorrência
2024-06-27 17:35:01,416 - Fim da turma.
2024-06-27 17:35:01,417 - 
2024-06-27 17:35:01,417 - 
2024-06-27 17:35:01,417 - 
2024-06-27 17:35:01,417 - 
2024-06-27 17:35:01,417 - 
2024-06-27 17:35:01,417 - Turma: Informática Básica - Qua e Sex - 08:40 - 10:40
2024-06-27 17:35:01,418 - Maria Julia da Costa - Cota
2024-06-27 17:35:01,424 - Maria Sophia Brito - Cota
2024-06-27 17:35:01,428 - Luiz Fernando da Rosa - Cota
2024-06-27 17:35:01,434 - Francisco Almeida - Ampla concorrência
2024-06-27 17:35:01,440 - Isabela Pires - Ampla concorrência
2024-06-27 17:35:01,444 - Gustavo Henrique Cirino - Ampla concorrência
2024-06-27 17:35:01,448 - Juliana da Mata - Ampla concorrência
2024-06-27 17:35:01,453 - Benjamim Machado - Ampla concorrência
2024-06-27 17:35:01,458 - Alícia Azevedo - Ampla concorrência
2024-06-27 17:35:01,461 - Emilly Sampaio - Ampla concorrência
2024-06-27 17:35:01,465 - Srta. Manuela da Cunha - Ampla concorrência
2024-06-27 17:35:01,470 - Fim da turma.
2024-06-27 17:35:01,470 - 
2024-06-27 17:35:01,470 - 
2024-06-27 17:35:01,470 - 
2024-06-27 17:35:01,470 - 
2024-06-27 17:35:01,470 - 
2024-06-27 17:35:01,470 - Turma: Informática Básica - Qua e Sex - 14:00 - 16:00
2024-06-27 17:35:01,472 - Stella da Mata - Cota
2024-06-27 17:35:01,477 - Sra. Brenda Moreira - Cota
2024-06-27 17:35:01,482 - Bárbara Lopes - Cota
2024-06-27 17:35:01,489 - Agatha Cirino - Ampla concorrência
2024-06-27 17:35:01,493 - Juliana Machado - Ampla concorrência
2024-06-27 17:35:01,498 - Yago Cassiano - Ampla concorrência
2024-06-27 17:35:01,502 - Apollo da Cruz - Ampla concorrência
2024-06-27 17:35:01,507 - Davi Miguel Peixoto - Ampla concorrência
2024-06-27 17:35:01,511 - Lucas Gabriel Porto - Ampla concorrência
2024-06-27 17:35:01,515 - Anthony da Rosa - Ampla concorrência
2024-06-27 17:35:01,520 - Yan Melo - Ampla concorrência
2024-06-27 17:35:01,524 - Sr. Carlos Eduardo Moraes - Ampla concorrência
2024-06-27 17:35:01,528 - Heloísa Casa Grande - Ampla concorrência
2024-06-27 17:35:01,532 - Fim da turma.
2024-06-27 17:35:01,532 - 
2024-06-27 17:35:01,533 - 
2024-06-27 17:35:01,533 - 
2024-06-27 17:35:01,533 - 
2024-06-27 17:35:01,533 - 
2024-06-27 17:35:01,533 - Turma: Excel Intermediário - Seg e Qua - 08:40 - 10:40
2024-06-27 17:35:01,534 - Lívia Guerra - Cota
2024-06-27 17:35:01,539 - Ana Júlia Cassiano - Cota
2024-06-27 17:35:01,544 - Anthony Gabriel Moura - Cota
2024-06-27 17:35:01,549 - Jade Moreira - Cota
2024-06-27 17:35:01,553 - Evelyn da Rocha - Cota
2024-06-27 17:35:01,559 - Bianca Rezende - Ampla concorrência
2024-06-27 17:35:01,564 - Otávio Souza - Ampla concorrência
2024-06-27 17:35:01,570 - Dra. Sarah Aragão - Ampla concorrência
2024-06-27 17:35:01,573 - Murilo Pereira - Ampla concorrência
2024-06-27 17:35:01,578 - Lívia Cardoso - Ampla concorrência
2024-06-27 17:35:01,583 - Lucas Nascimento - Ampla concorrência
2024-06-27 17:35:01,587 - Emilly Casa Grande - Ampla concorrência
2024-06-27 17:35:01,592 - Erick Jesus - Ampla concorrência
2024-06-27 17:35:01,596 - Dr. Yan Moreira - Ampla concorrência
2024-06-27 17:35:01,599 - Dr. Francisco Nunes - Ampla concorrência
2024-06-27 17:35:01,603 - Ian Nunes - Ampla concorrência
2024-06-27 17:35:01,607 - Dr. Rael Abreu - Ampla concorrência
2024-06-27 17:35:01,612 - Ravi Lucca da Mota - Ampla concorrência
2024-06-27 17:35:01,616 - Melina Martins - Ampla concorrência
2024-06-27 17:35:01,619 - Fim da turma.
2024-06-27 17:35:01,619 - 
2024-06-27 17:35:01,619 - 
2024-06-27 17:35:01,620 - 
2024-06-27 17:35:01,620 - 
2024-06-27 17:35:01,620 - 
2024-06-27 17:35:01,620 - Turma: Excel Intermediário - Seg e Qua - 14:10 - 16:10
2024-06-27 17:35:01,621 - Bárbara Abreu - Cota
2024-06-27 17:35:01,627 - Dr. Josué das Neves - Cota
2024-06-27 17:35:01,630 - Antony Costa - Cota
2024-06-27 17:35:01,634 - Mariane Andrade - Cota
2024-06-27 17:35:01,638 - Nicole Araújo - Cota
2024-06-27 17:35:01,645 - Sofia Casa Grande - Ampla concorrência
2024-06-27 17:35:01,650 - Dr. Francisco Moraes - Ampla concorrência
2024-06-27 17:35:01,654 - Maria Alice Novais - Ampla concorrência
2024-06-27 17:35:01,658 - Théo Rezende - Ampla concorrência
2024-06-27 17:35:01,661 - Luana Jesus - Ampla concorrência
2024-06-27 17:35:01,665 - Augusto Peixoto - Ampla concorrência
2024-06-27 17:35:01,669 - Srta. Mariane Pereira - Ampla concorrência
2024-06-27 17:35:01,674 - Isaac Abreu - Ampla concorrência
2024-06-27 17:35:01,678 - Maria Pires - Ampla concorrência
2024-06-27 17:35:01,684 - Kaique Novaes - Ampla concorrência
2024-06-27 17:35:01,688 - Sra. Raquel Caldeira - Ampla concorrência
2024-06-27 17:35:01,693 - Luiz Gustavo Brito - Ampla concorrência
2024-06-27 17:35:01,697 - Maria Helena Cirino - Ampla concorrência
2024-06-27 17:35:01,702 - Ayla Correia - Ampla concorrência
2024-06-27 17:35:01,706 - Fim da turma.
2024-06-27 17:35:01,706 - 
2024-06-27 17:35:01,706 - 
2024-06-27 17:35:01,706 - 
2024-06-27 17:35:01,706 - 
2024-06-27 17:35:01,706 - 
2024-06-27 17:35:01,707 - Turma: Excel Intermediário - Seg e Qua - 16:20 - 18:20
2024-06-27 17:35:01,708 - Alana Melo - Cota
2024-06-27 17:35:01,712 - Sr. Joaquim Oliveira - Cota
2024-06-27 17:35:01,717 - Yuri Aragão - Cota
2024-06-27 17:35:01,722 - Dom Pereira - Cota
2024-06-27 17:35:01,726 - Emanuella da Cruz - Cota
2024-06-27 17:35:01,733 - Vitor Hugo Moreira - Ampla concorrência
2024-06-27 17:35:01,738 - Bárbara da Cunha - Ampla concorrência
2024-06-27 17:35:01,741 - João Guilherme da Conceição - Ampla concorrência
2024-06-27 17:35:01,747 - Ana Carolina Viana - Ampla concorrência
2024-06-27 17:35:01,751 - Ana Clara Rocha - Ampla concorrência
2024-06-27 17:35:01,755 - Bianca Rios - Ampla concorrência
2024-06-27 17:35:01,759 - Isaque Nunes - Ampla concorrência
2024-06-27 17:35:01,763 - Murilo Borges - Ampla concorrência
2024-06-27 17:35:01,768 - Pedro Miguel Garcia - Ampla concorrência
2024-06-27 17:35:01,772 - José Novaes - Ampla concorrência
2024-06-27 17:35:01,776 - Luara Cunha - Ampla concorrência
2024-06-27 17:35:01,781 - Maria Alice Souza - Ampla concorrência
2024-06-27 17:35:01,785 - Srta. Natália Novaes - Ampla concorrência
2024-06-27 17:35:01,789 - Hadassa Correia - Ampla concorrência
2024-06-27 17:35:01,794 - Fim da turma.
2024-06-27 17:35:01,794 - 
2024-06-27 17:35:01,794 - 
2024-06-27 17:35:01,794 - 
2024-06-27 17:35:01,794 - 
2024-06-27 17:35:01,794 - 
2024-06-27 17:35:01,794 - Turma: Excel Intermediário - Seg e Qua - 18:30 - 20:30
2024-06-27 17:35:01,796 - Sarah Novaes - Cota
2024-06-27 17:35:01,800 - Apollo Montenegro - Cota
2024-06-27 17:35:01,805 - Sra. Ana Vitória Pires - Cota
2024-06-27 17:35:01,809 - João Pedro Carvalho - Cota
2024-06-27 17:35:01,814 - Sra. Yasmin Fonseca - Cota
2024-06-27 17:35:01,822 - Dr. Thiago da Rosa - Ampla concorrência
2024-06-27 17:35:01,827 - Maitê Barros - Ampla concorrência
2024-06-27 17:35:01,832 - Lunna Vargas - Ampla concorrência
2024-06-27 17:35:01,837 - Davi Luiz Câmara - Ampla concorrência
2024-06-27 17:35:01,842 - Mariana Vieira - Ampla concorrência
2024-06-27 17:35:01,846 - Thales Pacheco - Ampla concorrência
2024-06-27 17:35:01,851 - Alice Novais - Ampla concorrência
2024-06-27 17:35:01,855 - Sr. Vitor Viana - Ampla concorrência
2024-06-27 17:35:01,859 - Benjamin Nunes - Ampla concorrência
2024-06-27 17:35:01,863 - Clarice Correia - Ampla concorrência
2024-06-27 17:35:01,868 - Dr. Isaac Nascimento - Ampla concorrência
2024-06-27 17:35:01,872 - Antony Moreira - Ampla concorrência
2024-06-27 17:35:01,877 - Melina Caldeira - Ampla concorrência
2024-06-27 17:35:01,882 - Clarice Caldeira - Ampla concorrência
2024-06-27 17:35:01,887 - Fim da turma.
2024-06-27 17:35:01,887 - 
2024-06-27 17:35:01,887 - 
2024-06-27 17:35:01,887 - 
2024-06-27 17:35:01,887 - 
2024-06-27 17:35:01,887 - 
2024-06-27 17:35:01,887 - Turma: Excel Avançado - Seg e Qua - 10:50 - 13:10
2024-06-27 17:35:01,889 - Dom Câmara - Cota
2024-06-27 17:35:01,893 - Enzo Gabriel das Neves - Cota
2024-06-27 17:35:01,897 - Giovanna Caldeira - Cota
2024-06-27 17:35:01,901 - Ana Luiza Ferreira - Cota
2024-06-27 17:35:01,907 - Nathan Albuquerque - Cota
2024-06-27 17:35:01,914 - Sra. Marina Mendonça - Ampla concorrência
2024-06-27 17:35:01,918 - Dr. Théo Leão - Ampla concorrência
2024-06-27 17:35:01,922 - Marina Souza - Ampla concorrência
2024-06-27 17:35:01,927 - Elisa Porto - Ampla concorrência
2024-06-27 17:35:01,931 - Dom Pastor - Ampla concorrência
2024-06-27 17:35:01,935 - Maria Laura da Conceição - Ampla concorrência
2024-06-27 17:35:01,940 - Ana Cecília Barros - Ampla concorrência
2024-06-27 17:35:01,944 - Dr. Antony Lima - Ampla concorrência
2024-06-27 17:35:01,948 - Antonella Brito - Ampla concorrência
2024-06-27 17:35:01,952 - Luiz Gustavo Oliveira - Ampla concorrência
2024-06-27 17:35:01,956 - Sr. Benicio Camargo - Ampla concorrência
2024-06-27 17:35:01,960 - Lunna Fernandes - Ampla concorrência
2024-06-27 17:35:01,964 - Arthur Miguel da Rocha - Ampla concorrência
2024-06-27 17:35:01,968 - Sr. Apollo Pires - Ampla concorrência
2024-06-27 17:35:01,972 - Fim da turma.
2024-06-27 17:35:01,972 - 
2024-06-27 17:35:01,973 - 
2024-06-27 17:35:01,973 - 
2024-06-27 17:35:01,973 - 
2024-06-27 17:35:01,973 - 
2024-06-27 17:35:01,973 - Turma: Excel Avançado - Ter e Qui - 13:30 - 15:20
2024-06-27 17:35:01,974 - Sr. Vitor Gabriel Cavalcante - Cota
2024-06-27 17:35:01,979 - Bernardo Melo - Cota
2024-06-27 17:35:01,985 - Davi Dias - Ampla concorrência
2024-06-27 17:35:01,990 - Benício Moura - Ampla concorrência
2024-06-27 17:35:01,995 - Manuela Câmara - Ampla concorrência
2024-06-27 17:35:01,999 - Sofia da Cruz - Ampla concorrência
2024-06-27 17:35:02,004 - Dr. Rhavi Pereira - Ampla concorrência
2024-06-27 17:35:02,008 - Fim da turma.
2024-06-27 17:35:02,008 - 
2024-06-27 17:35:02,009 - 
2024-06-27 17:35:02,009 - 
2024-06-27 17:35:02,009 - 
2024-06-27 17:35:02,009 - 
2024-06-27 17:35:02,009 - Turma: Montagem e Manutenção de Computadores - Seg e Qua - 08:40 - 10:40
2024-06-27 17:35:02,010 - Isabel Cavalcante - Cota
2024-06-27 17:35:02,015 - Samuel Farias - Cota
2024-06-27 17:35:02,019 - Olivia Cassiano - Cota
2024-06-27 17:35:02,023 - Antony da Cruz - Cota
2024-06-27 17:35:02,028 - Carolina Guerra - Cota
2024-06-27 17:35:02,032 - Dr. Murilo Sales - Cota
2024-06-27 17:35:02,038 - Bryan Farias - Ampla concorrência
2024-06-27 17:35:02,044 - João da Paz - Ampla concorrência
2024-06-27 17:35:02,049 - Lavínia Azevedo - Ampla concorrência
2024-06-27 17:35:02,054 - Dra. Ana Clara Sousa - Ampla concorrência
2024-06-27 17:35:02,058 - Gabriel Jesus - Ampla concorrência
2024-06-27 17:35:02,062 - Arthur Brito - Ampla concorrência
2024-06-27 17:35:02,067 - Henry Pastor - Ampla concorrência
2024-06-27 17:35:02,071 - Paulo Novais - Ampla concorrência
2024-06-27 17:35:02,075 - Renan Sampaio - Ampla concorrência
2024-06-27 17:35:02,079 - Lívia da Paz - Ampla concorrência
2024-06-27 17:35:02,083 - Fernanda Ferreira - Ampla concorrência
2024-06-27 17:35:02,087 - Daniel Ramos - Ampla concorrência
2024-06-27 17:35:02,091 - Allana Duarte - Ampla concorrência
2024-06-27 17:35:02,095 - Lucas Gabriel Gomes - Ampla concorrência
2024-06-27 17:35:02,099 - Fim da turma.
2024-06-27 17:35:02,099 - 
2024-06-27 17:35:02,099 - 
2024-06-27 17:35:02,099 - 
2024-06-27 17:35:02,099 - 
2024-06-27 17:35:02,099 - 
2024-06-27 17:35:02,099 - Turma: Montagem e Manutenção de Computadores - Seg e Qua - 10:50 - 12:50
2024-06-27 17:35:02,101 - Vitor Hugo Costela - Cota
2024-06-27 17:35:02,105 - Igor das Neves - Cota
2024-06-27 17:35:02,110 - Lara da Conceição - Cota
2024-06-27 17:35:02,114 - Brenda Rezende - Cota
2024-06-27 17:35:02,118 - Maysa das Neves - Cota
2024-06-27 17:35:02,122 - Luiz Felipe Nogueira - Cota
2024-06-27 17:35:02,128 - Mariane Ferreira - Ampla concorrência
2024-06-27 17:35:02,133 - Luigi Garcia - Ampla concorrência
2024-06-27 17:35:02,138 - Otto Novais - Ampla concorrência
2024-06-27 17:35:02,142 - Joana da Rosa - Ampla concorrência
2024-06-27 17:35:02,147 - Dra. Milena Sales - Ampla concorrência
2024-06-27 17:35:02,151 - Srta. Isabela Siqueira - Ampla concorrência
2024-06-27 17:35:02,155 - Yasmin da Mata - Ampla concorrência
2024-06-27 17:35:02,160 - Cauê Abreu - Ampla concorrência
2024-06-27 17:35:02,164 - Eduardo Vasconcelos - Ampla concorrência
2024-06-27 17:35:02,168 - Nina da Mota - Ampla concorrência
2024-06-27 17:35:02,172 - Leonardo Aparecida - Ampla concorrência
2024-06-27 17:35:02,176 - Felipe Ramos - Ampla concorrência
2024-06-27 17:35:02,180 - Dr. Anthony Pinto - Ampla concorrência
2024-06-27 17:35:02,184 - Arthur Gabriel Leão - Ampla concorrência
2024-06-27 17:35:02,188 - Fim da turma.
2024-06-27 17:35:02,188 - 
2024-06-27 17:35:02,188 - 
2024-06-27 17:35:02,188 - 
2024-06-27 17:35:02,188 - 
2024-06-27 17:35:02,188 - 
2024-06-27 17:35:02,188 - Turma: Montagem e Manutenção de Computadores - Seg e Qua - 14:00 - 16:00
2024-06-27 17:35:02,190 - Maria Luísa Oliveira - Cota
2024-06-27 17:35:02,195 - Ana Lívia da Mota - Cota
2024-06-27 17:35:02,198 - Thiago Gonçalves - Cota
2024-06-27 17:35:02,203 - Sr. Nicolas Azevedo - Cota
2024-06-27 17:35:02,207 - Maria Eduarda Moura - Cota
2024-06-27 17:35:02,211 - Dr. Raul Mendonça - Cota
2024-06-27 17:35:02,218 - Anthony Gabriel Leão - Ampla concorrência
2024-06-27 17:35:02,223 - Caio Moraes - Ampla concorrência
2024-06-27 17:35:02,227 - Sabrina Macedo - Ampla concorrência
2024-06-27 17:35:02,231 - Sophia Macedo - Ampla concorrência
2024-06-27 17:35:02,236 - Eloá Rocha - Ampla concorrência
2024-06-27 17:35:02,240 - Giovanna Lopes - Ampla concorrência
2024-06-27 17:35:02,244 - Mathias Montenegro - Ampla concorrência
2024-06-27 17:35:02,248 - Ana Lívia Machado - Ampla concorrência
2024-06-27 17:35:02,252 - Luara Araújo - Ampla concorrência
2024-06-27 17:35:02,256 - Lucas Dias - Ampla concorrência
2024-06-27 17:35:02,260 - Enrico Fonseca - Ampla concorrência
2024-06-27 17:35:02,264 - Ravi Lucca Dias - Ampla concorrência
2024-06-27 17:35:02,268 - Mirella Monteiro - Ampla concorrência
2024-06-27 17:35:02,272 - Bruna Pires - Ampla concorrência
2024-06-27 17:35:02,276 - Fim da turma.
2024-06-27 17:35:02,276 - 
2024-06-27 17:35:02,276 - 
2024-06-27 17:35:02,276 - 
2024-06-27 17:35:02,276 - 
2024-06-27 17:35:02,276 - 
2024-06-27 17:35:02,277 - Turma: Montagem e Manutenção de Computadores - Seg e Qua - 16:10 - 18:10
2024-06-27 17:35:02,278 - Manuela Pires - Cota
2024-06-27 17:35:02,283 - Lucas Cassiano - Cota
2024-06-27 17:35:02,287 - José Novaes - Cota
2024-06-27 17:35:02,291 - Otávio Alves - Cota
2024-06-27 17:35:02,294 - Cauê Teixeira - Cota
2024-06-27 17:35:02,299 - Benjamin Correia - Cota
2024-06-27 17:35:02,306 - Maria Luiza Lopes - Ampla concorrência
2024-06-27 17:35:02,311 - Caleb Novais - Ampla concorrência
2024-06-27 17:35:02,315 - Danilo Gonçalves - Ampla concorrência
2024-06-27 17:35:02,319 - Oliver Silva - Ampla concorrência
2024-06-27 17:35:02,323 - Benicio Barbosa - Ampla concorrência
2024-06-27 17:35:02,328 - Sra. Isadora Porto - Ampla concorrência
2024-06-27 17:35:02,332 - Sabrina Moraes - Ampla concorrência
2024-06-27 17:35:02,336 - Guilherme Garcia - Ampla concorrência
2024-06-27 17:35:02,340 - Ravi Caldeira - Ampla concorrência
2024-06-27 17:35:02,344 - Pietra Pimenta - Ampla concorrência
2024-06-27 17:35:02,348 - Francisco Nunes - Ampla concorrência
2024-06-27 17:35:02,352 - Nicole Rodrigues - Ampla concorrência
2024-06-27 17:35:02,356 - Ana Lívia Lopes - Ampla concorrência
2024-06-27 17:35:02,361 - Luan Nascimento - Ampla concorrência
2024-06-27 17:35:02,365 - Fim da turma.
2024-06-27 17:35:02,365 - 
2024-06-27 17:35:02,365 - 
2024-06-27 17:35:02,365 - 
2024-06-27 17:35:02,365 - 
2024-06-27 17:35:02,365 - 
2024-06-27 17:35:02,365 - Turma: Montagem e Manutenção de Computadores - Seg e Qua - 18:20 - 20:20
2024-06-27 17:35:02,367 - Dr. Vicente Siqueira - Cota
2024-06-27 17:35:02,371 - Juliana Azevedo - Cota
2024-06-27 17:35:02,376 - José Cunha - Cota
2024-06-27 17:35:02,380 - Luiz Otávio Duarte - Cota
2024-06-27 17:35:02,384 - Ana Vitória Costa - Cota
2024-06-27 17:35:02,388 - Sra. Maya Farias - Cota
2024-06-27 17:35:02,395 - Isis Gonçalves - Ampla concorrência
2024-06-27 17:35:02,400 - Ana Beatriz Dias - Ampla concorrência
2024-06-27 17:35:02,404 - Dr. Theodoro Moreira - Ampla concorrência
2024-06-27 17:35:02,409 - Davi Aparecida - Ampla concorrência
2024-06-27 17:35:02,415 - Kamilly Melo - Ampla concorrência
2024-06-27 17:35:02,419 - Dr. Luiz Fernando Freitas - Ampla concorrência
2024-06-27 17:35:02,425 - Luiz Otávio Santos - Ampla concorrência
2024-06-27 17:35:02,430 - Samuel Lopes - Ampla concorrência
2024-06-27 17:35:02,433 - Melissa Costa - Ampla concorrência
2024-06-27 17:35:02,438 - Marina Campos - Ampla concorrência
2024-06-27 17:35:02,444 - Nicolas Sá - Ampla concorrência
2024-06-27 17:35:02,448 - Dr. Pedro Dias - Ampla concorrência
2024-06-27 17:35:02,452 - Sra. Maria Luiza Duarte - Ampla concorrência
2024-06-27 17:35:02,457 - Sra. Lunna Casa Grande - Ampla concorrência
2024-06-27 17:35:02,461 - Fim da turma.
2024-06-27 17:35:02,461 - 
2024-06-27 17:35:02,462 - 
2024-06-27 17:35:02,462 - 
2024-06-27 17:35:02,462 - 
2024-06-27 17:35:02,462 - 
2024-06-27 17:35:02,462 - Turma: Montagem e Manutenção de Computadores - Ter e Qui - 08:40 - 10:40
2024-06-27 17:35:02,463 - Dante Fonseca - Cota
2024-06-27 17:35:02,468 - Luana Aragão - Cota
2024-06-27 17:35:02,473 - Sara Garcia - Cota
2024-06-27 17:35:02,477 - Samuel Almeida - Cota
2024-06-27 17:35:02,481 - Francisco Souza - Cota
2024-06-27 17:35:02,486 - Alexia da Rosa - Cota
2024-06-27 17:35:02,493 - Raul Araújo - Ampla concorrência
2024-06-27 17:35:02,498 - Gustavo Henrique Moura - Ampla concorrência
2024-06-27 17:35:02,504 - Ravi Lucca Cirino - Ampla concorrência
2024-06-27 17:35:02,509 - Melissa Teixeira - Ampla concorrência
2024-06-27 17:35:02,514 - Ana Liz Sá - Ampla concorrência
2024-06-27 17:35:02,519 - Srta. Maria Isis Teixeira - Ampla concorrência
2024-06-27 17:35:02,523 - Juliana Nunes - Ampla concorrência
2024-06-27 17:35:02,528 - Caio Alves - Ampla concorrência
2024-06-27 17:35:02,532 - Dr. Bernardo Borges - Ampla concorrência
2024-06-27 17:35:02,536 - Sr. Diego Ferreira - Ampla concorrência
2024-06-27 17:35:02,540 - Camila Pacheco - Ampla concorrência
2024-06-27 17:35:02,544 - Sra. Alana Pires - Ampla concorrência
2024-06-27 17:35:02,548 - João Vitor Pastor - Ampla concorrência
2024-06-27 17:35:02,552 - Leandro da Cruz - Ampla concorrência
2024-06-27 17:35:02,557 - Fim da turma.
2024-06-27 17:35:02,558 - 
2024-06-27 17:35:02,558 - 
2024-06-27 17:35:02,558 - 
2024-06-27 17:35:02,558 - 
2024-06-27 17:35:02,558 - 
2024-06-27 17:35:02,558 - Turma: Montagem e Manutenção de Computadores - Ter e Qui - 10:50 - 12:50
2024-06-27 17:35:02,559 - Vitor Rodrigues - Cota
2024-06-27 17:35:02,563 - José Miguel Fonseca - Cota
2024-06-27 17:35:02,568 - Thiago Cavalcanti - Cota
2024-06-27 17:35:02,572 - Sra. Maria Liz Melo - Cota
2024-06-27 17:35:02,576 - Leandro Mendes - Cota
2024-06-27 17:35:02,579 - Nicolas Farias - Cota
2024-06-27 17:35:02,586 - Paulo Aparecida - Ampla concorrência
2024-06-27 17:35:02,591 - Olivia Montenegro - Ampla concorrência
2024-06-27 17:35:02,595 - Laura Souza - Ampla concorrência
2024-06-27 17:35:02,599 - Srta. Agatha Siqueira - Ampla concorrência
2024-06-27 17:35:02,603 - Eduarda Monteiro - Ampla concorrência
2024-06-27 17:35:02,608 - Isabela Moreira - Ampla concorrência
2024-06-27 17:35:02,612 - Bento Teixeira - Ampla concorrência
2024-06-27 17:35:02,616 - Maria Liz Campos - Ampla concorrência
2024-06-27 17:35:02,620 - Elisa Abreu - Ampla concorrência
2024-06-27 17:35:02,624 - Maria Luiza Araújo - Ampla concorrência
2024-06-27 17:35:02,628 - Maria Luísa Carvalho - Ampla concorrência
2024-06-27 17:35:02,632 - Davi Luiz Pacheco - Ampla concorrência
2024-06-27 17:35:02,636 - Natália Fonseca - Ampla concorrência
2024-06-27 17:35:02,640 - Ravi Vieira - Ampla concorrência
2024-06-27 17:35:02,644 - Fim da turma.
2024-06-27 17:35:02,644 - 
2024-06-27 17:35:02,644 - 
2024-06-27 17:35:02,644 - 
2024-06-27 17:35:02,645 - 
2024-06-27 17:35:02,645 - 
2024-06-27 17:35:02,645 - Turma: Montagem e Manutenção de Computadores - Ter e Qui - 14:00 - 16:00
2024-06-27 17:35:02,646 - Mariah Castro - Cota
2024-06-27 17:35:02,651 - Rhavi Garcia - Cota
2024-06-27 17:35:02,655 - Thiago Cassiano - Cota
2024-06-27 17:35:02,660 - Sr. Mateus Aragão - Cota
2024-06-27 17:35:02,663 - Otávio Cunha - Cota
2024-06-27 17:35:02,668 - Amanda Cassiano - Cota
2024-06-27 17:35:02,674 - João Vitor Alves - Ampla concorrência
2024-06-27 17:35:02,679 - Dr. Arthur Miguel Aragão - Ampla concorrência
2024-06-27 17:35:02,683 - Nicolas Cavalcante - Ampla concorrência
2024-06-27 17:35:02,688 - Dr. Otávio Caldeira - Ampla concorrência
2024-06-27 17:35:02,692 - Eloá Mendes - Ampla concorrência
2024-06-27 17:35:02,697 - Breno Rocha - Ampla concorrência
2024-06-27 17:35:02,700 - Júlia Carvalho - Ampla concorrência
2024-06-27 17:35:02,705 - Carlos Eduardo Melo - Ampla concorrência
2024-06-27 17:35:02,709 - Vitor Hugo Albuquerque - Ampla concorrência
2024-06-27 17:35:02,713 - Gael Henrique Melo - Ampla concorrência
2024-06-27 17:35:02,717 - Catarina Caldeira - Ampla concorrência
2024-06-27 17:35:02,721 - Julia Borges - Ampla concorrência
2024-06-27 17:35:02,726 - Sra. Juliana Mendonça - Ampla concorrência
2024-06-27 17:35:02,730 - Benício Vargas - Ampla concorrência
2024-06-27 17:35:02,734 - Fim da turma.
2024-06-27 17:35:02,734 - 
2024-06-27 17:35:02,734 - 
2024-06-27 17:35:02,734 - 
2024-06-27 17:35:02,734 - 
2024-06-27 17:35:02,734 - 
2024-06-27 17:35:02,734 - Turma: Montagem e Manutenção de Computadores - Ter e Qui - 16:10 - 18:10
2024-06-27 17:35:02,736 - Maria Laura Vasconcelos - Cota
2024-06-27 17:35:02,741 - Antônio Fernandes - Cota
2024-06-27 17:35:02,745 - Juliana Borges - Cota
2024-06-27 17:35:02,749 - Larissa Sá - Cota
2024-06-27 17:35:02,753 - Benicio Araújo - Cota
2024-06-27 17:35:02,758 - Vitor Barros - Cota
2024-06-27 17:35:02,764 - Srta. Mariana da Luz - Ampla concorrência
2024-06-27 17:35:02,769 - Maria Gonçalves - Ampla concorrência
2024-06-27 17:35:02,773 - Dra. Ana Lívia Vasconcelos - Ampla concorrência
2024-06-27 17:35:02,777 - Samuel Siqueira - Ampla concorrência
2024-06-27 17:35:02,782 - Eduardo Barros - Ampla concorrência
2024-06-27 17:35:02,786 - Ian Nascimento - Ampla concorrência
2024-06-27 17:35:02,790 - Samuel Ramos - Ampla concorrência
2024-06-27 17:35:02,794 - Rodrigo Rodrigues - Ampla concorrência
2024-06-27 17:35:02,799 - Luiz Felipe da Costa - Ampla concorrência
2024-06-27 17:35:02,804 - Ísis Araújo - Ampla concorrência
2024-06-27 17:35:02,808 - Pedro Lucas Moreira - Ampla concorrência
2024-06-27 17:35:02,812 - Erick Vargas - Ampla concorrência
2024-06-27 17:35:02,816 - Isabela Novaes - Ampla concorrência
2024-06-27 17:35:02,819 - Sara da Luz - Ampla concorrência
2024-06-27 17:35:02,824 - Fim da turma.
2024-06-27 17:35:02,824 - 
2024-06-27 17:35:02,824 - 
2024-06-27 17:35:02,824 - 
2024-06-27 17:35:02,824 - 
2024-06-27 17:35:02,824 - 
2024-06-27 17:35:02,824 - Turma: Robótica e Automação: Módulo 01 - Seg e Qua - 08:40 - 10:40
2024-06-27 17:35:02,826 - Bella Vasconcelos - Cota
2024-06-27 17:35:02,830 - Maria Alice Leão - Cota
2024-06-27 17:35:02,834 - José Nunes - Cota
2024-06-27 17:35:02,838 - Rebeca Pinto - Cota
2024-06-27 17:35:02,843 - Clarice Costa - Cota
2024-06-27 17:35:02,847 - Juliana Rezende - Cota
2024-06-27 17:35:02,854 - Pietra Cavalcanti - Ampla concorrência
2024-06-27 17:35:02,860 - Danilo Fonseca - Ampla concorrência
2024-06-27 17:35:02,865 - Dr. Murilo Pires - Ampla concorrência
2024-06-27 17:35:02,871 - Ester Lima - Ampla concorrência
2024-06-27 17:35:02,875 - Letícia Brito - Ampla concorrência
2024-06-27 17:35:02,880 - Lucca Pires - Ampla concorrência
2024-06-27 17:35:02,885 - Hadassa Mendonça - Ampla concorrência
2024-06-27 17:35:02,889 - Luiz Felipe Vasconcelos - Ampla concorrência
2024-06-27 17:35:02,894 - Renan Guerra - Ampla concorrência
2024-06-27 17:35:02,898 - Luiz Miguel Lima - Ampla concorrência
2024-06-27 17:35:02,902 - Isabel Fonseca - Ampla concorrência
2024-06-27 17:35:02,906 - Maria Machado - Ampla concorrência
2024-06-27 17:35:02,910 - Maria Liz Vieira - Ampla concorrência
2024-06-27 17:35:02,913 - Pedro Sá - Ampla concorrência
2024-06-27 17:35:02,918 - Fim da turma.
2024-06-27 17:35:02,918 - 
2024-06-27 17:35:02,918 - 
2024-06-27 17:35:02,918 - 
2024-06-27 17:35:02,918 - 
2024-06-27 17:35:02,918 - 
2024-06-27 17:35:02,918 - Turma: Robótica e Automação: Módulo 01 - Seg e Qua - 14:00 - 16:00
2024-06-27 17:35:02,920 - Ana Laura Cavalcanti - Cota
2024-06-27 17:35:02,925 - Maria Flor da Conceição - Cota
2024-06-27 17:35:02,929 - Benjamin Pacheco - Cota
2024-06-27 17:35:02,934 - Raul Rocha - Cota
2024-06-27 17:35:02,938 - Mariana Gomes - Cota
2024-06-27 17:35:02,943 - Isis Novaes - Cota
2024-06-27 17:35:02,950 - Henry Gabriel Câmara - Ampla concorrência
2024-06-27 17:35:02,955 - Clarice Correia - Ampla concorrência
2024-06-27 17:35:02,959 - Dante Câmara - Ampla concorrência
2024-06-27 17:35:02,964 - João Lucas Moreira - Ampla concorrência
2024-06-27 17:35:02,968 - Maria Liz Cardoso - Ampla concorrência
2024-06-27 17:35:02,973 - Carlos Eduardo Abreu - Ampla concorrência
2024-06-27 17:35:02,978 - João Lucas da Rosa - Ampla concorrência
2024-06-27 17:35:02,982 - Sr. José Pedro Almeida - Ampla concorrência
2024-06-27 17:35:02,986 - Leonardo Rezende - Ampla concorrência
2024-06-27 17:35:02,990 - Sarah da Luz - Ampla concorrência
2024-06-27 17:35:02,994 - Fernanda da Rocha - Ampla concorrência
2024-06-27 17:35:02,998 - Maria Júlia Camargo - Ampla concorrência
2024-06-27 17:35:03,003 - Maria Flor Gonçalves - Ampla concorrência
2024-06-27 17:35:03,007 - Srta. Júlia Cunha - Ampla concorrência
2024-06-27 17:35:03,010 - Fim da turma.
2024-06-27 17:35:03,010 - 
2024-06-27 17:35:03,010 - 
2024-06-27 17:35:03,010 - 
2024-06-27 17:35:03,010 - 
2024-06-27 17:35:03,010 - 
2024-06-27 17:35:03,010 - Turma: Robótica e Automação: Módulo 01 - Ter e Qui - 10:50 - 12:50
2024-06-27 17:35:03,012 - Ágatha das Neves - Cota
2024-06-27 17:35:03,017 - Sra. Maria Cecília Mendes - Cota
2024-06-27 17:35:03,021 - Matheus Vieira - Cota
2024-06-27 17:35:03,025 - Nina Cirino - Cota
2024-06-27 17:35:03,030 - Yan Abreu - Cota
2024-06-27 17:35:03,034 - Sr. Oliver Camargo - Cota
2024-06-27 17:35:03,040 - Luísa Novais - Ampla concorrência
2024-06-27 17:35:03,045 - Otávio Castro - Ampla concorrência
2024-06-27 17:35:03,049 - Isaque da Luz - Ampla concorrência
2024-06-27 17:35:03,053 - Pietro da Rocha - Ampla concorrência
2024-06-27 17:35:03,057 - Dr. Benicio Alves - Ampla concorrência
2024-06-27 17:35:03,061 - Camila Casa Grande - Ampla concorrência
2024-06-27 17:35:03,066 - Maria Flor Novaes - Ampla concorrência
2024-06-27 17:35:03,070 - José Pedro Sá - Ampla concorrência
2024-06-27 17:35:03,074 - Srta. Lorena Aragão - Ampla concorrência
2024-06-27 17:35:03,078 - Srta. Nina Mendonça - Ampla concorrência
2024-06-27 17:35:03,083 - Maria Alice da Rosa - Ampla concorrência
2024-06-27 17:35:03,087 - Maria Isis Cirino - Ampla concorrência
2024-06-27 17:35:03,090 - Milena Ramos - Ampla concorrência
2024-06-27 17:35:03,095 - Dra. Luna da Rosa - Ampla concorrência
2024-06-27 17:35:03,099 - Fim da turma.
2024-06-27 17:35:03,099 - 
2024-06-27 17:35:03,099 - 
2024-06-27 17:35:03,099 - 
2024-06-27 17:35:03,099 - 
2024-06-27 17:35:03,099 - 
2024-06-27 17:35:03,099 - Turma: Robótica e Automação: Módulo 01 - Ter e Qui - 16:10 - 18:10
2024-06-27 17:35:03,101 - Fernanda Aparecida - Cota
2024-06-27 17:35:03,105 - Arthur Gabriel Pastor - Cota
2024-06-27 17:35:03,109 - Daniela Borges - Cota
2024-06-27 17:35:03,113 - Sra. Olivia Duarte - Cota
2024-06-27 17:35:03,117 - Cecília Silva - Cota
2024-06-27 17:35:03,121 - Nina Novais - Cota
2024-06-27 17:35:03,128 - Sr. Luiz Otávio Santos - Ampla concorrência
2024-06-27 17:35:03,132 - Dr. Renan Lima - Ampla concorrência
2024-06-27 17:35:03,136 - Léo Câmara - Ampla concorrência
2024-06-27 17:35:03,141 - Guilherme Vargas - Ampla concorrência
2024-06-27 17:35:03,145 - Bruno Cassiano - Ampla concorrência
2024-06-27 17:35:03,149 - Antony Vasconcelos - Ampla concorrência
2024-06-27 17:35:03,154 - José Nascimento - Ampla concorrência
2024-06-27 17:35:03,158 - Alice Castro - Ampla concorrência
2024-06-27 17:35:03,162 - Elisa da Cruz - Ampla concorrência
2024-06-27 17:35:03,166 - Raul Viana - Ampla concorrência
2024-06-27 17:35:03,170 - Olívia Leão - Ampla concorrência
2024-06-27 17:35:03,175 - Antony Freitas - Ampla concorrência
2024-06-27 17:35:03,178 - Sr. Henry Peixoto - Ampla concorrência
2024-06-27 17:35:03,182 - Matteo Fogaça - Ampla concorrência
2024-06-27 17:35:03,186 - Fim da turma.
2024-06-27 17:35:03,186 - 
2024-06-27 17:35:03,186 - 
2024-06-27 17:35:03,186 - 
2024-06-27 17:35:03,186 - 
2024-06-27 17:35:03,186 - 
2024-06-27 17:35:03,186 - Turma: Robótica e Automação: Módulo 02 - Seg e Qua - 10:50 - 12:50
2024-06-27 17:35:03,188 - Sr. Ravi Lucca Oliveira - Cota
2024-06-27 17:35:03,192 - Natália Lima - Cota
2024-06-27 17:35:03,197 - Oliver Moreira - Cota
2024-06-27 17:35:03,202 - Kaique Rezende - Cota
2024-06-27 17:35:03,205 - Dra. Liz Pinto - Cota
2024-06-27 17:35:03,210 - Miguel da Cruz - Cota
2024-06-27 17:35:03,216 - Pietra Cunha - Ampla concorrência
2024-06-27 17:35:03,221 - Daniela da Mata - Ampla concorrência
2024-06-27 17:35:03,225 - Caio Souza - Ampla concorrência
2024-06-27 17:35:03,229 - Ana Vitória Costa - Ampla concorrência
2024-06-27 17:35:03,233 - Sr. Leonardo da Conceição - Ampla concorrência
2024-06-27 17:35:03,237 - Lívia Moreira - Ampla concorrência
2024-06-27 17:35:03,241 - Luiz Otávio da Mata - Ampla concorrência
2024-06-27 17:35:03,245 - José Araújo - Ampla concorrência
2024-06-27 17:35:03,250 - Arthur Miguel Abreu - Ampla concorrência
2024-06-27 17:35:03,254 - Lucas Gabriel Farias - Ampla concorrência
2024-06-27 17:35:03,258 - Luara Lima - Ampla concorrência
2024-06-27 17:35:03,262 - Sr. Bernardo Pacheco - Ampla concorrência
2024-06-27 17:35:03,267 - Noah da Conceição - Ampla concorrência
2024-06-27 17:35:03,271 - Noah Fonseca - Ampla concorrência
2024-06-27 17:35:03,275 - Fim da turma.
2024-06-27 17:35:03,275 - 
2024-06-27 17:35:03,275 - 
2024-06-27 17:35:03,275 - 
2024-06-27 17:35:03,275 - 
2024-06-27 17:35:03,275 - 
2024-06-27 17:35:03,276 - Turma: Robótica e Automação: Módulo 02 - Seg e Qua - 16:10 - 18:10
2024-06-27 17:35:03,277 - Lucas Pastor - Cota
2024-06-27 17:35:03,281 - Mirella Dias - Cota
2024-06-27 17:35:03,285 - Isis Machado - Cota
2024-06-27 17:35:03,290 - João Guilherme Costela - Cota
2024-06-27 17:35:03,293 - Isis Pires - Cota
2024-06-27 17:35:03,298 - Maria Cecília Cunha - Cota
2024-06-27 17:35:03,305 - Brenda Castro - Ampla concorrência
2024-06-27 17:35:03,309 - Carlos Eduardo Nogueira - Ampla concorrência
2024-06-27 17:35:03,314 - Miguel Cunha - Ampla concorrência
2024-06-27 17:35:03,318 - Kevin Farias - Ampla concorrência
2024-06-27 17:35:03,322 - Brayan Cardoso - Ampla concorrência
2024-06-27 17:35:03,326 - Thiago Vieira - Ampla concorrência
2024-06-27 17:35:03,330 - Cauã Lopes - Ampla concorrência
2024-06-27 17:35:03,334 - Thomas Cunha - Ampla concorrência
2024-06-27 17:35:03,338 - Luan Vasconcelos - Ampla concorrência
2024-06-27 17:35:03,342 - Júlia Gonçalves - Ampla concorrência
2024-06-27 17:35:03,347 - Vinícius Teixeira - Ampla concorrência
2024-06-27 17:35:03,350 - Ágatha Duarte - Ampla concorrência
2024-06-27 17:35:03,355 - Helena Ribeiro - Ampla concorrência
2024-06-27 17:35:03,359 - Lucas Gabriel Lopes - Ampla concorrência
2024-06-27 17:35:03,363 - Fim da turma.
2024-06-27 17:35:03,363 - 
2024-06-27 17:35:03,363 - 
2024-06-27 17:35:03,364 - 
2024-06-27 17:35:03,364 - 
2024-06-27 17:35:03,364 - 
2024-06-27 17:35:03,364 - Turma: Robótica e Automação: Módulo 02 - Ter e Qui - 14:00 - 16:00
2024-06-27 17:35:03,365 - Maria Laura Borges - Cota
2024-06-27 17:35:03,370 - Aylla da Costa - Cota
2024-06-27 17:35:03,375 - Zoe Carvalho - Cota
2024-06-27 17:35:03,379 - Luna Ribeiro - Cota
2024-06-27 17:35:03,383 - Dr. Lucas Gabriel Pinto - Cota
2024-06-27 17:35:03,387 - Lorenzo Nunes - Cota
2024-06-27 17:35:03,394 - Lívia Leão - Ampla concorrência
2024-06-27 17:35:03,399 - Kamilly Moura - Ampla concorrência
2024-06-27 17:35:03,404 - Nina Câmara - Ampla concorrência
2024-06-27 17:35:03,409 - Ester Porto - Ampla concorrência
2024-06-27 17:35:03,413 - Anthony Ferreira - Ampla concorrência
2024-06-27 17:35:03,419 - Melina Teixeira - Ampla concorrência
2024-06-27 17:35:03,423 - Emanuella Machado - Ampla concorrência
2024-06-27 17:35:03,428 - Olivia Aparecida - Ampla concorrência
2024-06-27 17:35:03,432 - Emanuel Mendonça - Ampla concorrência
2024-06-27 17:35:03,436 - Marcela Fogaça - Ampla concorrência
2024-06-27 17:35:03,440 - Júlia Correia - Ampla concorrência
2024-06-27 17:35:03,444 - Heloisa Freitas - Ampla concorrência
2024-06-27 17:35:03,448 - Valentim Rodrigues - Ampla concorrência
2024-06-27 17:35:03,452 - Marcos Vinicius Alves - Ampla concorrência
2024-06-27 17:35:03,457 - Fim da turma.
2024-06-27 17:35:03,457 - 
2024-06-27 17:35:03,457 - 
2024-06-27 17:35:03,457 - 
2024-06-27 17:35:03,457 - 
2024-06-27 17:35:03,457 - 
2024-06-27 17:35:03,457 - Turma: Robótica e Automação: Módulo 02 - Ter e Qui - 18:20 - 20:20
2024-06-27 17:35:03,459 - Yago Sá - Cota
2024-06-27 17:35:03,464 - Eduarda Siqueira - Cota
2024-06-27 17:35:03,468 - Maria Júlia Correia - Cota
2024-06-27 17:35:03,471 - Lavínia Cunha - Cota
2024-06-27 17:35:03,476 - Thomas Cavalcanti - Cota
2024-06-27 17:35:03,480 - Manuela da Rosa - Cota
2024-06-27 17:35:03,487 - Agatha Vieira - Ampla concorrência
2024-06-27 17:35:03,492 - Calebe Pastor - Ampla concorrência
2024-06-27 17:35:03,496 - Isabel Peixoto - Ampla concorrência
2024-06-27 17:35:03,500 - Rafael Almeida - Ampla concorrência
2024-06-27 17:35:03,504 - Maria da Paz - Ampla concorrência
2024-06-27 17:35:03,508 - Igor Ramos - Ampla concorrência
2024-06-27 17:35:03,513 - Thiago Castro - Ampla concorrência
2024-06-27 17:35:03,517 - Oliver Martins - Ampla concorrência
2024-06-27 17:35:03,521 - Milena Jesus - Ampla concorrência
2024-06-27 17:35:03,525 - Zoe Aparecida - Ampla concorrência
2024-06-27 17:35:03,529 - Manuela Barros - Ampla concorrência
2024-06-27 17:35:03,533 - Ayla Alves - Ampla concorrência
2024-06-27 17:35:03,537 - Vitor Hugo da Cunha - Ampla concorrência
2024-06-27 17:35:03,542 - Henry Gabriel Pereira - Ampla concorrência
2024-06-27 17:35:03,546 - Fim da turma.
2024-06-27 17:35:03,546 - 
2024-06-27 17:35:03,546 - 
2024-06-27 17:35:03,546 - 
2024-06-27 17:35:03,546 - 
2024-06-27 17:35:03,546 - 
2024-06-27 17:35:03,546 - Turma: Robótica e Automação: Módulo 03 - Seg e Qua - 18:20 - 20:20
2024-06-27 17:35:03,548 - Rafaela Nogueira - Cota
2024-06-27 17:35:03,552 - Caio Almeida - Cota
2024-06-27 17:35:03,557 - Alana Sampaio - Cota
2024-06-27 17:35:03,560 - Nathan Melo - Cota
2024-06-27 17:35:03,565 - Giovanna Porto - Cota
2024-06-27 17:35:03,569 - Aylla Machado - Cota
2024-06-27 17:35:03,576 - Cecilia Sampaio - Ampla concorrência
2024-06-27 17:35:03,580 - Sabrina Cirino - Ampla concorrência
2024-06-27 17:35:03,584 - Brayan da Conceição - Ampla concorrência
2024-06-27 17:35:03,589 - Dra. Ana Luiza Brito - Ampla concorrência
2024-06-27 17:35:03,593 - Dr. Enzo Gabriel Gonçalves - Ampla concorrência
2024-06-27 17:35:03,597 - Paulo da Rosa - Ampla concorrência
2024-06-27 17:35:03,601 - Dra. Alícia Gonçalves - Ampla concorrência
2024-06-27 17:35:03,605 - Luara da Cruz - Ampla concorrência
2024-06-27 17:35:03,610 - Heloisa Freitas - Ampla concorrência
2024-06-27 17:35:03,614 - Maria Aparecida - Ampla concorrência
2024-06-27 17:35:03,618 - Zoe Vasconcelos - Ampla concorrência
2024-06-27 17:35:03,622 - Brayan Rios - Ampla concorrência
2024-06-27 17:35:03,626 - Gabrielly Gonçalves - Ampla concorrência
2024-06-27 17:35:03,630 - Kaique Mendonça - Ampla concorrência
2024-06-27 17:35:03,634 - Fim da turma.
2024-06-27 17:35:03,634 - 
2024-06-27 17:35:03,634 - 
2024-06-27 17:35:03,634 - 
2024-06-27 17:35:03,634 - 
2024-06-27 17:35:03,634 - 
2024-06-27 17:35:03,635 - Turma: Robótica e Automação: Módulo 03 - Ter e Qui - 08:40 - 10:40
2024-06-27 17:35:03,636 - Sr. Benjamin Pastor - Cota
2024-06-27 17:35:03,641 - Nina Novaes - Cota
2024-06-27 17:35:03,645 - Daniel Souza - Cota
2024-06-27 17:35:03,648 - Bianca Borges - Cota
2024-06-27 17:35:03,653 - Dante da Rocha - Cota
2024-06-27 17:35:03,657 - Srta. Fernanda Andrade - Cota
2024-06-27 17:35:03,663 - Anthony Gabriel Rodrigues - Ampla concorrência
2024-06-27 17:35:03,668 - Nicole Costa - Ampla concorrência
2024-06-27 17:35:03,673 - Breno Lima - Ampla concorrência
2024-06-27 17:35:03,677 - Gabriel Araújo - Ampla concorrência
2024-06-27 17:35:03,681 - Hellena Sales - Ampla concorrência
2024-06-27 17:35:03,685 - Srta. Maria Flor Cunha - Ampla concorrência
2024-06-27 17:35:03,689 - Nicole Vasconcelos - Ampla concorrência
2024-06-27 17:35:03,693 - Ayla Gomes - Ampla concorrência
2024-06-27 17:35:03,697 - Mateus Vargas - Ampla concorrência
2024-06-27 17:35:03,701 - Dra. Elisa Machado - Ampla concorrência
2024-06-27 17:35:03,705 - Isabel Teixeira - Ampla concorrência
2024-06-27 17:35:03,709 - Ana Clara Brito - Ampla concorrência
2024-06-27 17:35:03,713 - Sra. Joana das Neves - Ampla concorrência
2024-06-27 17:35:03,718 - Asafe Casa Grande - Ampla concorrência
2024-06-27 17:35:03,722 - Fim da turma.
2024-06-27 17:35:03,722 - 
2024-06-27 17:35:03,722 - 
2024-06-27 17:35:03,722 - 
2024-06-27 17:35:03,722 - 
2024-06-27 17:35:03,722 - 
2024-06-27 17:35:03,722 - Turma: Design e Modelagem 3D: Módulo 01 - Ter e Qui - 08:40 - 09:50
2024-06-27 17:35:03,724 - Bruno Cirino - Cota
2024-06-27 17:35:03,728 - José Miguel Pacheco - Cota
2024-06-27 17:35:03,732 - Ryan Mendes - Cota
2024-06-27 17:35:03,739 - Julia Machado - Ampla concorrência
2024-06-27 17:35:03,743 - Dr. Nicolas Gomes - Ampla concorrência
2024-06-27 17:35:03,747 - Maya Viana - Ampla concorrência
2024-06-27 17:35:03,752 - Breno Cavalcanti - Ampla concorrência
2024-06-27 17:35:03,756 - Enrico Martins - Ampla concorrência
2024-06-27 17:35:03,761 - Milena Leão - Ampla concorrência
2024-06-27 17:35:03,765 - Luiz Otávio Azevedo - Ampla concorrência
2024-06-27 17:35:03,769 - Benjamin da Cunha - Ampla concorrência
2024-06-27 17:35:03,773 - Dra. Raquel Rios - Ampla concorrência
2024-06-27 17:35:03,777 - Fim da turma.
2024-06-27 17:35:03,777 - 
2024-06-27 17:35:03,777 - 
2024-06-27 17:35:03,777 - 
2024-06-27 17:35:03,777 - 
2024-06-27 17:35:03,777 - 
2024-06-27 17:35:03,778 - Turma: Design e Modelagem 3D: Módulo 01 - Ter e Qui - 13:20 - 14:30
2024-06-27 17:35:03,779 - Dra. Heloísa Albuquerque - Cota
2024-06-27 17:35:03,784 - Cecília Leão - Cota
2024-06-27 17:35:03,788 - Josué Novais - Cota
2024-06-27 17:35:03,795 - Davi Marques - Ampla concorrência
2024-06-27 17:35:03,800 - Sabrina Marques - Ampla concorrência
2024-06-27 17:35:03,805 - Dra. Laura Mendes - Ampla concorrência
2024-06-27 17:35:03,809 - Helena das Neves - Ampla concorrência
2024-06-27 17:35:03,812 - Daniela Santos - Ampla concorrência
2024-06-27 17:35:03,816 - Joana da Rosa - Ampla concorrência
2024-06-27 17:35:03,820 - Raul Ribeiro - Ampla concorrência
2024-06-27 17:35:03,824 - Anthony Gabriel Pimenta - Ampla concorrência
2024-06-27 17:35:03,831 - Nina da Rosa - Ampla concorrência
2024-06-27 17:35:03,836 - Fim da turma.
2024-06-27 17:35:03,836 - 
2024-06-27 17:35:03,836 - 
2024-06-27 17:35:03,836 - 
2024-06-27 17:35:03,836 - 
2024-06-27 17:35:03,836 - 
2024-06-27 17:35:03,836 - Turma: Design e Modelagem 3D: Módulo 01 - Ter e Qui - 17:00 - 18:10
2024-06-27 17:35:03,838 - Rodrigo Araújo - Cota
2024-06-27 17:35:03,843 - Sr. Bruno da Mata - Cota
2024-06-27 17:35:03,847 - Alana Mendes - Cota
2024-06-27 17:35:03,854 - Cecília Peixoto - Ampla concorrência
2024-06-27 17:35:03,858 - Maria Júlia Vasconcelos - Ampla concorrência
2024-06-27 17:35:03,862 - Asafe Cunha - Ampla concorrência
2024-06-27 17:35:03,867 - Dra. Clara Cirino - Ampla concorrência
2024-06-27 17:35:03,872 - Enzo Moraes - Ampla concorrência
2024-06-27 17:35:03,877 - Sr. Fernando Barbosa - Ampla concorrência
2024-06-27 17:35:03,881 - Luiz Gustavo Jesus - Ampla concorrência
2024-06-27 17:35:03,885 - João Martins - Ampla concorrência
2024-06-27 17:35:03,889 - Ana Vitória Sá - Ampla concorrência
2024-06-27 17:35:03,893 - Fim da turma.
2024-06-27 17:35:03,893 - 
2024-06-27 17:35:03,893 - 
2024-06-27 17:35:03,893 - 
2024-06-27 17:35:03,893 - 
2024-06-27 17:35:03,893 - 
2024-06-27 17:35:03,893 - Turma: Design e Modelagem 3D: Módulo 01 - Qua e Sex - 11:00 - 12:10
2024-06-27 17:35:03,895 - Asafe Vasconcelos - Cota
2024-06-27 17:35:03,900 - Maria Liz Correia - Cota
2024-06-27 17:35:03,904 - Sr. Enzo Vargas - Cota
2024-06-27 17:35:03,910 - Sr. Vinícius Sampaio - Ampla concorrência
2024-06-27 17:35:03,916 - Mariane Fernandes - Ampla concorrência
2024-06-27 17:35:03,920 - Levi Vasconcelos - Ampla concorrência
2024-06-27 17:35:03,925 - Lorena Sales - Ampla concorrência
2024-06-27 17:35:03,929 - Maria Clara Barros - Ampla concorrência
2024-06-27 17:35:03,932 - Melina Cassiano - Ampla concorrência
2024-06-27 17:35:03,937 - Dra. Ana Laura Vieira - Ampla concorrência
2024-06-27 17:35:03,941 - Manuella Sampaio - Ampla concorrência
2024-06-27 17:35:03,945 - Dra. Maria Alice Sales - Ampla concorrência
2024-06-27 17:35:03,949 - Fim da turma.
2024-06-27 17:35:03,949 - 
2024-06-27 17:35:03,949 - 
2024-06-27 17:35:03,949 - 
2024-06-27 17:35:03,949 - 
2024-06-27 17:35:03,949 - 
2024-06-27 17:35:03,949 - Turma: Design e Modelagem 3D: Módulo 01 - Qua e Sex - 13:10 - 14:20
2024-06-27 17:35:03,951 - Sophia da Rocha - Cota
2024-06-27 17:35:03,956 - Mariane Moraes - Cota
2024-06-27 17:35:03,960 - Théo Vargas - Cota
2024-06-27 17:35:03,967 - Isabelly Porto - Ampla concorrência
2024-06-27 17:35:03,972 - Sr. Mateus Pastor - Ampla concorrência
2024-06-27 17:35:03,977 - Dra. Fernanda Pacheco - Ampla concorrência
2024-06-27 17:35:03,981 - Calebe Cirino - Ampla concorrência
2024-06-27 17:35:03,985 - Mariah Correia - Ampla concorrência
2024-06-27 17:35:03,989 - Sr. Fernando da Conceição - Ampla concorrência
2024-06-27 17:35:03,994 - Sra. Júlia da Cunha - Ampla concorrência
2024-06-27 17:35:03,998 - Antonella Gomes - Ampla concorrência
2024-06-27 17:35:04,003 - Srta. Maria Alice Aragão - Ampla concorrência
2024-06-27 17:35:04,007 - Fim da turma.
2024-06-27 17:35:04,007 - 
2024-06-27 17:35:04,008 - 
2024-06-27 17:35:04,008 - 
2024-06-27 17:35:04,008 - 
2024-06-27 17:35:04,008 - 
2024-06-27 17:35:04,008 - Turma: Design e Modelagem 3D: Módulo 02 - Ter e Qui - 10:00 - 12:10
2024-06-27 17:35:04,011 - Dra. Lorena Sales - Cota
2024-06-27 17:35:04,016 - Luiz Henrique Novais - Cota
2024-06-27 17:35:04,021 - Júlia Peixoto - Cota
2024-06-27 17:35:04,029 - Ana Beatriz Guerra - Ampla concorrência
2024-06-27 17:35:04,034 - Daniel Moraes - Ampla concorrência
2024-06-27 17:35:04,038 - Benicio Vasconcelos - Ampla concorrência
2024-06-27 17:35:04,043 - Clarice Correia - Ampla concorrência
2024-06-27 17:35:04,047 - Cecilia Cavalcanti - Ampla concorrência
2024-06-27 17:35:04,051 - Ana Cecília Moraes - Ampla concorrência
2024-06-27 17:35:04,055 - Marcelo Câmara - Ampla concorrência
2024-06-27 17:35:04,059 - Larissa Cavalcante - Ampla concorrência
2024-06-27 17:35:04,063 - Lucas Gabriel Araújo - Ampla concorrência
2024-06-27 17:35:04,068 - Fim da turma.
2024-06-27 17:35:04,068 - 
2024-06-27 17:35:04,068 - 
2024-06-27 17:35:04,068 - 
2024-06-27 17:35:04,068 - 
2024-06-27 17:35:04,068 - 
2024-06-27 17:35:04,068 - Turma: Design e Modelagem 3D: Módulo 02 - Ter e Qui - 14:40 - 16:50
2024-06-27 17:35:04,070 - Marina Guerra - Cota
2024-06-27 17:35:04,074 - Theo Camargo - Cota
2024-06-27 17:35:04,079 - Luna Sales - Cota
2024-06-27 17:35:04,086 - Dra. Ana Cecília Vasconcelos - Ampla concorrência
2024-06-27 17:35:04,091 - Gustavo Montenegro - Ampla concorrência
2024-06-27 17:35:04,096 - Mateus Garcia - Ampla concorrência
2024-06-27 17:35:04,100 - Gustavo Henrique Ribeiro - Ampla concorrência
2024-06-27 17:35:04,104 - Maria Laura Caldeira - Ampla concorrência
2024-06-27 17:35:04,108 - Matheus Moraes - Ampla concorrência
2024-06-27 17:35:04,112 - Giovanna Mendes - Ampla concorrência
2024-06-27 17:35:04,116 - Dr. João Fonseca - Ampla concorrência
2024-06-27 17:35:04,120 - Srta. Larissa Costa - Ampla concorrência
2024-06-27 17:35:04,125 - Fim da turma.
2024-06-27 17:35:04,125 - 
2024-06-27 17:35:04,125 - 
2024-06-27 17:35:04,125 - 
2024-06-27 17:35:04,125 - 
2024-06-27 17:35:04,125 - 
2024-06-27 17:35:04,125 - Turma: Design e Modelagem 3D: Módulo 02 - Ter e Qui - 18:20 - 20:30
2024-06-27 17:35:04,126 - Srta. Maitê da Rocha - Cota
2024-06-27 17:35:04,131 - Rebeca Jesus - Cota
2024-06-27 17:35:04,135 - Beatriz Moreira - Cota
2024-06-27 17:35:04,142 - Sr. Lucas Barbosa - Ampla concorrência
2024-06-27 17:35:04,147 - Sr. Samuel Barros - Ampla concorrência
2024-06-27 17:35:04,151 - Marcelo Sampaio - Ampla concorrência
2024-06-27 17:35:04,155 - Olivia Costela - Ampla concorrência
2024-06-27 17:35:04,160 - Maria Laura da Conceição - Ampla concorrência
2024-06-27 17:35:04,164 - Breno Alves - Ampla concorrência
2024-06-27 17:35:04,168 - Sr. Davi Lucas Garcia - Ampla concorrência
2024-06-27 17:35:04,173 - Dra. Zoe Cardoso - Ampla concorrência
2024-06-27 17:35:04,177 - Clarice Oliveira - Ampla concorrência
2024-06-27 17:35:04,180 - Fim da turma.
2024-06-27 17:35:04,180 - 
2024-06-27 17:35:04,180 - 
2024-06-27 17:35:04,180 - 
2024-06-27 17:35:04,180 - 
2024-06-27 17:35:04,181 - 
2024-06-27 17:35:04,181 - Turma: Design e Modelagem 3D: Módulo 02 - Qua e Sex - 08:40 - 10:50
2024-06-27 17:35:04,182 - Miguel Aparecida - Cota
2024-06-27 17:35:04,187 - Isabella Andrade - Cota
2024-06-27 17:35:04,192 - Ana Laura Teixeira - Cota
2024-06-27 17:35:04,198 - José Pedro Gomes - Ampla concorrência
2024-06-27 17:35:04,203 - Rafael Brito - Ampla concorrência
2024-06-27 17:35:04,208 - Aurora Melo - Ampla concorrência
2024-06-27 17:35:04,213 - Carlos Eduardo Novais - Ampla concorrência
2024-06-27 17:35:04,217 - João Porto - Ampla concorrência
2024-06-27 17:35:04,221 - Srta. Ísis Araújo - Ampla concorrência
2024-06-27 17:35:04,226 - Sra. Raquel Ribeiro - Ampla concorrência
2024-06-27 17:35:04,230 - Srta. Raquel da Luz - Ampla concorrência
2024-06-27 17:35:04,235 - Anthony Cunha - Ampla concorrência
2024-06-27 17:35:04,239 - Fim da turma.
2024-06-27 17:35:04,239 - 
2024-06-27 17:35:04,239 - 
2024-06-27 17:35:04,239 - 
2024-06-27 17:35:04,239 - 
2024-06-27 17:35:04,239 - 
2024-06-27 17:35:04,239 - Turma: Design e Modelagem 3D: Módulo 02 - Qua e Sex - 14:30 - 16:40
2024-06-27 17:35:04,241 - Brenda Alves - Cota
2024-06-27 17:35:04,245 - Maitê Duarte - Cota
2024-06-27 17:35:04,249 - João Pedro Macedo - Cota
2024-06-27 17:35:04,256 - Gabriel Nascimento - Ampla concorrência
2024-06-27 17:35:04,261 - Olivia Pires - Ampla concorrência
2024-06-27 17:35:04,265 - Juliana Viana - Ampla concorrência
2024-06-27 17:35:04,269 - Sr. Enrico da Cruz - Ampla concorrência
2024-06-27 17:35:04,273 - Sr. Carlos Eduardo Sales - Ampla concorrência
2024-06-27 17:35:04,277 - Dr. Ravi da Paz - Ampla concorrência
2024-06-27 17:35:04,281 - Luana Andrade - Ampla concorrência
2024-06-27 17:35:04,285 - Juan Pires - Ampla concorrência
2024-06-27 17:35:04,288 - Raquel Garcia - Ampla concorrência
2024-06-27 17:35:04,293 - Fim da turma.
2024-06-27 17:35:04,293 - 
2024-06-27 17:35:04,293 - 
2024-06-27 17:35:04,293 - 
2024-06-27 17:35:04,293 - 
2024-06-27 17:35:04,293 - 
2024-06-27 17:35:04,293 - Turma: Gestão de Pessoas - Terça - 13:00 - 16:00
2024-06-27 17:35:04,294 - Marcos Vinicius Sá - Cota
2024-06-27 17:35:04,300 - Heitor Novaes - Cota
2024-06-27 17:35:04,305 - Ana Júlia Barbosa - Cota
2024-06-27 17:35:04,309 - Fernanda Camargo - Cota
2024-06-27 17:35:04,312 - Yago Macedo - Cota
2024-06-27 17:35:04,317 - Dra. Lunna Teixeira - Cota
2024-06-27 17:35:04,322 - Arthur da Luz - Cota
2024-06-27 17:35:04,328 - Dr. Oliver Rezende - Ampla concorrência
2024-06-27 17:35:04,333 - Thomas Caldeira - Ampla concorrência
2024-06-27 17:35:04,337 - Mirella da Paz - Ampla concorrência
2024-06-27 17:35:04,342 - Matteo Azevedo - Ampla concorrência
2024-06-27 17:35:04,346 - Otávio Camargo - Ampla concorrência
2024-06-27 17:35:04,350 - Eloá Freitas - Ampla concorrência
2024-06-27 17:35:04,354 - Renan das Neves - Ampla concorrência
2024-06-27 17:35:04,359 - Dr. Pietro Rios - Ampla concorrência
2024-06-27 17:35:04,363 - Pedro Miguel Cirino - Ampla concorrência
2024-06-27 17:35:04,368 - Vicente Costa - Ampla concorrência
2024-06-27 17:35:04,371 - Fernando Monteiro - Ampla concorrência
2024-06-27 17:35:04,375 - Dr. Pedro Freitas - Ampla concorrência
2024-06-27 17:35:04,380 - Rafaela Novaes - Ampla concorrência
2024-06-27 17:35:04,384 - Arthur Miguel Pimenta - Ampla concorrência
2024-06-27 17:35:04,388 - Caio Araújo - Ampla concorrência
2024-06-27 17:35:04,393 - Leonardo Vieira - Ampla concorrência
2024-06-27 17:35:04,397 - Yasmin Fonseca - Ampla concorrência
2024-06-27 17:35:04,401 - Luiz Henrique Guerra - Ampla concorrência
2024-06-27 17:35:04,405 - Fim da turma.
2024-06-27 17:35:04,406 - 
2024-06-27 17:35:04,406 - 
2024-06-27 17:35:04,406 - 
2024-06-27 17:35:04,406 - 
2024-06-27 17:35:04,406 - 
2024-06-27 17:35:04,406 - Turma: Gestão de Pessoas - Quinta - 09:00 - 12:00
2024-06-27 17:35:04,407 - Dra. Amanda Porto - Cota
2024-06-27 17:35:04,411 - Luiz Fernando Santos - Cota
2024-06-27 17:35:04,416 - Dr. Vicente Lopes - Cota
2024-06-27 17:35:04,420 - Augusto Silva - Cota
2024-06-27 17:35:04,424 - Luiz Fernando Nogueira - Cota
2024-06-27 17:35:04,429 - Gabrielly Alves - Cota
2024-06-27 17:35:04,432 - Davi Lucca Nascimento - Cota
2024-06-27 17:35:04,439 - Arthur Gabriel Novais - Ampla concorrência
2024-06-27 17:35:04,444 - Igor Barros - Ampla concorrência
2024-06-27 17:35:04,448 - Bryan Nunes - Ampla concorrência
2024-06-27 17:35:04,452 - Catarina Cavalcante - Ampla concorrência
2024-06-27 17:35:04,457 - Evelyn Siqueira - Ampla concorrência
2024-06-27 17:35:04,461 - Caio Gomes - Ampla concorrência
2024-06-27 17:35:04,465 - Laís Moreira - Ampla concorrência
2024-06-27 17:35:04,469 - Dr. Nicolas da Rosa - Ampla concorrência
2024-06-27 17:35:04,473 - Maitê Azevedo - Ampla concorrência
2024-06-27 17:35:04,477 - João Felipe Silva - Ampla concorrência
2024-06-27 17:35:04,482 - Ana Luiza Abreu - Ampla concorrência
2024-06-27 17:35:04,486 - João Pedro Vargas - Ampla concorrência
2024-06-27 17:35:04,490 - Luana Ferreira - Ampla concorrência
2024-06-27 17:35:04,494 - Maysa da Conceição - Ampla concorrência
2024-06-27 17:35:04,498 - Dr. Rafael Campos - Ampla concorrência
2024-06-27 17:35:04,502 - Bento Monteiro - Ampla concorrência
2024-06-27 17:35:04,506 - Oliver Sousa - Ampla concorrência
2024-06-27 17:35:04,510 - Srta. Maitê Lopes - Ampla concorrência
2024-06-27 17:35:04,515 - Fim da turma.
2024-06-27 17:35:04,515 - 
2024-06-27 17:35:04,515 - 
2024-06-27 17:35:04,515 - 
2024-06-27 17:35:04,515 - 
2024-06-27 17:35:04,515 - 
2024-06-27 17:35:04,515 - Turma: Gestão de Pessoas - Quinta - 17:30 - 20:30
2024-06-27 17:35:04,517 - Rebeca Siqueira - Cota
2024-06-27 17:35:04,521 - Olivia da Costa - Cota
2024-06-27 17:35:04,525 - Enrico da Conceição - Cota
2024-06-27 17:35:04,530 - Srta. Ísis Moraes - Cota
2024-06-27 17:35:04,534 - Anthony Gabriel Barros - Cota
2024-06-27 17:35:04,539 - Emilly Câmara - Cota
2024-06-27 17:35:04,543 - Otávio Dias - Cota
2024-06-27 17:35:04,550 - Matteo Moreira - Ampla concorrência
2024-06-27 17:35:04,556 - Stella Souza - Ampla concorrência
2024-06-27 17:35:04,562 - Eduardo Costa - Ampla concorrência
2024-06-27 17:35:04,567 - Breno Viana - Ampla concorrência
2024-06-27 17:35:04,571 - Evelyn Freitas - Ampla concorrência
2024-06-27 17:35:04,577 - Dr. Francisco Santos - Ampla concorrência
2024-06-27 17:35:04,582 - Isabel Fogaça - Ampla concorrência
2024-06-27 17:35:04,588 - Stella Sá - Ampla concorrência
2024-06-27 17:35:04,593 - Ravi da Rocha - Ampla concorrência
2024-06-27 17:35:04,600 - Ana Laura Brito - Ampla concorrência
2024-06-27 17:35:04,604 - Srta. Emilly Andrade - Ampla concorrência
2024-06-27 17:35:04,609 - Dra. Maria Clara Caldeira - Ampla concorrência
2024-06-27 17:35:04,614 - Sra. Emanuelly Abreu - Ampla concorrência
2024-06-27 17:35:04,619 - Srta. Luna Sales - Ampla concorrência
2024-06-27 17:35:04,625 - Miguel Ferreira - Ampla concorrência
2024-06-27 17:35:04,629 - Heloísa Correia - Ampla concorrência
2024-06-27 17:35:04,634 - Maria Fernanda Fonseca - Ampla concorrência
2024-06-27 17:35:04,640 - Henry Macedo - Ampla concorrência
2024-06-27 17:35:04,646 - Fim da turma.
2024-06-27 17:35:04,646 - 
2024-06-27 17:35:04,646 - 
2024-06-27 17:35:04,646 - 
2024-06-27 17:35:04,646 - 
2024-06-27 17:35:04,646 - 
2024-06-27 17:35:04,646 - Turma: Gestão de Pessoas - Sexta - 13:00 - 16:00
2024-06-27 17:35:04,648 - Dr. João Felipe da Cruz - Cota
2024-06-27 17:35:04,653 - José Miguel Porto - Cota
2024-06-27 17:35:04,658 - Milena Camargo - Cota
2024-06-27 17:35:04,663 - Kevin Moraes - Cota
2024-06-27 17:35:04,667 - Raquel Fernandes - Cota
2024-06-27 17:35:04,673 - Luiz Felipe da Conceição - Cota
2024-06-27 17:35:04,678 - Maria Cecília da Cunha - Cota
2024-06-27 17:35:04,685 - Maria Flor Pimenta - Ampla concorrência
2024-06-27 17:35:04,691 - Isaac da Mata - Ampla concorrência
2024-06-27 17:35:04,696 - Rodrigo Porto - Ampla concorrência
2024-06-27 17:35:04,701 - Valentim Lima - Ampla concorrência
2024-06-27 17:35:04,706 - Enzo Albuquerque - Ampla concorrência
2024-06-27 17:35:04,712 - Pedro Henrique da Cunha - Ampla concorrência
2024-06-27 17:35:04,716 - Vitória Nunes - Ampla concorrência
2024-06-27 17:35:04,720 - Lorena Azevedo - Ampla concorrência
2024-06-27 17:35:04,726 - Ayla Cavalcante - Ampla concorrência
2024-06-27 17:35:04,731 - Ana Liz Lopes - Ampla concorrência
2024-06-27 17:35:04,735 - Gabrielly Guerra - Ampla concorrência
2024-06-27 17:35:04,740 - Dra. Marina Costela - Ampla concorrência
2024-06-27 17:35:04,745 - Ryan Aparecida - Ampla concorrência
2024-06-27 17:35:04,749 - Agatha Montenegro - Ampla concorrência
2024-06-27 17:35:04,753 - Catarina Fernandes - Ampla concorrência
2024-06-27 17:35:04,759 - Cecilia Almeida - Ampla concorrência
2024-06-27 17:35:04,764 - Yago Mendonça - Ampla concorrência
2024-06-27 17:35:04,768 - Emanuelly Dias - Ampla concorrência
2024-06-27 17:35:04,773 - Fim da turma.
2024-06-27 17:35:04,773 - 
2024-06-27 17:35:04,773 - 
2024-06-27 17:35:04,774 - 
2024-06-27 17:35:04,774 - 
2024-06-27 17:35:04,774 - 
2024-06-27 17:35:04,774 - Turma: Educação Financeira - Terça - 09:00 - 12:00
2024-06-27 17:35:04,776 - Bárbara Monteiro - Cota
2024-06-27 17:35:04,782 - Mariah Casa Grande - Cota
2024-06-27 17:35:04,787 - Thiago Cavalcante - Cota
2024-06-27 17:35:04,793 - Dr. Paulo Novais - Cota
2024-06-27 17:35:04,798 - Laura das Neves - Cota
2024-06-27 17:35:04,802 - Clara Novais - Cota
2024-06-27 17:35:04,807 - Cecilia Montenegro - Cota
2024-06-27 17:35:04,816 - Sr. Lucca Nogueira - Ampla concorrência
2024-06-27 17:35:04,821 - Ana Sophia Garcia - Ampla concorrência
2024-06-27 17:35:04,827 - Lorenzo Cassiano - Ampla concorrência
2024-06-27 17:35:04,832 - Heloísa Vieira - Ampla concorrência
2024-06-27 17:35:04,837 - Brenda Caldeira - Ampla concorrência
2024-06-27 17:35:04,842 - Vitor Correia - Ampla concorrência
2024-06-27 17:35:04,848 - Anthony Gabriel Fogaça - Ampla concorrência
2024-06-27 17:35:04,853 - Vitor Hugo Cirino - Ampla concorrência
2024-06-27 17:35:04,859 - Dra. Hadassa Cavalcante - Ampla concorrência
2024-06-27 17:35:04,864 - Sra. Lara Cassiano - Ampla concorrência
2024-06-27 17:35:04,869 - João Miguel Silveira - Ampla concorrência
2024-06-27 17:35:04,875 - Sr. André Aragão - Ampla concorrência
2024-06-27 17:35:04,882 - Ana Julia Mendes - Ampla concorrência
2024-06-27 17:35:04,887 - Benjamin Borges - Ampla concorrência
2024-06-27 17:35:04,894 - André Almeida - Ampla concorrência
2024-06-27 17:35:04,900 - Brenda Gonçalves - Ampla concorrência
2024-06-27 17:35:04,905 - Thomas da Mota - Ampla concorrência
2024-06-27 17:35:04,912 - Ana Cecília Casa Grande - Ampla concorrência
2024-06-27 17:35:04,918 - Fim da turma.
2024-06-27 17:35:04,918 - 
2024-06-27 17:35:04,918 - 
2024-06-27 17:35:04,918 - 
2024-06-27 17:35:04,918 - 
2024-06-27 17:35:04,918 - 
2024-06-27 17:35:04,918 - Turma: Educação Financeira - Terça - 17:30 - 20:30
2024-06-27 17:35:04,920 - Ana Julia da Cunha - Cota
2024-06-27 17:35:04,926 - Milena da Conceição - Cota
2024-06-27 17:35:04,931 - Renan Nunes - Cota
2024-06-27 17:35:04,937 - Maitê Abreu - Cota
2024-06-27 17:35:04,943 - Mathias Silveira - Cota
2024-06-27 17:35:04,947 - Julia da Mota - Cota
2024-06-27 17:35:04,952 - Gabriela Novais - Cota
2024-06-27 17:35:04,961 - Anthony Gabriel Cunha - Ampla concorrência
2024-06-27 17:35:04,965 - Sra. Ana Sophia Teixeira - Ampla concorrência
2024-06-27 17:35:04,970 - Maria Pacheco - Ampla concorrência
2024-06-27 17:35:04,975 - Luiz Henrique Carvalho - Ampla concorrência
2024-06-27 17:35:04,980 - Anthony Gabriel da Cruz - Ampla concorrência
2024-06-27 17:35:04,984 - Luiz Felipe Pires - Ampla concorrência
2024-06-27 17:35:04,989 - Srta. Yasmin Freitas - Ampla concorrência
2024-06-27 17:35:04,994 - Sr. Pedro Costela - Ampla concorrência
2024-06-27 17:35:04,999 - Sr. Lorenzo Cassiano - Ampla concorrência
2024-06-27 17:35:05,003 - Benicio Nascimento - Ampla concorrência
2024-06-27 17:35:05,009 - Léo Almeida - Ampla concorrência
2024-06-27 17:35:05,014 - Calebe Ramos - Ampla concorrência
2024-06-27 17:35:05,019 - Eloá Mendes - Ampla concorrência
2024-06-27 17:35:05,023 - Manuela Marques - Ampla concorrência
2024-06-27 17:35:05,029 - Danilo Rocha - Ampla concorrência
2024-06-27 17:35:05,033 - Danilo Cunha - Ampla concorrência
2024-06-27 17:35:05,037 - Eloá Novais - Ampla concorrência
2024-06-27 17:35:05,043 - Dra. Bianca Freitas - Ampla concorrência
2024-06-27 17:35:05,048 - Fim da turma.
2024-06-27 17:35:05,048 - 
2024-06-27 17:35:05,048 - 
2024-06-27 17:35:05,048 - 
2024-06-27 17:35:05,048 - 
2024-06-27 17:35:05,048 - 
2024-06-27 17:35:05,048 - Turma: Educação Financeira - Quinta - 13:00 - 16:00
2024-06-27 17:35:05,050 - Agatha Correia - Cota
2024-06-27 17:35:05,056 - Sr. Nicolas Azevedo - Cota
2024-06-27 17:35:05,062 - José Miguel Cavalcanti - Cota
2024-06-27 17:35:05,067 - Hadassa Farias - Cota
2024-06-27 17:35:05,072 - Isabela Albuquerque - Cota
2024-06-27 17:35:05,078 - Ana Vitória Cunha - Cota
2024-06-27 17:35:05,083 - Luiz Fernando Brito - Cota
2024-06-27 17:35:05,091 - Kamilly Peixoto - Ampla concorrência
2024-06-27 17:35:05,097 - Diogo Marques - Ampla concorrência
2024-06-27 17:35:05,101 - Lorenzo Lopes - Ampla concorrência
2024-06-27 17:35:05,107 - Emanuella Oliveira - Ampla concorrência
2024-06-27 17:35:05,113 - Juan Novaes - Ampla concorrência
2024-06-27 17:35:05,117 - Luiz Henrique Fernandes - Ampla concorrência
2024-06-27 17:35:05,122 - Dr. Yago Silveira - Ampla concorrência
2024-06-27 17:35:05,157 - Elisa Siqueira - Ampla concorrência
2024-06-27 17:35:05,177 - Otto Mendonça - Ampla concorrência
2024-06-27 17:35:05,183 - Raquel Moreira - Ampla concorrência
2024-06-27 17:35:05,187 - Sra. Mariane Nascimento - Ampla concorrência
2024-06-27 17:35:05,193 - Cauã Câmara - Ampla concorrência
2024-06-27 17:35:05,197 - Maria Luísa da Costa - Ampla concorrência
2024-06-27 17:35:05,202 - Felipe Azevedo - Ampla concorrência
2024-06-27 17:35:05,207 - João Pedro Carvalho - Ampla concorrência
2024-06-27 17:35:05,212 - Maria Cecília Sales - Ampla concorrência
2024-06-27 17:35:05,216 - Isabel Moraes - Ampla concorrência
2024-06-27 17:35:05,220 - Emanuella Ramos - Ampla concorrência
2024-06-27 17:35:05,227 - Fim da turma.
2024-06-27 17:35:05,227 - 
2024-06-27 17:35:05,227 - 
2024-06-27 17:35:05,227 - 
2024-06-27 17:35:05,227 - 
2024-06-27 17:35:05,227 - 
2024-06-27 17:35:05,227 - Turma: Educação Financeira - Sexta - 09:00 - 12:00
2024-06-27 17:35:05,229 - Ravy das Neves - Cota
2024-06-27 17:35:05,234 - Sarah Nunes - Cota
2024-06-27 17:35:05,239 - Stella Cunha - Cota
2024-06-27 17:35:05,247 - Lunna Abreu - Cota
2024-06-27 17:35:05,255 - Luiz Gustavo Pastor - Cota
2024-06-27 17:35:05,263 - João Vitor Rocha - Cota
2024-06-27 17:35:05,270 - Dra. Ana Julia Porto - Cota
2024-06-27 17:35:05,278 - Bella Machado - Ampla concorrência
2024-06-27 17:35:05,283 - Augusto Sá - Ampla concorrência
2024-06-27 17:35:05,288 - Pedro Lucas Novaes - Ampla concorrência
2024-06-27 17:35:05,295 - Fernando Campos - Ampla concorrência
2024-06-27 17:35:05,300 - Maria Gomes - Ampla concorrência
2024-06-27 17:35:05,304 - Dra. Giovanna Mendonça - Ampla concorrência
2024-06-27 17:35:05,310 - Luan Lopes - Ampla concorrência
2024-06-27 17:35:05,315 - Eduarda Andrade - Ampla concorrência
2024-06-27 17:35:05,320 - Sr. Fernando Rezende - Ampla concorrência
2024-06-27 17:35:05,324 - Lorena Rodrigues - Ampla concorrência
2024-06-27 17:35:05,330 - Dr. Benjamim Gomes - Ampla concorrência
2024-06-27 17:35:05,335 - Amanda Monteiro - Ampla concorrência
2024-06-27 17:35:05,338 - Marcos Vinicius da Cruz - Ampla concorrência
2024-06-27 17:35:05,344 - Maria Eduarda Araújo - Ampla concorrência
2024-06-27 17:35:05,349 - Pietro Silveira - Ampla concorrência
2024-06-27 17:35:05,354 - Maria Vitória Mendes - Ampla concorrência
2024-06-27 17:35:05,359 - Sra. Emilly Rodrigues - Ampla concorrência
2024-06-27 17:35:05,364 - Asafe da Rocha - Ampla concorrência
2024-06-27 17:35:05,368 - Fim da turma.
2024-06-27 17:35:05,369 - 
2024-06-27 17:35:05,369 - 
2024-06-27 17:35:05,369 - 
2024-06-27 17:35:05,369 - 
2024-06-27 17:35:05,369 - 
2024-06-27 17:35:05,369 - Turma: Marketing Digital - Segunda - 09:00 - 12:00
2024-06-27 17:35:05,370 - Dra. Maria Luísa Pires - Cota
2024-06-27 17:35:05,377 - Larissa Brito - Cota
2024-06-27 17:35:05,382 - Dr. Brayan Fernandes - Cota
2024-06-27 17:35:05,386 - Luana Novais - Cota
2024-06-27 17:35:05,391 - Dra. Maria Vitória Jesus - Cota
2024-06-27 17:35:05,395 - Davi Lucas Nunes - Cota
2024-06-27 17:35:05,399 - Maria Luiza Vargas - Cota
2024-06-27 17:35:05,406 - Amanda Silveira - Ampla concorrência
2024-06-27 17:35:05,410 - Júlia Correia - Ampla concorrência
2024-06-27 17:35:05,414 - Joana Garcia - Ampla concorrência
2024-06-27 17:35:05,419 - Isaac Jesus - Ampla concorrência
2024-06-27 17:35:05,423 - Luísa Moraes - Ampla concorrência
2024-06-27 17:35:05,427 - Alana Rodrigues - Ampla concorrência
2024-06-27 17:35:05,431 - Alana Nunes - Ampla concorrência
2024-06-27 17:35:05,436 - Yuri Melo - Ampla concorrência
2024-06-27 17:35:05,440 - Maria Julia Campos - Ampla concorrência
2024-06-27 17:35:05,445 - Srta. Sophie Mendes - Ampla concorrência
2024-06-27 17:35:05,448 - Bruno da Luz - Ampla concorrência
2024-06-27 17:35:05,453 - Srta. Catarina Garcia - Ampla concorrência
2024-06-27 17:35:05,457 - Maria Flor Barbosa - Ampla concorrência
2024-06-27 17:35:05,462 - Enrico Sá - Ampla concorrência
2024-06-27 17:35:05,467 - Antonella Aragão - Ampla concorrência
2024-06-27 17:35:05,471 - Ágatha Vieira - Ampla concorrência
2024-06-27 17:35:05,475 - Dra. Ágatha Peixoto - Ampla concorrência
2024-06-27 17:35:05,480 - Mariah Marques - Ampla concorrência
2024-06-27 17:35:05,485 - Fim da turma.
2024-06-27 17:35:05,485 - 
2024-06-27 17:35:05,485 - 
2024-06-27 17:35:05,485 - 
2024-06-27 17:35:05,485 - 
2024-06-27 17:35:05,485 - 
2024-06-27 17:35:05,485 - Turma: Marketing Digital - Segunda - 17:30 - 20:30
2024-06-27 17:35:05,486 - Antony Abreu - Cota
2024-06-27 17:35:05,491 - Luiz Henrique Martins - Cota
2024-06-27 17:35:05,496 - Alana Camargo - Cota
2024-06-27 17:35:05,500 - Liam Cirino - Cota
2024-06-27 17:35:05,505 - Dr. Noah Moraes - Cota
2024-06-27 17:35:05,510 - Yago Barros - Cota
2024-06-27 17:35:05,513 - Miguel Teixeira - Cota
2024-06-27 17:35:05,520 - Sophia Moraes - Ampla concorrência
2024-06-27 17:35:05,524 - Amanda Andrade - Ampla concorrência
2024-06-27 17:35:05,529 - Theo Teixeira - Ampla concorrência
2024-06-27 17:35:05,533 - Lorena Lopes - Ampla concorrência
2024-06-27 17:35:05,537 - Ágatha Mendonça - Ampla concorrência
2024-06-27 17:35:05,541 - Maysa Almeida - Ampla concorrência
2024-06-27 17:35:05,545 - Elisa Moraes - Ampla concorrência
2024-06-27 17:35:05,550 - Caio Pinto - Ampla concorrência
2024-06-27 17:35:05,554 - Luiza Ferreira - Ampla concorrência
2024-06-27 17:35:05,558 - Miguel Freitas - Ampla concorrência
2024-06-27 17:35:05,562 - Ana Júlia Marques - Ampla concorrência
2024-06-27 17:35:05,566 - Arthur Gabriel Sousa - Ampla concorrência
2024-06-27 17:35:05,571 - Stella Vasconcelos - Ampla concorrência
2024-06-27 17:35:05,575 - Dra. Júlia Pimenta - Ampla concorrência
2024-06-27 17:35:05,579 - Leonardo Ramos - Ampla concorrência
2024-06-27 17:35:05,583 - Breno Pastor - Ampla concorrência
2024-06-27 17:35:05,588 - Juliana da Rosa - Ampla concorrência
2024-06-27 17:35:05,592 - Bella Borges - Ampla concorrência
2024-06-27 17:35:05,596 - Fim da turma.
2024-06-27 17:35:05,596 - 
2024-06-27 17:35:05,596 - 
2024-06-27 17:35:05,596 - 
2024-06-27 17:35:05,596 - 
2024-06-27 17:35:05,596 - 
2024-06-27 17:35:05,597 - Turma: Marketing Digital - Quarta - 13:00 - 16:00
2024-06-27 17:35:05,598 - Manuela Cassiano - Cota
2024-06-27 17:35:05,602 - Mateus da Mata - Cota
2024-06-27 17:35:05,607 - Dr. Paulo Sampaio - Cota
2024-06-27 17:35:05,611 - Enzo Gabriel Peixoto - Cota
2024-06-27 17:35:05,615 - Ana Carolina Oliveira - Cota
2024-06-27 17:35:05,619 - Helena Novaes - Cota
2024-06-27 17:35:05,624 - Rael Casa Grande - Cota
2024-06-27 17:35:05,631 - Olivia Martins - Ampla concorrência
2024-06-27 17:35:05,635 - Luiz Gustavo Caldeira - Ampla concorrência
2024-06-27 17:35:05,639 - Maria Laura da Cruz - Ampla concorrência
2024-06-27 17:35:05,643 - Maria Laura Silveira - Ampla concorrência
2024-06-27 17:35:05,647 - Bruna Gonçalves - Ampla concorrência
2024-06-27 17:35:05,652 - Lorena Lopes - Ampla concorrência
2024-06-27 17:35:05,656 - Helena da Rosa - Ampla concorrência
2024-06-27 17:35:05,660 - Maria Laura Andrade - Ampla concorrência
2024-06-27 17:35:05,664 - Mateus Moreira - Ampla concorrência
2024-06-27 17:35:05,668 - Evelyn Rezende - Ampla concorrência
2024-06-27 17:35:05,672 - Isabella da Mota - Ampla concorrência
2024-06-27 17:35:05,677 - Dr. Benjamim Sousa - Ampla concorrência
2024-06-27 17:35:05,681 - Dr. Vitor Gabriel da Mota - Ampla concorrência
2024-06-27 17:35:05,685 - Ayla Gonçalves - Ampla concorrência
2024-06-27 17:35:05,689 - Kamilly Vieira - Ampla concorrência
2024-06-27 17:35:05,694 - Paulo Araújo - Ampla concorrência
2024-06-27 17:35:05,697 - Gabriela Santos - Ampla concorrência
2024-06-27 17:35:05,701 - Vinícius da Mota - Ampla concorrência
2024-06-27 17:35:05,707 - Fim da turma.
2024-06-27 17:35:05,707 - 
2024-06-27 17:35:05,707 - 
2024-06-27 17:35:05,707 - 
2024-06-27 17:35:05,707 - 
2024-06-27 17:35:05,707 - 
2024-06-27 17:35:05,707 - Turma: Marketing Digital - Sexta - 17:30 - 20:30
2024-06-27 17:35:05,709 - Ana Luiza Martins - Cota
2024-06-27 17:35:05,713 - Marcelo Garcia - Cota
2024-06-27 17:35:05,717 - Valentina Araújo - Cota
2024-06-27 17:35:05,721 - João Miguel Gonçalves - Cota
2024-06-27 17:35:05,725 - Isabela Silveira - Cota
2024-06-27 17:35:05,729 - Isabelly Sá - Cota
2024-06-27 17:35:05,733 - Ravi Carvalho - Cota
2024-06-27 17:35:05,740 - Maria Eduarda Cirino - Ampla concorrência
2024-06-27 17:35:05,744 - Sara Farias - Ampla concorrência
2024-06-27 17:35:05,749 - Stella Almeida - Ampla concorrência
2024-06-27 17:35:05,753 - Clara Sampaio - Ampla concorrência
2024-06-27 17:35:05,758 - Marcelo Silva - Ampla concorrência
2024-06-27 17:35:05,762 - Apollo da Paz - Ampla concorrência
2024-06-27 17:35:05,766 - Lorena Viana - Ampla concorrência
2024-06-27 17:35:05,770 - Luna Garcia - Ampla concorrência
2024-06-27 17:35:05,775 - Sabrina Gonçalves - Ampla concorrência
2024-06-27 17:35:05,780 - Davi Lucca Araújo - Ampla concorrência
2024-06-27 17:35:05,784 - Augusto Câmara - Ampla concorrência
2024-06-27 17:35:05,789 - Pietro Siqueira - Ampla concorrência
2024-06-27 17:35:05,793 - Laís Machado - Ampla concorrência
2024-06-27 17:35:05,798 - Antônio Sampaio - Ampla concorrência
2024-06-27 17:35:05,802 - Luana Vargas - Ampla concorrência
2024-06-27 17:35:05,806 - Sra. Maria Luísa da Rocha - Ampla concorrência
2024-06-27 17:35:05,810 - Fernanda Macedo - Ampla concorrência
2024-06-27 17:35:05,814 - Eduarda Melo - Ampla concorrência
2024-06-27 17:35:05,818 - Fim da turma.
2024-06-27 17:35:05,819 - 
2024-06-27 17:35:05,819 - 
2024-06-27 17:35:05,819 - 
2024-06-27 17:35:05,819 - 
2024-06-27 17:35:05,819 - 
2024-06-27 17:35:05,819 - Turma: Marketing Empreendedor - Segunda - 13:00 - 16:00
2024-06-27 17:35:05,820 - Jade Ferreira - Cota
2024-06-27 17:35:05,825 - Sra. Maria Luiza Marques - Cota
2024-06-27 17:35:05,830 - Pietro Cassiano - Cota
2024-06-27 17:35:05,833 - Ana Beatriz Moreira - Cota
2024-06-27 17:35:05,838 - Evelyn Gomes - Cota
2024-06-27 17:35:05,842 - Rafael Abreu - Cota
2024-06-27 17:35:05,847 - Srta. Ana Liz Araújo - Cota
2024-06-27 17:35:05,853 - Guilherme da Cruz - Ampla concorrência
2024-06-27 17:35:05,858 - Bárbara Souza - Ampla concorrência
2024-06-27 17:35:05,862 - Catarina Lopes - Ampla concorrência
2024-06-27 17:35:05,866 - Dr. Otávio Machado - Ampla concorrência
2024-06-27 17:35:05,870 - Rebeca Lopes - Ampla concorrência
2024-06-27 17:35:05,874 - Carlos Eduardo Siqueira - Ampla concorrência
2024-06-27 17:35:05,879 - Asafe Cunha - Ampla concorrência
2024-06-27 17:35:05,883 - Joana Ribeiro - Ampla concorrência
2024-06-27 17:35:05,887 - Henry Silva - Ampla concorrência
2024-06-27 17:35:05,892 - Maria Clara Almeida - Ampla concorrência
2024-06-27 17:35:05,896 - Bianca Sousa - Ampla concorrência
2024-06-27 17:35:05,900 - Cecília da Rocha - Ampla concorrência
2024-06-27 17:35:05,904 - Dra. Lara Campos - Ampla concorrência
2024-06-27 17:35:05,909 - Noah Garcia - Ampla concorrência
2024-06-27 17:35:05,913 - Eloah Cavalcanti - Ampla concorrência
2024-06-27 17:35:05,918 - Ryan Pimenta - Ampla concorrência
2024-06-27 17:35:05,922 - Cecilia Rodrigues - Ampla concorrência
2024-06-27 17:35:05,927 - Amanda da Conceição - Ampla concorrência
2024-06-27 17:35:05,931 - Fim da turma.
2024-06-27 17:35:05,931 - 
2024-06-27 17:35:05,931 - 
2024-06-27 17:35:05,931 - 
2024-06-27 17:35:05,931 - 
2024-06-27 17:35:05,931 - 
2024-06-27 17:35:05,931 - Turma: Marketing Empreendedor - Quarta - 09:00 - 12:00
2024-06-27 17:35:05,932 - Ágatha Camargo - Cota
2024-06-27 17:35:05,938 - Sr. Isaac Melo - Cota
2024-06-27 17:35:05,941 - Sr. Marcos Vinicius Sá - Cota
2024-06-27 17:35:05,945 - Cauã Moreira - Cota
2024-06-27 17:35:05,950 - Eloá Moraes - Cota
2024-06-27 17:35:05,954 - Isabela Teixeira - Cota
2024-06-27 17:35:05,958 - Dra. Sophia Monteiro - Cota
2024-06-27 17:35:05,965 - Bryan Siqueira - Ampla concorrência
2024-06-27 17:35:05,970 - Diogo Vargas - Ampla concorrência
2024-06-27 17:35:05,974 - Pedro Pinto - Ampla concorrência
2024-06-27 17:35:05,978 - Dr. Samuel da Rosa - Ampla concorrência
2024-06-27 17:35:05,982 - Srta. Maria Liz Carvalho - Ampla concorrência
2024-06-27 17:35:05,987 - Eduarda Almeida - Ampla concorrência
2024-06-27 17:35:05,991 - Maria Flor Ramos - Ampla concorrência
2024-06-27 17:35:05,995 - Sr. Lucas Gabriel da Luz - Ampla concorrência
2024-06-27 17:35:05,999 - Ana Laura Costa - Ampla concorrência
2024-06-27 17:35:06,003 - Nicole Cirino - Ampla concorrência
2024-06-27 17:35:06,007 - Sr. Eduardo Lopes - Ampla concorrência
2024-06-27 17:35:06,011 - Dra. Sophia Porto - Ampla concorrência
2024-06-27 17:35:06,015 - Arthur Cavalcante - Ampla concorrência
2024-06-27 17:35:06,020 - Ana Beatriz Aragão - Ampla concorrência
2024-06-27 17:35:06,024 - Sr. Asafe Caldeira - Ampla concorrência
2024-06-27 17:35:06,028 - Theodoro Sousa - Ampla concorrência
2024-06-27 17:35:06,032 - Dr. Juan Sousa - Ampla concorrência
2024-06-27 17:35:06,035 - Pedro da Paz - Ampla concorrência
2024-06-27 17:35:06,040 - Fim da turma.
2024-06-27 17:35:06,040 - 
2024-06-27 17:35:06,040 - 
2024-06-27 17:35:06,040 - 
2024-06-27 17:35:06,040 - 
2024-06-27 17:35:06,040 - 
2024-06-27 17:35:06,040 - Turma: Marketing Empreendedor - Quarta - 17:30 - 20:30
2024-06-27 17:35:06,042 - João Guilherme Rios - Cota
2024-06-27 17:35:06,046 - Amanda da Luz - Cota
2024-06-27 17:35:06,051 - Pedro da Rosa - Cota
2024-06-27 17:35:06,055 - Maria Eduarda da Cunha - Cota
2024-06-27 17:35:06,059 - Sr. Liam Correia - Cota
2024-06-27 17:35:06,063 - Dra. Aurora Fogaça - Cota
2024-06-27 17:35:06,067 - Sr. Augusto Costa - Cota
2024-06-27 17:35:06,074 - João Gabriel Borges - Ampla concorrência
2024-06-27 17:35:06,079 - Eloá Oliveira - Ampla concorrência
2024-06-27 17:35:06,082 - Manuela Pires - Ampla concorrência
2024-06-27 17:35:06,087 - Thales Montenegro - Ampla concorrência
2024-06-27 17:35:06,091 - Carolina Pereira - Ampla concorrência
2024-06-27 17:35:06,095 - Mariane Dias - Ampla concorrência
2024-06-27 17:35:06,100 - Carlos Eduardo Peixoto - Ampla concorrência
2024-06-27 17:35:06,104 - Antonella Lima - Ampla concorrência
2024-06-27 17:35:06,108 - Levi Machado - Ampla concorrência
2024-06-27 17:35:06,112 - Felipe Guerra - Ampla concorrência
2024-06-27 17:35:06,117 - Mariane Rodrigues - Ampla concorrência
2024-06-27 17:35:06,120 - Dr. Pedro Miguel Cavalcanti - Ampla concorrência
2024-06-27 17:35:06,125 - João Miguel Costa - Ampla concorrência
2024-06-27 17:35:06,129 - Maria Fernanda Cardoso - Ampla concorrência
2024-06-27 17:35:06,133 - Melina Gonçalves - Ampla concorrência
2024-06-27 17:35:06,142 - Rafaela Andrade - Ampla concorrência
2024-06-27 17:35:06,148 - Kevin Lima - Ampla concorrência
2024-06-27 17:35:06,153 - Eduarda Borges - Ampla concorrência
2024-06-27 17:35:06,157 - Fim da turma.
2024-06-27 17:35:06,157 - 
2024-06-27 17:35:06,157 - 
2024-06-27 17:35:06,157 - 
2024-06-27 17:35:06,158 - 
2024-06-27 17:35:06,158 - 
2024-06-27 17:35:06,158 - Turma: Marketing Empreendedor - Sexta - 13:00 - 16:00
2024-06-27 17:35:06,160 - Benicio Silva - Cota
2024-06-27 17:35:06,164 - Isabella Cavalcanti - Cota
2024-06-27 17:35:06,169 - Gabriel Sousa - Cota
2024-06-27 17:35:06,173 - Maria Monteiro - Cota
2024-06-27 17:35:06,177 - Dr. Felipe Pinto - Cota
2024-06-27 17:35:06,182 - Lucas Nunes - Cota
2024-06-27 17:35:06,186 - Camila Pimenta - Cota
2024-06-27 17:35:06,193 - Luna Rocha - Ampla concorrência
2024-06-27 17:35:06,199 - Luan Alves - Ampla concorrência
2024-06-27 17:35:06,203 - Sra. Allana Teixeira - Ampla concorrência
2024-06-27 17:35:06,208 - Mirella Mendonça - Ampla concorrência
2024-06-27 17:35:06,213 - Mariane Campos - Ampla concorrência
2024-06-27 17:35:06,217 - João Pedro Santos - Ampla concorrência
2024-06-27 17:35:06,221 - Evelyn Campos - Ampla concorrência
2024-06-27 17:35:06,225 - Pietra Siqueira - Ampla concorrência
2024-06-27 17:35:06,230 - Bárbara Sousa - Ampla concorrência
2024-06-27 17:35:06,233 - Sr. Gustavo Montenegro - Ampla concorrência
2024-06-27 17:35:06,238 - Sophie Fogaça - Ampla concorrência
2024-06-27 17:35:06,242 - Aylla Fernandes - Ampla concorrência
2024-06-27 17:35:06,247 - Dra. Emanuella Sá - Ampla concorrência
2024-06-27 17:35:06,251 - Nicolas Peixoto - Ampla concorrência
2024-06-27 17:35:06,255 - Lorena Araújo - Ampla concorrência
2024-06-27 17:35:06,259 - Rafael Gomes - Ampla concorrência
2024-06-27 17:35:06,263 - João Gabriel Duarte - Ampla concorrência
2024-06-27 17:35:06,268 - Paulo Montenegro - Ampla concorrência
2024-06-27 17:35:06,271 - Fim da turma.
2024-06-27 17:35:06,272 - 
2024-06-27 17:35:06,272 - 
2024-06-27 17:35:06,272 - 
2024-06-27 17:35:06,272 - 
2024-06-27 17:35:06,272 - 
2024-06-27 17:35:06,272 - Fim do sorteio
